ARM GAS  /tmp/ccjw4q1L.s 			page 1


   1              		.cpu cortex-m4
   2              		.eabi_attribute 27, 1
   3              		.eabi_attribute 28, 1
   4              		.eabi_attribute 20, 1
   5              		.eabi_attribute 21, 1
   6              		.eabi_attribute 23, 3
   7              		.eabi_attribute 24, 1
   8              		.eabi_attribute 25, 1
   9              		.eabi_attribute 26, 1
  10              		.eabi_attribute 30, 1
  11              		.eabi_attribute 34, 1
  12              		.eabi_attribute 18, 4
  13              		.file	"os_dbg.c"
  14              		.text
  15              	.Ltext0:
  16              		.cfi_sections	.debug_frame
  17              		.section	.text.OSDebugInit,"ax",%progbits
  18              		.align	1
  19              		.global	OSDebugInit
  20              		.arch armv7e-m
  21              		.syntax unified
  22              		.thumb
  23              		.thumb_func
  24              		.fpu fpv4-sp-d16
  26              	OSDebugInit:
  27              	.LFB0:
  28              		.file 1 "uCOSII/Ports/ARM-Cortex-M4/Generic/GNU/os_dbg.c"
   1:uCOSII/Ports/ARM-Cortex-M4/Generic/GNU/os_dbg.c **** /*
   2:uCOSII/Ports/ARM-Cortex-M4/Generic/GNU/os_dbg.c **** ***************************************************************************************************
   3:uCOSII/Ports/ARM-Cortex-M4/Generic/GNU/os_dbg.c **** *                                                uC/OS-II
   4:uCOSII/Ports/ARM-Cortex-M4/Generic/GNU/os_dbg.c **** *                                          The Real-Time Kernel
   5:uCOSII/Ports/ARM-Cortex-M4/Generic/GNU/os_dbg.c **** *                                           DEBUGGER CONSTANTS
   6:uCOSII/Ports/ARM-Cortex-M4/Generic/GNU/os_dbg.c **** *
   7:uCOSII/Ports/ARM-Cortex-M4/Generic/GNU/os_dbg.c **** *                              (c) Copyright 1992-2009, Micrium, Weston, FL
   8:uCOSII/Ports/ARM-Cortex-M4/Generic/GNU/os_dbg.c **** *                                           All Rights Reserved
   9:uCOSII/Ports/ARM-Cortex-M4/Generic/GNU/os_dbg.c **** *
  10:uCOSII/Ports/ARM-Cortex-M4/Generic/GNU/os_dbg.c **** * File    : OS_DBG.C
  11:uCOSII/Ports/ARM-Cortex-M4/Generic/GNU/os_dbg.c **** * By      : Jean J. Labrosse
  12:uCOSII/Ports/ARM-Cortex-M4/Generic/GNU/os_dbg.c **** * Version : V2.92.09
  13:uCOSII/Ports/ARM-Cortex-M4/Generic/GNU/os_dbg.c **** *
  14:uCOSII/Ports/ARM-Cortex-M4/Generic/GNU/os_dbg.c **** * LICENSING TERMS:
  15:uCOSII/Ports/ARM-Cortex-M4/Generic/GNU/os_dbg.c **** * ---------------
  16:uCOSII/Ports/ARM-Cortex-M4/Generic/GNU/os_dbg.c **** *           uC/OS-II is provided in source form for FREE short-term evaluation, for educational use
  17:uCOSII/Ports/ARM-Cortex-M4/Generic/GNU/os_dbg.c **** *           for peaceful research.  If you plan or intend to use uC/OS-II in a commercial applicati
  18:uCOSII/Ports/ARM-Cortex-M4/Generic/GNU/os_dbg.c **** *           product then, you need to contact Micrium to properly license uC/OS-II for its use in y
  19:uCOSII/Ports/ARM-Cortex-M4/Generic/GNU/os_dbg.c **** *           application/product.   We provide ALL the source code for your convenience and to help 
  20:uCOSII/Ports/ARM-Cortex-M4/Generic/GNU/os_dbg.c **** *           experience uC/OS-II.  The fact that the source is provided does NOT mean that you can u
  21:uCOSII/Ports/ARM-Cortex-M4/Generic/GNU/os_dbg.c **** *           it commercially without paying a licensing fee.
  22:uCOSII/Ports/ARM-Cortex-M4/Generic/GNU/os_dbg.c **** *
  23:uCOSII/Ports/ARM-Cortex-M4/Generic/GNU/os_dbg.c **** *           Knowledge of the source code may NOT be used to develop a similar product.
  24:uCOSII/Ports/ARM-Cortex-M4/Generic/GNU/os_dbg.c **** *
  25:uCOSII/Ports/ARM-Cortex-M4/Generic/GNU/os_dbg.c **** *           Please help us continue to provide the embedded community with the finest software avai
  26:uCOSII/Ports/ARM-Cortex-M4/Generic/GNU/os_dbg.c **** *           Your honesty is greatly appreciated.
  27:uCOSII/Ports/ARM-Cortex-M4/Generic/GNU/os_dbg.c **** *
  28:uCOSII/Ports/ARM-Cortex-M4/Generic/GNU/os_dbg.c **** *           You can contact us at www.micrium.com, or by phone at +1 (954) 217-2036.
  29:uCOSII/Ports/ARM-Cortex-M4/Generic/GNU/os_dbg.c **** *
  30:uCOSII/Ports/ARM-Cortex-M4/Generic/GNU/os_dbg.c **** * For       : ARMv7 Cortex-M4
ARM GAS  /tmp/ccjw4q1L.s 			page 2


  31:uCOSII/Ports/ARM-Cortex-M4/Generic/GNU/os_dbg.c **** * Mode      : Thumb-2 ISA
  32:uCOSII/Ports/ARM-Cortex-M4/Generic/GNU/os_dbg.c **** * Toolchain : GNU C Compiler
  33:uCOSII/Ports/ARM-Cortex-M4/Generic/GNU/os_dbg.c **** ***************************************************************************************************
  34:uCOSII/Ports/ARM-Cortex-M4/Generic/GNU/os_dbg.c **** */
  35:uCOSII/Ports/ARM-Cortex-M4/Generic/GNU/os_dbg.c **** 
  36:uCOSII/Ports/ARM-Cortex-M4/Generic/GNU/os_dbg.c **** #include <ucos_ii.h>
  37:uCOSII/Ports/ARM-Cortex-M4/Generic/GNU/os_dbg.c **** 
  38:uCOSII/Ports/ARM-Cortex-M4/Generic/GNU/os_dbg.c **** #define  OS_COMPILER_OPT
  39:uCOSII/Ports/ARM-Cortex-M4/Generic/GNU/os_dbg.c **** 
  40:uCOSII/Ports/ARM-Cortex-M4/Generic/GNU/os_dbg.c **** /*
  41:uCOSII/Ports/ARM-Cortex-M4/Generic/GNU/os_dbg.c **** ***************************************************************************************************
  42:uCOSII/Ports/ARM-Cortex-M4/Generic/GNU/os_dbg.c **** *                                             DEBUG DATA
  43:uCOSII/Ports/ARM-Cortex-M4/Generic/GNU/os_dbg.c **** ***************************************************************************************************
  44:uCOSII/Ports/ARM-Cortex-M4/Generic/GNU/os_dbg.c **** */
  45:uCOSII/Ports/ARM-Cortex-M4/Generic/GNU/os_dbg.c **** 
  46:uCOSII/Ports/ARM-Cortex-M4/Generic/GNU/os_dbg.c **** OS_COMPILER_OPT  INT16U  const  OSDebugEn           = OS_DEBUG_EN;               /* Debug constants
  47:uCOSII/Ports/ARM-Cortex-M4/Generic/GNU/os_dbg.c **** 
  48:uCOSII/Ports/ARM-Cortex-M4/Generic/GNU/os_dbg.c **** #if OS_DEBUG_EN > 0u
  49:uCOSII/Ports/ARM-Cortex-M4/Generic/GNU/os_dbg.c **** 
  50:uCOSII/Ports/ARM-Cortex-M4/Generic/GNU/os_dbg.c **** OS_COMPILER_OPT  INT32U  const  OSEndiannessTest    = 0x12345678L;               /* Variable to tes
  51:uCOSII/Ports/ARM-Cortex-M4/Generic/GNU/os_dbg.c **** 
  52:uCOSII/Ports/ARM-Cortex-M4/Generic/GNU/os_dbg.c **** OS_COMPILER_OPT  INT16U  const  OSEventEn           = OS_EVENT_EN;
  53:uCOSII/Ports/ARM-Cortex-M4/Generic/GNU/os_dbg.c **** OS_COMPILER_OPT  INT16U  const  OSEventMax          = OS_MAX_EVENTS;             /* Number of event
  54:uCOSII/Ports/ARM-Cortex-M4/Generic/GNU/os_dbg.c **** OS_COMPILER_OPT  INT16U  const  OSEventNameEn       = OS_EVENT_NAME_EN;
  55:uCOSII/Ports/ARM-Cortex-M4/Generic/GNU/os_dbg.c **** #if (OS_EVENT_EN > 0u) && (OS_MAX_EVENTS > 0u)
  56:uCOSII/Ports/ARM-Cortex-M4/Generic/GNU/os_dbg.c **** OS_COMPILER_OPT  INT16U  const  OSEventSize         = sizeof(OS_EVENT);          /* Size in Bytes o
  57:uCOSII/Ports/ARM-Cortex-M4/Generic/GNU/os_dbg.c **** OS_COMPILER_OPT  INT16U  const  OSEventTblSize      = sizeof(OSEventTbl);        /* Size of OSEvent
  58:uCOSII/Ports/ARM-Cortex-M4/Generic/GNU/os_dbg.c **** #else
  59:uCOSII/Ports/ARM-Cortex-M4/Generic/GNU/os_dbg.c **** OS_COMPILER_OPT  INT16U  const  OSEventSize         = 0u;
  60:uCOSII/Ports/ARM-Cortex-M4/Generic/GNU/os_dbg.c **** OS_COMPILER_OPT  INT16U  const  OSEventTblSize      = 0u;
  61:uCOSII/Ports/ARM-Cortex-M4/Generic/GNU/os_dbg.c **** #endif
  62:uCOSII/Ports/ARM-Cortex-M4/Generic/GNU/os_dbg.c **** OS_COMPILER_OPT  INT16U  const  OSEventMultiEn      = OS_EVENT_MULTI_EN;
  63:uCOSII/Ports/ARM-Cortex-M4/Generic/GNU/os_dbg.c **** 
  64:uCOSII/Ports/ARM-Cortex-M4/Generic/GNU/os_dbg.c **** 
  65:uCOSII/Ports/ARM-Cortex-M4/Generic/GNU/os_dbg.c **** OS_COMPILER_OPT  INT16U  const  OSFlagEn            = OS_FLAG_EN;
  66:uCOSII/Ports/ARM-Cortex-M4/Generic/GNU/os_dbg.c **** #if (OS_FLAG_EN > 0u) && (OS_MAX_FLAGS > 0u)
  67:uCOSII/Ports/ARM-Cortex-M4/Generic/GNU/os_dbg.c **** OS_COMPILER_OPT  INT16U  const  OSFlagGrpSize       = sizeof(OS_FLAG_GRP);       /* Size in Bytes o
  68:uCOSII/Ports/ARM-Cortex-M4/Generic/GNU/os_dbg.c **** OS_COMPILER_OPT  INT16U  const  OSFlagNodeSize      = sizeof(OS_FLAG_NODE);      /* Size in Bytes o
  69:uCOSII/Ports/ARM-Cortex-M4/Generic/GNU/os_dbg.c **** OS_COMPILER_OPT  INT16U  const  OSFlagWidth         = sizeof(OS_FLAGS);          /* Width (in bytes
  70:uCOSII/Ports/ARM-Cortex-M4/Generic/GNU/os_dbg.c **** #else
  71:uCOSII/Ports/ARM-Cortex-M4/Generic/GNU/os_dbg.c **** OS_COMPILER_OPT  INT16U  const  OSFlagGrpSize       = 0u;
  72:uCOSII/Ports/ARM-Cortex-M4/Generic/GNU/os_dbg.c **** OS_COMPILER_OPT  INT16U  const  OSFlagNodeSize      = 0u;
  73:uCOSII/Ports/ARM-Cortex-M4/Generic/GNU/os_dbg.c **** OS_COMPILER_OPT  INT16U  const  OSFlagWidth         = 0u;
  74:uCOSII/Ports/ARM-Cortex-M4/Generic/GNU/os_dbg.c **** #endif
  75:uCOSII/Ports/ARM-Cortex-M4/Generic/GNU/os_dbg.c **** OS_COMPILER_OPT  INT16U  const  OSFlagMax           = OS_MAX_FLAGS;
  76:uCOSII/Ports/ARM-Cortex-M4/Generic/GNU/os_dbg.c **** OS_COMPILER_OPT  INT16U  const  OSFlagNameEn        = OS_FLAG_NAME_EN;
  77:uCOSII/Ports/ARM-Cortex-M4/Generic/GNU/os_dbg.c **** 
  78:uCOSII/Ports/ARM-Cortex-M4/Generic/GNU/os_dbg.c **** OS_COMPILER_OPT  INT16U  const  OSLowestPrio        = OS_LOWEST_PRIO;
  79:uCOSII/Ports/ARM-Cortex-M4/Generic/GNU/os_dbg.c **** 
  80:uCOSII/Ports/ARM-Cortex-M4/Generic/GNU/os_dbg.c **** OS_COMPILER_OPT  INT16U  const  OSMboxEn            = OS_MBOX_EN;
  81:uCOSII/Ports/ARM-Cortex-M4/Generic/GNU/os_dbg.c **** 
  82:uCOSII/Ports/ARM-Cortex-M4/Generic/GNU/os_dbg.c **** OS_COMPILER_OPT  INT16U  const  OSMemEn             = OS_MEM_EN;
  83:uCOSII/Ports/ARM-Cortex-M4/Generic/GNU/os_dbg.c **** OS_COMPILER_OPT  INT16U  const  OSMemMax            = OS_MAX_MEM_PART;           /* Number of memor
  84:uCOSII/Ports/ARM-Cortex-M4/Generic/GNU/os_dbg.c **** OS_COMPILER_OPT  INT16U  const  OSMemNameEn         = OS_MEM_NAME_EN;
  85:uCOSII/Ports/ARM-Cortex-M4/Generic/GNU/os_dbg.c **** #if (OS_MEM_EN > 0u) && (OS_MAX_MEM_PART > 0u)
  86:uCOSII/Ports/ARM-Cortex-M4/Generic/GNU/os_dbg.c **** OS_COMPILER_OPT  INT16U  const  OSMemSize           = sizeof(OS_MEM);            /* Mem. Partition 
  87:uCOSII/Ports/ARM-Cortex-M4/Generic/GNU/os_dbg.c **** OS_COMPILER_OPT  INT16U  const  OSMemTblSize        = sizeof(OSMemTbl);
ARM GAS  /tmp/ccjw4q1L.s 			page 3


  88:uCOSII/Ports/ARM-Cortex-M4/Generic/GNU/os_dbg.c **** #else
  89:uCOSII/Ports/ARM-Cortex-M4/Generic/GNU/os_dbg.c **** OS_COMPILER_OPT  INT16U  const  OSMemSize           = 0u;
  90:uCOSII/Ports/ARM-Cortex-M4/Generic/GNU/os_dbg.c **** OS_COMPILER_OPT  INT16U  const  OSMemTblSize        = 0u;
  91:uCOSII/Ports/ARM-Cortex-M4/Generic/GNU/os_dbg.c **** #endif
  92:uCOSII/Ports/ARM-Cortex-M4/Generic/GNU/os_dbg.c **** OS_COMPILER_OPT  INT16U  const  OSMutexEn           = OS_MUTEX_EN;
  93:uCOSII/Ports/ARM-Cortex-M4/Generic/GNU/os_dbg.c **** 
  94:uCOSII/Ports/ARM-Cortex-M4/Generic/GNU/os_dbg.c **** OS_COMPILER_OPT  INT16U  const  OSPtrSize           = sizeof(void *);            /* Size in Bytes o
  95:uCOSII/Ports/ARM-Cortex-M4/Generic/GNU/os_dbg.c **** 
  96:uCOSII/Ports/ARM-Cortex-M4/Generic/GNU/os_dbg.c **** OS_COMPILER_OPT  INT16U  const  OSQEn               = OS_Q_EN;
  97:uCOSII/Ports/ARM-Cortex-M4/Generic/GNU/os_dbg.c **** OS_COMPILER_OPT  INT16U  const  OSQMax              = OS_MAX_QS;                 /* Number of queue
  98:uCOSII/Ports/ARM-Cortex-M4/Generic/GNU/os_dbg.c **** #if (OS_Q_EN > 0u) && (OS_MAX_QS > 0u)
  99:uCOSII/Ports/ARM-Cortex-M4/Generic/GNU/os_dbg.c **** OS_COMPILER_OPT  INT16U  const  OSQSize             = sizeof(OS_Q);              /* Size in bytes o
 100:uCOSII/Ports/ARM-Cortex-M4/Generic/GNU/os_dbg.c **** #else
 101:uCOSII/Ports/ARM-Cortex-M4/Generic/GNU/os_dbg.c **** OS_COMPILER_OPT  INT16U  const  OSQSize             = 0u;
 102:uCOSII/Ports/ARM-Cortex-M4/Generic/GNU/os_dbg.c **** #endif
 103:uCOSII/Ports/ARM-Cortex-M4/Generic/GNU/os_dbg.c **** 
 104:uCOSII/Ports/ARM-Cortex-M4/Generic/GNU/os_dbg.c **** OS_COMPILER_OPT  INT16U  const  OSRdyTblSize        = OS_RDY_TBL_SIZE;           /* Number of bytes
 105:uCOSII/Ports/ARM-Cortex-M4/Generic/GNU/os_dbg.c **** 
 106:uCOSII/Ports/ARM-Cortex-M4/Generic/GNU/os_dbg.c **** OS_COMPILER_OPT  INT16U  const  OSSemEn             = OS_SEM_EN;
 107:uCOSII/Ports/ARM-Cortex-M4/Generic/GNU/os_dbg.c **** 
 108:uCOSII/Ports/ARM-Cortex-M4/Generic/GNU/os_dbg.c **** OS_COMPILER_OPT  INT16U  const  OSStkWidth          = sizeof(OS_STK);            /* Size in Bytes o
 109:uCOSII/Ports/ARM-Cortex-M4/Generic/GNU/os_dbg.c **** 
 110:uCOSII/Ports/ARM-Cortex-M4/Generic/GNU/os_dbg.c **** OS_COMPILER_OPT  INT16U  const  OSTaskCreateEn      = OS_TASK_CREATE_EN;
 111:uCOSII/Ports/ARM-Cortex-M4/Generic/GNU/os_dbg.c **** OS_COMPILER_OPT  INT16U  const  OSTaskCreateExtEn   = OS_TASK_CREATE_EXT_EN;
 112:uCOSII/Ports/ARM-Cortex-M4/Generic/GNU/os_dbg.c **** OS_COMPILER_OPT  INT16U  const  OSTaskDelEn         = OS_TASK_DEL_EN;
 113:uCOSII/Ports/ARM-Cortex-M4/Generic/GNU/os_dbg.c **** OS_COMPILER_OPT  INT16U  const  OSTaskIdleStkSize   = OS_TASK_IDLE_STK_SIZE;
 114:uCOSII/Ports/ARM-Cortex-M4/Generic/GNU/os_dbg.c **** OS_COMPILER_OPT  INT16U  const  OSTaskProfileEn     = OS_TASK_PROFILE_EN;
 115:uCOSII/Ports/ARM-Cortex-M4/Generic/GNU/os_dbg.c **** OS_COMPILER_OPT  INT16U  const  OSTaskMax           = OS_MAX_TASKS + OS_N_SYS_TASKS; /* Total max. 
 116:uCOSII/Ports/ARM-Cortex-M4/Generic/GNU/os_dbg.c **** OS_COMPILER_OPT  INT16U  const  OSTaskNameEn        = OS_TASK_NAME_EN;  
 117:uCOSII/Ports/ARM-Cortex-M4/Generic/GNU/os_dbg.c **** OS_COMPILER_OPT  INT16U  const  OSTaskStatEn        = OS_TASK_STAT_EN;
 118:uCOSII/Ports/ARM-Cortex-M4/Generic/GNU/os_dbg.c **** OS_COMPILER_OPT  INT16U  const  OSTaskStatStkSize   = OS_TASK_STAT_STK_SIZE;
 119:uCOSII/Ports/ARM-Cortex-M4/Generic/GNU/os_dbg.c **** OS_COMPILER_OPT  INT16U  const  OSTaskStatStkChkEn  = OS_TASK_STAT_STK_CHK_EN;
 120:uCOSII/Ports/ARM-Cortex-M4/Generic/GNU/os_dbg.c **** OS_COMPILER_OPT  INT16U  const  OSTaskSwHookEn      = OS_TASK_SW_HOOK_EN;
 121:uCOSII/Ports/ARM-Cortex-M4/Generic/GNU/os_dbg.c **** OS_COMPILER_OPT  INT16U  const  OSTaskRegTblSize    = OS_TASK_REG_TBL_SIZE;
 122:uCOSII/Ports/ARM-Cortex-M4/Generic/GNU/os_dbg.c **** 
 123:uCOSII/Ports/ARM-Cortex-M4/Generic/GNU/os_dbg.c **** OS_COMPILER_OPT  INT16U  const  OSTCBPrioTblMax     = OS_LOWEST_PRIO + 1u;       /* Number of entri
 124:uCOSII/Ports/ARM-Cortex-M4/Generic/GNU/os_dbg.c **** OS_COMPILER_OPT  INT16U  const  OSTCBSize           = sizeof(OS_TCB);            /* Size in Bytes o
 125:uCOSII/Ports/ARM-Cortex-M4/Generic/GNU/os_dbg.c **** OS_COMPILER_OPT  INT16U  const  OSTicksPerSec       = OS_TICKS_PER_SEC;
 126:uCOSII/Ports/ARM-Cortex-M4/Generic/GNU/os_dbg.c **** OS_COMPILER_OPT  INT16U  const  OSTimeTickHookEn    = OS_TIME_TICK_HOOK_EN;
 127:uCOSII/Ports/ARM-Cortex-M4/Generic/GNU/os_dbg.c **** OS_COMPILER_OPT  INT16U  const  OSVersionNbr        = OS_VERSION;
 128:uCOSII/Ports/ARM-Cortex-M4/Generic/GNU/os_dbg.c **** 
 129:uCOSII/Ports/ARM-Cortex-M4/Generic/GNU/os_dbg.c **** OS_COMPILER_OPT  INT16U  const  OSTmrEn             = OS_TMR_EN;
 130:uCOSII/Ports/ARM-Cortex-M4/Generic/GNU/os_dbg.c **** OS_COMPILER_OPT  INT16U  const  OSTmrCfgMax         = OS_TMR_CFG_MAX;
 131:uCOSII/Ports/ARM-Cortex-M4/Generic/GNU/os_dbg.c **** OS_COMPILER_OPT  INT16U  const  OSTmrCfgNameEn      = OS_TMR_CFG_NAME_EN;
 132:uCOSII/Ports/ARM-Cortex-M4/Generic/GNU/os_dbg.c **** OS_COMPILER_OPT  INT16U  const  OSTmrCfgWheelSize   = OS_TMR_CFG_WHEEL_SIZE;
 133:uCOSII/Ports/ARM-Cortex-M4/Generic/GNU/os_dbg.c **** OS_COMPILER_OPT  INT16U  const  OSTmrCfgTicksPerSec = OS_TMR_CFG_TICKS_PER_SEC;
 134:uCOSII/Ports/ARM-Cortex-M4/Generic/GNU/os_dbg.c **** 
 135:uCOSII/Ports/ARM-Cortex-M4/Generic/GNU/os_dbg.c **** #if (OS_TMR_EN > 0u) && (OS_TMR_CFG_MAX > 0u)
 136:uCOSII/Ports/ARM-Cortex-M4/Generic/GNU/os_dbg.c **** OS_COMPILER_OPT  INT16U  const  OSTmrSize           = sizeof(OS_TMR);
 137:uCOSII/Ports/ARM-Cortex-M4/Generic/GNU/os_dbg.c **** OS_COMPILER_OPT  INT16U  const  OSTmrTblSize        = sizeof(OSTmrTbl);
 138:uCOSII/Ports/ARM-Cortex-M4/Generic/GNU/os_dbg.c **** OS_COMPILER_OPT  INT16U  const  OSTmrWheelSize      = sizeof(OS_TMR_WHEEL);
 139:uCOSII/Ports/ARM-Cortex-M4/Generic/GNU/os_dbg.c **** OS_COMPILER_OPT  INT16U  const  OSTmrWheelTblSize   = sizeof(OSTmrWheelTbl);
 140:uCOSII/Ports/ARM-Cortex-M4/Generic/GNU/os_dbg.c **** #else
 141:uCOSII/Ports/ARM-Cortex-M4/Generic/GNU/os_dbg.c **** OS_COMPILER_OPT  INT16U  const  OSTmrSize           = 0u;
 142:uCOSII/Ports/ARM-Cortex-M4/Generic/GNU/os_dbg.c **** OS_COMPILER_OPT  INT16U  const  OSTmrTblSize        = 0u;
 143:uCOSII/Ports/ARM-Cortex-M4/Generic/GNU/os_dbg.c **** OS_COMPILER_OPT  INT16U  const  OSTmrWheelSize      = 0u;
 144:uCOSII/Ports/ARM-Cortex-M4/Generic/GNU/os_dbg.c **** OS_COMPILER_OPT  INT16U  const  OSTmrWheelTblSize   = 0u;
ARM GAS  /tmp/ccjw4q1L.s 			page 4


 145:uCOSII/Ports/ARM-Cortex-M4/Generic/GNU/os_dbg.c **** #endif
 146:uCOSII/Ports/ARM-Cortex-M4/Generic/GNU/os_dbg.c **** 
 147:uCOSII/Ports/ARM-Cortex-M4/Generic/GNU/os_dbg.c **** #endif
 148:uCOSII/Ports/ARM-Cortex-M4/Generic/GNU/os_dbg.c **** 
 149:uCOSII/Ports/ARM-Cortex-M4/Generic/GNU/os_dbg.c **** /*$PAGE*/
 150:uCOSII/Ports/ARM-Cortex-M4/Generic/GNU/os_dbg.c **** /*
 151:uCOSII/Ports/ARM-Cortex-M4/Generic/GNU/os_dbg.c **** ***************************************************************************************************
 152:uCOSII/Ports/ARM-Cortex-M4/Generic/GNU/os_dbg.c **** *                                             DEBUG DATA
 153:uCOSII/Ports/ARM-Cortex-M4/Generic/GNU/os_dbg.c **** *                            TOTAL DATA SPACE (i.e. RAM) USED BY uC/OS-II
 154:uCOSII/Ports/ARM-Cortex-M4/Generic/GNU/os_dbg.c **** ***************************************************************************************************
 155:uCOSII/Ports/ARM-Cortex-M4/Generic/GNU/os_dbg.c **** */
 156:uCOSII/Ports/ARM-Cortex-M4/Generic/GNU/os_dbg.c **** #if OS_DEBUG_EN > 0u
 157:uCOSII/Ports/ARM-Cortex-M4/Generic/GNU/os_dbg.c **** 
 158:uCOSII/Ports/ARM-Cortex-M4/Generic/GNU/os_dbg.c **** OS_COMPILER_OPT  INT16U  const  OSDataSize = sizeof(OSCtxSwCtr)
 159:uCOSII/Ports/ARM-Cortex-M4/Generic/GNU/os_dbg.c **** #if (OS_EVENT_EN > 0u) && (OS_MAX_EVENTS > 0u)
 160:uCOSII/Ports/ARM-Cortex-M4/Generic/GNU/os_dbg.c ****                           + sizeof(OSEventFreeList)
 161:uCOSII/Ports/ARM-Cortex-M4/Generic/GNU/os_dbg.c ****                           + sizeof(OSEventTbl)
 162:uCOSII/Ports/ARM-Cortex-M4/Generic/GNU/os_dbg.c **** #endif
 163:uCOSII/Ports/ARM-Cortex-M4/Generic/GNU/os_dbg.c **** #if (OS_FLAG_EN > 0u) && (OS_MAX_FLAGS > 0u)
 164:uCOSII/Ports/ARM-Cortex-M4/Generic/GNU/os_dbg.c ****                           + sizeof(OSFlagTbl)
 165:uCOSII/Ports/ARM-Cortex-M4/Generic/GNU/os_dbg.c ****                           + sizeof(OSFlagFreeList)
 166:uCOSII/Ports/ARM-Cortex-M4/Generic/GNU/os_dbg.c **** #endif
 167:uCOSII/Ports/ARM-Cortex-M4/Generic/GNU/os_dbg.c **** #if OS_TASK_STAT_EN > 0u
 168:uCOSII/Ports/ARM-Cortex-M4/Generic/GNU/os_dbg.c ****                           + sizeof(OSCPUUsage)
 169:uCOSII/Ports/ARM-Cortex-M4/Generic/GNU/os_dbg.c ****                           + sizeof(OSIdleCtrMax)
 170:uCOSII/Ports/ARM-Cortex-M4/Generic/GNU/os_dbg.c ****                           + sizeof(OSIdleCtrRun)
 171:uCOSII/Ports/ARM-Cortex-M4/Generic/GNU/os_dbg.c ****                           + sizeof(OSStatRdy)
 172:uCOSII/Ports/ARM-Cortex-M4/Generic/GNU/os_dbg.c ****                           + sizeof(OSTaskStatStk)
 173:uCOSII/Ports/ARM-Cortex-M4/Generic/GNU/os_dbg.c **** #endif
 174:uCOSII/Ports/ARM-Cortex-M4/Generic/GNU/os_dbg.c **** #if OS_TICK_STEP_EN > 0u
 175:uCOSII/Ports/ARM-Cortex-M4/Generic/GNU/os_dbg.c ****                           + sizeof(OSTickStepState)
 176:uCOSII/Ports/ARM-Cortex-M4/Generic/GNU/os_dbg.c **** #endif
 177:uCOSII/Ports/ARM-Cortex-M4/Generic/GNU/os_dbg.c **** #if (OS_MEM_EN > 0u) && (OS_MAX_MEM_PART > 0u)
 178:uCOSII/Ports/ARM-Cortex-M4/Generic/GNU/os_dbg.c ****                           + sizeof(OSMemFreeList)
 179:uCOSII/Ports/ARM-Cortex-M4/Generic/GNU/os_dbg.c ****                           + sizeof(OSMemTbl)
 180:uCOSII/Ports/ARM-Cortex-M4/Generic/GNU/os_dbg.c **** #endif
 181:uCOSII/Ports/ARM-Cortex-M4/Generic/GNU/os_dbg.c **** #if (OS_Q_EN > 0u) && (OS_MAX_QS > 0u)
 182:uCOSII/Ports/ARM-Cortex-M4/Generic/GNU/os_dbg.c ****                           + sizeof(OSQFreeList)
 183:uCOSII/Ports/ARM-Cortex-M4/Generic/GNU/os_dbg.c ****                           + sizeof(OSQTbl)
 184:uCOSII/Ports/ARM-Cortex-M4/Generic/GNU/os_dbg.c **** #endif
 185:uCOSII/Ports/ARM-Cortex-M4/Generic/GNU/os_dbg.c **** #if OS_TIME_GET_SET_EN > 0u   
 186:uCOSII/Ports/ARM-Cortex-M4/Generic/GNU/os_dbg.c ****                           + sizeof(OSTime)
 187:uCOSII/Ports/ARM-Cortex-M4/Generic/GNU/os_dbg.c **** #endif
 188:uCOSII/Ports/ARM-Cortex-M4/Generic/GNU/os_dbg.c **** #if (OS_TMR_EN > 0u) && (OS_TMR_CFG_MAX > 0u)
 189:uCOSII/Ports/ARM-Cortex-M4/Generic/GNU/os_dbg.c ****                           + sizeof(OSTmrFree)
 190:uCOSII/Ports/ARM-Cortex-M4/Generic/GNU/os_dbg.c ****                           + sizeof(OSTmrUsed)
 191:uCOSII/Ports/ARM-Cortex-M4/Generic/GNU/os_dbg.c ****                           + sizeof(OSTmrTime)
 192:uCOSII/Ports/ARM-Cortex-M4/Generic/GNU/os_dbg.c ****                           + sizeof(OSTmrSem)
 193:uCOSII/Ports/ARM-Cortex-M4/Generic/GNU/os_dbg.c ****                           + sizeof(OSTmrSemSignal)
 194:uCOSII/Ports/ARM-Cortex-M4/Generic/GNU/os_dbg.c ****                           + sizeof(OSTmrTbl)
 195:uCOSII/Ports/ARM-Cortex-M4/Generic/GNU/os_dbg.c ****                           + sizeof(OSTmrFreeList)
 196:uCOSII/Ports/ARM-Cortex-M4/Generic/GNU/os_dbg.c ****                           + sizeof(OSTmrTaskStk)
 197:uCOSII/Ports/ARM-Cortex-M4/Generic/GNU/os_dbg.c ****                           + sizeof(OSTmrWheelTbl)
 198:uCOSII/Ports/ARM-Cortex-M4/Generic/GNU/os_dbg.c **** #endif
 199:uCOSII/Ports/ARM-Cortex-M4/Generic/GNU/os_dbg.c ****                           + sizeof(OSIntNesting)
 200:uCOSII/Ports/ARM-Cortex-M4/Generic/GNU/os_dbg.c ****                           + sizeof(OSLockNesting)
 201:uCOSII/Ports/ARM-Cortex-M4/Generic/GNU/os_dbg.c ****                           + sizeof(OSPrioCur)
ARM GAS  /tmp/ccjw4q1L.s 			page 5


 202:uCOSII/Ports/ARM-Cortex-M4/Generic/GNU/os_dbg.c ****                           + sizeof(OSPrioHighRdy)
 203:uCOSII/Ports/ARM-Cortex-M4/Generic/GNU/os_dbg.c ****                           + sizeof(OSRdyGrp)
 204:uCOSII/Ports/ARM-Cortex-M4/Generic/GNU/os_dbg.c ****                           + sizeof(OSRdyTbl)
 205:uCOSII/Ports/ARM-Cortex-M4/Generic/GNU/os_dbg.c ****                           + sizeof(OSRunning)
 206:uCOSII/Ports/ARM-Cortex-M4/Generic/GNU/os_dbg.c ****                           + sizeof(OSTaskCtr)
 207:uCOSII/Ports/ARM-Cortex-M4/Generic/GNU/os_dbg.c ****                           + sizeof(OSIdleCtr)
 208:uCOSII/Ports/ARM-Cortex-M4/Generic/GNU/os_dbg.c ****                           + sizeof(OSTaskIdleStk)
 209:uCOSII/Ports/ARM-Cortex-M4/Generic/GNU/os_dbg.c ****                           + sizeof(OSTCBCur)
 210:uCOSII/Ports/ARM-Cortex-M4/Generic/GNU/os_dbg.c ****                           + sizeof(OSTCBFreeList)
 211:uCOSII/Ports/ARM-Cortex-M4/Generic/GNU/os_dbg.c ****                           + sizeof(OSTCBHighRdy)
 212:uCOSII/Ports/ARM-Cortex-M4/Generic/GNU/os_dbg.c ****                           + sizeof(OSTCBList)
 213:uCOSII/Ports/ARM-Cortex-M4/Generic/GNU/os_dbg.c ****                           + sizeof(OSTCBPrioTbl)
 214:uCOSII/Ports/ARM-Cortex-M4/Generic/GNU/os_dbg.c ****                           + sizeof(OSTCBTbl);
 215:uCOSII/Ports/ARM-Cortex-M4/Generic/GNU/os_dbg.c **** 
 216:uCOSII/Ports/ARM-Cortex-M4/Generic/GNU/os_dbg.c **** #endif
 217:uCOSII/Ports/ARM-Cortex-M4/Generic/GNU/os_dbg.c **** 
 218:uCOSII/Ports/ARM-Cortex-M4/Generic/GNU/os_dbg.c **** /*$PAGE*/
 219:uCOSII/Ports/ARM-Cortex-M4/Generic/GNU/os_dbg.c **** /*
 220:uCOSII/Ports/ARM-Cortex-M4/Generic/GNU/os_dbg.c **** ***************************************************************************************************
 221:uCOSII/Ports/ARM-Cortex-M4/Generic/GNU/os_dbg.c **** *                                        OS DEBUG INITIALIZATION
 222:uCOSII/Ports/ARM-Cortex-M4/Generic/GNU/os_dbg.c **** *
 223:uCOSII/Ports/ARM-Cortex-M4/Generic/GNU/os_dbg.c **** * Description: This function is used to make sure that debug variables that are unused in the appli
 224:uCOSII/Ports/ARM-Cortex-M4/Generic/GNU/os_dbg.c **** *              are not optimized away.  This function might not be necessary for all compilers.  In
 225:uCOSII/Ports/ARM-Cortex-M4/Generic/GNU/os_dbg.c **** *              case, you should simply DELETE the code in this function while still leaving the dec
 226:uCOSII/Ports/ARM-Cortex-M4/Generic/GNU/os_dbg.c **** *              of the function itself.
 227:uCOSII/Ports/ARM-Cortex-M4/Generic/GNU/os_dbg.c **** *
 228:uCOSII/Ports/ARM-Cortex-M4/Generic/GNU/os_dbg.c **** * Arguments  : none
 229:uCOSII/Ports/ARM-Cortex-M4/Generic/GNU/os_dbg.c **** *
 230:uCOSII/Ports/ARM-Cortex-M4/Generic/GNU/os_dbg.c **** * Returns    : none
 231:uCOSII/Ports/ARM-Cortex-M4/Generic/GNU/os_dbg.c **** *
 232:uCOSII/Ports/ARM-Cortex-M4/Generic/GNU/os_dbg.c **** * Note(s)    : (1) This code doesn't do anything, it simply prevents the compiler from optimizing o
 233:uCOSII/Ports/ARM-Cortex-M4/Generic/GNU/os_dbg.c **** *                  the 'const' variables which are declared in this file.
 234:uCOSII/Ports/ARM-Cortex-M4/Generic/GNU/os_dbg.c **** *              (2) You may decide to 'compile out' the code (by using #if 0/#endif) INSIDE the func
 235:uCOSII/Ports/ARM-Cortex-M4/Generic/GNU/os_dbg.c **** *                  if your compiler DOES NOT optimize out the 'const' variables above.
 236:uCOSII/Ports/ARM-Cortex-M4/Generic/GNU/os_dbg.c **** ***************************************************************************************************
 237:uCOSII/Ports/ARM-Cortex-M4/Generic/GNU/os_dbg.c **** */
 238:uCOSII/Ports/ARM-Cortex-M4/Generic/GNU/os_dbg.c **** 
 239:uCOSII/Ports/ARM-Cortex-M4/Generic/GNU/os_dbg.c **** #if OS_DEBUG_EN > 0u
 240:uCOSII/Ports/ARM-Cortex-M4/Generic/GNU/os_dbg.c **** void  OSDebugInit (void)
 241:uCOSII/Ports/ARM-Cortex-M4/Generic/GNU/os_dbg.c **** {
  29              		.loc 1 241 1 view -0
  30              		.cfi_startproc
  31              		@ args = 0, pretend = 0, frame = 0
  32              		@ frame_needed = 0, uses_anonymous_args = 0
  33              		@ link register save eliminated.
 242:uCOSII/Ports/ARM-Cortex-M4/Generic/GNU/os_dbg.c ****     void  *ptemp;
  34              		.loc 1 242 5 view .LVU1
 243:uCOSII/Ports/ARM-Cortex-M4/Generic/GNU/os_dbg.c **** 
 244:uCOSII/Ports/ARM-Cortex-M4/Generic/GNU/os_dbg.c ****     
 245:uCOSII/Ports/ARM-Cortex-M4/Generic/GNU/os_dbg.c ****     ptemp = (void *)&OSDebugEn;
  35              		.loc 1 245 5 view .LVU2
 246:uCOSII/Ports/ARM-Cortex-M4/Generic/GNU/os_dbg.c **** 
 247:uCOSII/Ports/ARM-Cortex-M4/Generic/GNU/os_dbg.c ****     ptemp = (void *)&OSEndiannessTest;
  36              		.loc 1 247 5 view .LVU3
 248:uCOSII/Ports/ARM-Cortex-M4/Generic/GNU/os_dbg.c **** 
 249:uCOSII/Ports/ARM-Cortex-M4/Generic/GNU/os_dbg.c ****     ptemp = (void *)&OSEventMax;
  37              		.loc 1 249 5 view .LVU4
ARM GAS  /tmp/ccjw4q1L.s 			page 6


 250:uCOSII/Ports/ARM-Cortex-M4/Generic/GNU/os_dbg.c ****     ptemp = (void *)&OSEventNameEn;
  38              		.loc 1 250 5 view .LVU5
 251:uCOSII/Ports/ARM-Cortex-M4/Generic/GNU/os_dbg.c ****     ptemp = (void *)&OSEventEn;
  39              		.loc 1 251 5 view .LVU6
 252:uCOSII/Ports/ARM-Cortex-M4/Generic/GNU/os_dbg.c ****     ptemp = (void *)&OSEventSize;
  40              		.loc 1 252 5 view .LVU7
 253:uCOSII/Ports/ARM-Cortex-M4/Generic/GNU/os_dbg.c ****     ptemp = (void *)&OSEventTblSize;
  41              		.loc 1 253 5 view .LVU8
 254:uCOSII/Ports/ARM-Cortex-M4/Generic/GNU/os_dbg.c ****     ptemp = (void *)&OSEventMultiEn;
  42              		.loc 1 254 5 view .LVU9
 255:uCOSII/Ports/ARM-Cortex-M4/Generic/GNU/os_dbg.c **** 
 256:uCOSII/Ports/ARM-Cortex-M4/Generic/GNU/os_dbg.c ****     ptemp = (void *)&OSFlagEn;
  43              		.loc 1 256 5 view .LVU10
 257:uCOSII/Ports/ARM-Cortex-M4/Generic/GNU/os_dbg.c ****     ptemp = (void *)&OSFlagGrpSize;
  44              		.loc 1 257 5 view .LVU11
 258:uCOSII/Ports/ARM-Cortex-M4/Generic/GNU/os_dbg.c ****     ptemp = (void *)&OSFlagNodeSize;
  45              		.loc 1 258 5 view .LVU12
 259:uCOSII/Ports/ARM-Cortex-M4/Generic/GNU/os_dbg.c ****     ptemp = (void *)&OSFlagWidth;
  46              		.loc 1 259 5 view .LVU13
 260:uCOSII/Ports/ARM-Cortex-M4/Generic/GNU/os_dbg.c ****     ptemp = (void *)&OSFlagMax;
  47              		.loc 1 260 5 view .LVU14
 261:uCOSII/Ports/ARM-Cortex-M4/Generic/GNU/os_dbg.c ****     ptemp = (void *)&OSFlagNameEn;
  48              		.loc 1 261 5 view .LVU15
 262:uCOSII/Ports/ARM-Cortex-M4/Generic/GNU/os_dbg.c **** 
 263:uCOSII/Ports/ARM-Cortex-M4/Generic/GNU/os_dbg.c ****     ptemp = (void *)&OSLowestPrio;
  49              		.loc 1 263 5 view .LVU16
 264:uCOSII/Ports/ARM-Cortex-M4/Generic/GNU/os_dbg.c **** 
 265:uCOSII/Ports/ARM-Cortex-M4/Generic/GNU/os_dbg.c ****     ptemp = (void *)&OSMboxEn;
  50              		.loc 1 265 5 view .LVU17
 266:uCOSII/Ports/ARM-Cortex-M4/Generic/GNU/os_dbg.c **** 
 267:uCOSII/Ports/ARM-Cortex-M4/Generic/GNU/os_dbg.c ****     ptemp = (void *)&OSMemEn;
  51              		.loc 1 267 5 view .LVU18
 268:uCOSII/Ports/ARM-Cortex-M4/Generic/GNU/os_dbg.c ****     ptemp = (void *)&OSMemMax;
  52              		.loc 1 268 5 view .LVU19
 269:uCOSII/Ports/ARM-Cortex-M4/Generic/GNU/os_dbg.c ****     ptemp = (void *)&OSMemNameEn;
  53              		.loc 1 269 5 view .LVU20
 270:uCOSII/Ports/ARM-Cortex-M4/Generic/GNU/os_dbg.c ****     ptemp = (void *)&OSMemSize;
  54              		.loc 1 270 5 view .LVU21
 271:uCOSII/Ports/ARM-Cortex-M4/Generic/GNU/os_dbg.c ****     ptemp = (void *)&OSMemTblSize;
  55              		.loc 1 271 5 view .LVU22
 272:uCOSII/Ports/ARM-Cortex-M4/Generic/GNU/os_dbg.c **** 
 273:uCOSII/Ports/ARM-Cortex-M4/Generic/GNU/os_dbg.c ****     ptemp = (void *)&OSMutexEn;
  56              		.loc 1 273 5 view .LVU23
 274:uCOSII/Ports/ARM-Cortex-M4/Generic/GNU/os_dbg.c **** 
 275:uCOSII/Ports/ARM-Cortex-M4/Generic/GNU/os_dbg.c ****     ptemp = (void *)&OSPtrSize;
  57              		.loc 1 275 5 view .LVU24
 276:uCOSII/Ports/ARM-Cortex-M4/Generic/GNU/os_dbg.c **** 
 277:uCOSII/Ports/ARM-Cortex-M4/Generic/GNU/os_dbg.c ****     ptemp = (void *)&OSQEn;
  58              		.loc 1 277 5 view .LVU25
 278:uCOSII/Ports/ARM-Cortex-M4/Generic/GNU/os_dbg.c ****     ptemp = (void *)&OSQMax;
  59              		.loc 1 278 5 view .LVU26
 279:uCOSII/Ports/ARM-Cortex-M4/Generic/GNU/os_dbg.c ****     ptemp = (void *)&OSQSize;
  60              		.loc 1 279 5 view .LVU27
 280:uCOSII/Ports/ARM-Cortex-M4/Generic/GNU/os_dbg.c **** 
 281:uCOSII/Ports/ARM-Cortex-M4/Generic/GNU/os_dbg.c ****     ptemp = (void *)&OSRdyTblSize;
  61              		.loc 1 281 5 view .LVU28
 282:uCOSII/Ports/ARM-Cortex-M4/Generic/GNU/os_dbg.c **** 
ARM GAS  /tmp/ccjw4q1L.s 			page 7


 283:uCOSII/Ports/ARM-Cortex-M4/Generic/GNU/os_dbg.c ****     ptemp = (void *)&OSSemEn;
  62              		.loc 1 283 5 view .LVU29
 284:uCOSII/Ports/ARM-Cortex-M4/Generic/GNU/os_dbg.c **** 
 285:uCOSII/Ports/ARM-Cortex-M4/Generic/GNU/os_dbg.c ****     ptemp = (void *)&OSStkWidth;
  63              		.loc 1 285 5 view .LVU30
 286:uCOSII/Ports/ARM-Cortex-M4/Generic/GNU/os_dbg.c **** 
 287:uCOSII/Ports/ARM-Cortex-M4/Generic/GNU/os_dbg.c ****     ptemp = (void *)&OSTaskCreateEn;
  64              		.loc 1 287 5 view .LVU31
 288:uCOSII/Ports/ARM-Cortex-M4/Generic/GNU/os_dbg.c ****     ptemp = (void *)&OSTaskCreateExtEn;
  65              		.loc 1 288 5 view .LVU32
 289:uCOSII/Ports/ARM-Cortex-M4/Generic/GNU/os_dbg.c ****     ptemp = (void *)&OSTaskDelEn;
  66              		.loc 1 289 5 view .LVU33
 290:uCOSII/Ports/ARM-Cortex-M4/Generic/GNU/os_dbg.c ****     ptemp = (void *)&OSTaskIdleStkSize;
  67              		.loc 1 290 5 view .LVU34
 291:uCOSII/Ports/ARM-Cortex-M4/Generic/GNU/os_dbg.c ****     ptemp = (void *)&OSTaskProfileEn;
  68              		.loc 1 291 5 view .LVU35
 292:uCOSII/Ports/ARM-Cortex-M4/Generic/GNU/os_dbg.c ****     ptemp = (void *)&OSTaskMax;
  69              		.loc 1 292 5 view .LVU36
 293:uCOSII/Ports/ARM-Cortex-M4/Generic/GNU/os_dbg.c ****     ptemp = (void *)&OSTaskNameEn;
  70              		.loc 1 293 5 view .LVU37
 294:uCOSII/Ports/ARM-Cortex-M4/Generic/GNU/os_dbg.c ****     ptemp = (void *)&OSTaskStatEn;
  71              		.loc 1 294 5 view .LVU38
 295:uCOSII/Ports/ARM-Cortex-M4/Generic/GNU/os_dbg.c ****     ptemp = (void *)&OSTaskStatStkSize;
  72              		.loc 1 295 5 view .LVU39
 296:uCOSII/Ports/ARM-Cortex-M4/Generic/GNU/os_dbg.c ****     ptemp = (void *)&OSTaskStatStkChkEn;
  73              		.loc 1 296 5 view .LVU40
 297:uCOSII/Ports/ARM-Cortex-M4/Generic/GNU/os_dbg.c ****     ptemp = (void *)&OSTaskSwHookEn;
  74              		.loc 1 297 5 view .LVU41
 298:uCOSII/Ports/ARM-Cortex-M4/Generic/GNU/os_dbg.c **** 
 299:uCOSII/Ports/ARM-Cortex-M4/Generic/GNU/os_dbg.c ****     ptemp = (void *)&OSTCBPrioTblMax;
  75              		.loc 1 299 5 view .LVU42
 300:uCOSII/Ports/ARM-Cortex-M4/Generic/GNU/os_dbg.c ****     ptemp = (void *)&OSTCBSize;
  76              		.loc 1 300 5 view .LVU43
 301:uCOSII/Ports/ARM-Cortex-M4/Generic/GNU/os_dbg.c **** 
 302:uCOSII/Ports/ARM-Cortex-M4/Generic/GNU/os_dbg.c ****     ptemp = (void *)&OSTicksPerSec;
  77              		.loc 1 302 5 view .LVU44
 303:uCOSII/Ports/ARM-Cortex-M4/Generic/GNU/os_dbg.c ****     ptemp = (void *)&OSTimeTickHookEn;
  78              		.loc 1 303 5 view .LVU45
 304:uCOSII/Ports/ARM-Cortex-M4/Generic/GNU/os_dbg.c **** 
 305:uCOSII/Ports/ARM-Cortex-M4/Generic/GNU/os_dbg.c **** #if OS_TMR_EN > 0u
 306:uCOSII/Ports/ARM-Cortex-M4/Generic/GNU/os_dbg.c ****     ptemp = (void *)&OSTmrTbl[0];
 307:uCOSII/Ports/ARM-Cortex-M4/Generic/GNU/os_dbg.c ****     ptemp = (void *)&OSTmrWheelTbl[0];
 308:uCOSII/Ports/ARM-Cortex-M4/Generic/GNU/os_dbg.c ****     
 309:uCOSII/Ports/ARM-Cortex-M4/Generic/GNU/os_dbg.c ****     ptemp = (void *)&OSTmrEn;
 310:uCOSII/Ports/ARM-Cortex-M4/Generic/GNU/os_dbg.c ****     ptemp = (void *)&OSTmrCfgMax;
 311:uCOSII/Ports/ARM-Cortex-M4/Generic/GNU/os_dbg.c ****     ptemp = (void *)&OSTmrCfgNameEn;
 312:uCOSII/Ports/ARM-Cortex-M4/Generic/GNU/os_dbg.c ****     ptemp = (void *)&OSTmrCfgWheelSize;
 313:uCOSII/Ports/ARM-Cortex-M4/Generic/GNU/os_dbg.c ****     ptemp = (void *)&OSTmrCfgTicksPerSec;
 314:uCOSII/Ports/ARM-Cortex-M4/Generic/GNU/os_dbg.c ****     ptemp = (void *)&OSTmrSize;
 315:uCOSII/Ports/ARM-Cortex-M4/Generic/GNU/os_dbg.c ****     ptemp = (void *)&OSTmrTblSize;
 316:uCOSII/Ports/ARM-Cortex-M4/Generic/GNU/os_dbg.c **** 
 317:uCOSII/Ports/ARM-Cortex-M4/Generic/GNU/os_dbg.c ****     ptemp = (void *)&OSTmrWheelSize;
 318:uCOSII/Ports/ARM-Cortex-M4/Generic/GNU/os_dbg.c ****     ptemp = (void *)&OSTmrWheelTblSize;
 319:uCOSII/Ports/ARM-Cortex-M4/Generic/GNU/os_dbg.c **** #endif
 320:uCOSII/Ports/ARM-Cortex-M4/Generic/GNU/os_dbg.c **** 
 321:uCOSII/Ports/ARM-Cortex-M4/Generic/GNU/os_dbg.c ****     ptemp = (void *)&OSVersionNbr;
  79              		.loc 1 321 5 view .LVU46
ARM GAS  /tmp/ccjw4q1L.s 			page 8


 322:uCOSII/Ports/ARM-Cortex-M4/Generic/GNU/os_dbg.c **** 
 323:uCOSII/Ports/ARM-Cortex-M4/Generic/GNU/os_dbg.c ****     ptemp = (void *)&OSDataSize;
  80              		.loc 1 323 5 view .LVU47
 324:uCOSII/Ports/ARM-Cortex-M4/Generic/GNU/os_dbg.c **** 
 325:uCOSII/Ports/ARM-Cortex-M4/Generic/GNU/os_dbg.c ****     ptemp = ptemp;                             /* Prevent compiler warning for 'ptemp' not being us
  81              		.loc 1 325 5 view .LVU48
 326:uCOSII/Ports/ARM-Cortex-M4/Generic/GNU/os_dbg.c **** }
  82              		.loc 1 326 1 is_stmt 0 view .LVU49
  83 0000 7047     		bx	lr
  84              		.cfi_endproc
  85              	.LFE0:
  87              		.global	OSDataSize
  88              		.global	OSTmrWheelTblSize
  89              		.global	OSTmrWheelSize
  90              		.global	OSTmrTblSize
  91              		.global	OSTmrSize
  92              		.global	OSTmrCfgTicksPerSec
  93              		.global	OSTmrCfgWheelSize
  94              		.global	OSTmrCfgNameEn
  95              		.global	OSTmrCfgMax
  96              		.global	OSTmrEn
  97              		.global	OSVersionNbr
  98              		.global	OSTimeTickHookEn
  99              		.global	OSTicksPerSec
 100              		.global	OSTCBSize
 101              		.global	OSTCBPrioTblMax
 102              		.global	OSTaskRegTblSize
 103              		.global	OSTaskSwHookEn
 104              		.global	OSTaskStatStkChkEn
 105              		.global	OSTaskStatStkSize
 106              		.global	OSTaskStatEn
 107              		.global	OSTaskNameEn
 108              		.global	OSTaskMax
 109              		.global	OSTaskProfileEn
 110              		.global	OSTaskIdleStkSize
 111              		.global	OSTaskDelEn
 112              		.global	OSTaskCreateExtEn
 113              		.global	OSTaskCreateEn
 114              		.global	OSStkWidth
 115              		.global	OSSemEn
 116              		.global	OSRdyTblSize
 117              		.global	OSQSize
 118              		.global	OSQMax
 119              		.global	OSQEn
 120              		.global	OSPtrSize
 121              		.global	OSMutexEn
 122              		.global	OSMemTblSize
 123              		.global	OSMemSize
 124              		.global	OSMemNameEn
 125              		.global	OSMemMax
 126              		.global	OSMemEn
 127              		.global	OSMboxEn
 128              		.global	OSLowestPrio
 129              		.global	OSFlagNameEn
 130              		.global	OSFlagMax
 131              		.global	OSFlagWidth
 132              		.global	OSFlagNodeSize
ARM GAS  /tmp/ccjw4q1L.s 			page 9


 133              		.global	OSFlagGrpSize
 134              		.global	OSFlagEn
 135              		.global	OSEventMultiEn
 136              		.global	OSEventTblSize
 137              		.global	OSEventSize
 138              		.global	OSEventNameEn
 139              		.global	OSEventMax
 140              		.global	OSEventEn
 141              		.global	OSEndiannessTest
 142              		.global	OSDebugEn
 143              		.section	.rodata.OSDataSize,"a"
 144              		.align	1
 147              	OSDataSize:
 148 0000 620F     		.short	3938
 149              		.section	.rodata.OSDebugEn,"a"
 150              		.align	1
 153              	OSDebugEn:
 154 0000 0100     		.short	1
 155              		.section	.rodata.OSEndiannessTest,"a"
 156              		.align	2
 159              	OSEndiannessTest:
 160 0000 78563412 		.word	305419896
 161              		.section	.rodata.OSEventEn,"a"
 162              		.align	1
 165              	OSEventEn:
 166 0000 0100     		.short	1
 167              		.section	.rodata.OSEventMax,"a"
 168              		.align	1
 171              	OSEventMax:
 172 0000 1400     		.short	20
 173              		.section	.rodata.OSEventMultiEn,"a"
 174              		.align	1
 177              	OSEventMultiEn:
 178 0000 0100     		.short	1
 179              		.section	.rodata.OSEventNameEn,"a"
 180              		.align	1
 183              	OSEventNameEn:
 184 0000 0100     		.short	1
 185              		.section	.rodata.OSEventSize,"a"
 186              		.align	1
 189              	OSEventSize:
 190 0000 1800     		.short	24
 191              		.section	.rodata.OSEventTblSize,"a"
 192              		.align	1
 195              	OSEventTblSize:
 196 0000 E001     		.short	480
 197              		.section	.rodata.OSFlagEn,"a"
 198              		.align	1
 201              	OSFlagEn:
 202 0000 0100     		.short	1
 203              		.section	.rodata.OSFlagGrpSize,"a"
 204              		.align	1
 207              	OSFlagGrpSize:
 208 0000 1000     		.short	16
 209              		.section	.rodata.OSFlagMax,"a"
 210              		.align	1
 213              	OSFlagMax:
ARM GAS  /tmp/ccjw4q1L.s 			page 10


 214 0000 0500     		.short	5
 215              		.section	.rodata.OSFlagNameEn,"a"
 216              		.align	1
 219              	OSFlagNameEn:
 220 0000 0100     		.short	1
 221              		.section	.rodata.OSFlagNodeSize,"a"
 222              		.align	1
 225              	OSFlagNodeSize:
 226 0000 1400     		.short	20
 227              		.section	.rodata.OSFlagWidth,"a"
 228              		.align	1
 231              	OSFlagWidth:
 232 0000 0200     		.short	2
 233              		.section	.rodata.OSLowestPrio,"a"
 234              		.align	1
 237              	OSLowestPrio:
 238 0000 3F00     		.short	63
 239              		.section	.rodata.OSMboxEn,"a"
 240              		.align	1
 243              	OSMboxEn:
 244 0000 0100     		.short	1
 245              		.section	.rodata.OSMemEn,"a"
 246              		.align	1
 249              	OSMemEn:
 250 0000 0000     		.space	2
 251              		.section	.rodata.OSMemMax,"a"
 252              		.align	1
 255              	OSMemMax:
 256 0000 0500     		.short	5
 257              		.section	.rodata.OSMemNameEn,"a"
 258              		.align	1
 261              	OSMemNameEn:
 262 0000 0100     		.short	1
 263              		.section	.rodata.OSMemSize,"a"
 264              		.align	1
 267              	OSMemSize:
 268 0000 0000     		.space	2
 269              		.section	.rodata.OSMemTblSize,"a"
 270              		.align	1
 273              	OSMemTblSize:
 274 0000 0000     		.space	2
 275              		.section	.rodata.OSMutexEn,"a"
 276              		.align	1
 279              	OSMutexEn:
 280 0000 0100     		.short	1
 281              		.section	.rodata.OSPtrSize,"a"
 282              		.align	1
 285              	OSPtrSize:
 286 0000 0400     		.short	4
 287              		.section	.rodata.OSQEn,"a"
 288              		.align	1
 291              	OSQEn:
 292 0000 0100     		.short	1
 293              		.section	.rodata.OSQMax,"a"
 294              		.align	1
 297              	OSQMax:
 298 0000 0400     		.short	4
ARM GAS  /tmp/ccjw4q1L.s 			page 11


 299              		.section	.rodata.OSQSize,"a"
 300              		.align	1
 303              	OSQSize:
 304 0000 1800     		.short	24
 305              		.section	.rodata.OSRdyTblSize,"a"
 306              		.align	1
 309              	OSRdyTblSize:
 310 0000 0800     		.short	8
 311              		.section	.rodata.OSSemEn,"a"
 312              		.align	1
 315              	OSSemEn:
 316 0000 0100     		.short	1
 317              		.section	.rodata.OSStkWidth,"a"
 318              		.align	1
 321              	OSStkWidth:
 322 0000 0400     		.short	4
 323              		.section	.rodata.OSTCBPrioTblMax,"a"
 324              		.align	1
 327              	OSTCBPrioTblMax:
 328 0000 4000     		.short	64
 329              		.section	.rodata.OSTCBSize,"a"
 330              		.align	1
 333              	OSTCBSize:
 334 0000 5800     		.short	88
 335              		.section	.rodata.OSTaskCreateEn,"a"
 336              		.align	1
 339              	OSTaskCreateEn:
 340 0000 0100     		.short	1
 341              		.section	.rodata.OSTaskCreateExtEn,"a"
 342              		.align	1
 345              	OSTaskCreateExtEn:
 346 0000 0100     		.short	1
 347              		.section	.rodata.OSTaskDelEn,"a"
 348              		.align	1
 351              	OSTaskDelEn:
 352 0000 0100     		.short	1
 353              		.section	.rodata.OSTaskIdleStkSize,"a"
 354              		.align	1
 357              	OSTaskIdleStkSize:
 358 0000 8000     		.short	128
 359              		.section	.rodata.OSTaskMax,"a"
 360              		.align	1
 363              	OSTaskMax:
 364 0000 1600     		.short	22
 365              		.section	.rodata.OSTaskNameEn,"a"
 366              		.align	1
 369              	OSTaskNameEn:
 370 0000 0100     		.short	1
 371              		.section	.rodata.OSTaskProfileEn,"a"
 372              		.align	1
 375              	OSTaskProfileEn:
 376 0000 0100     		.short	1
 377              		.section	.rodata.OSTaskRegTblSize,"a"
 378              		.align	1
 381              	OSTaskRegTblSize:
 382 0000 0100     		.short	1
 383              		.section	.rodata.OSTaskStatEn,"a"
ARM GAS  /tmp/ccjw4q1L.s 			page 12


 384              		.align	1
 387              	OSTaskStatEn:
 388 0000 0100     		.short	1
 389              		.section	.rodata.OSTaskStatStkChkEn,"a"
 390              		.align	1
 393              	OSTaskStatStkChkEn:
 394 0000 0100     		.short	1
 395              		.section	.rodata.OSTaskStatStkSize,"a"
 396              		.align	1
 399              	OSTaskStatStkSize:
 400 0000 8000     		.short	128
 401              		.section	.rodata.OSTaskSwHookEn,"a"
 402              		.align	1
 405              	OSTaskSwHookEn:
 406 0000 0100     		.short	1
 407              		.section	.rodata.OSTicksPerSec,"a"
 408              		.align	1
 411              	OSTicksPerSec:
 412 0000 6400     		.short	100
 413              		.section	.rodata.OSTimeTickHookEn,"a"
 414              		.align	1
 417              	OSTimeTickHookEn:
 418 0000 0100     		.short	1
 419              		.section	.rodata.OSTmrCfgMax,"a"
 420              		.align	1
 423              	OSTmrCfgMax:
 424 0000 1000     		.short	16
 425              		.section	.rodata.OSTmrCfgNameEn,"a"
 426              		.align	1
 429              	OSTmrCfgNameEn:
 430 0000 0100     		.short	1
 431              		.section	.rodata.OSTmrCfgTicksPerSec,"a"
 432              		.align	1
 435              	OSTmrCfgTicksPerSec:
 436 0000 0A00     		.short	10
 437              		.section	.rodata.OSTmrCfgWheelSize,"a"
 438              		.align	1
 441              	OSTmrCfgWheelSize:
 442 0000 0700     		.short	7
 443              		.section	.rodata.OSTmrEn,"a"
 444              		.align	1
 447              	OSTmrEn:
 448 0000 0000     		.space	2
 449              		.section	.rodata.OSTmrSize,"a"
 450              		.align	1
 453              	OSTmrSize:
 454 0000 0000     		.space	2
 455              		.section	.rodata.OSTmrTblSize,"a"
 456              		.align	1
 459              	OSTmrTblSize:
 460 0000 0000     		.space	2
 461              		.section	.rodata.OSTmrWheelSize,"a"
 462              		.align	1
 465              	OSTmrWheelSize:
 466 0000 0000     		.space	2
 467              		.section	.rodata.OSTmrWheelTblSize,"a"
 468              		.align	1
ARM GAS  /tmp/ccjw4q1L.s 			page 13


 471              	OSTmrWheelTblSize:
 472 0000 0000     		.space	2
 473              		.section	.rodata.OSVersionNbr,"a"
 474              		.align	1
 477              	OSVersionNbr:
 478 0000 1B72     		.short	29211
 479              		.text
 480              	.Letext0:
 481              		.file 2 "uCOSII/Ports/ARM-Cortex-M4/Generic/GNU/os_cpu.h"
 482              		.file 3 "uCOSII/Include/ucos_ii.h"
ARM GAS  /tmp/ccjw4q1L.s 			page 14


DEFINED SYMBOLS
                            *ABS*:0000000000000000 os_dbg.c
     /tmp/ccjw4q1L.s:18     .text.OSDebugInit:0000000000000000 $t
     /tmp/ccjw4q1L.s:26     .text.OSDebugInit:0000000000000000 OSDebugInit
     /tmp/ccjw4q1L.s:147    .rodata.OSDataSize:0000000000000000 OSDataSize
     /tmp/ccjw4q1L.s:471    .rodata.OSTmrWheelTblSize:0000000000000000 OSTmrWheelTblSize
     /tmp/ccjw4q1L.s:465    .rodata.OSTmrWheelSize:0000000000000000 OSTmrWheelSize
     /tmp/ccjw4q1L.s:459    .rodata.OSTmrTblSize:0000000000000000 OSTmrTblSize
     /tmp/ccjw4q1L.s:453    .rodata.OSTmrSize:0000000000000000 OSTmrSize
     /tmp/ccjw4q1L.s:435    .rodata.OSTmrCfgTicksPerSec:0000000000000000 OSTmrCfgTicksPerSec
     /tmp/ccjw4q1L.s:441    .rodata.OSTmrCfgWheelSize:0000000000000000 OSTmrCfgWheelSize
     /tmp/ccjw4q1L.s:429    .rodata.OSTmrCfgNameEn:0000000000000000 OSTmrCfgNameEn
     /tmp/ccjw4q1L.s:423    .rodata.OSTmrCfgMax:0000000000000000 OSTmrCfgMax
     /tmp/ccjw4q1L.s:447    .rodata.OSTmrEn:0000000000000000 OSTmrEn
     /tmp/ccjw4q1L.s:477    .rodata.OSVersionNbr:0000000000000000 OSVersionNbr
     /tmp/ccjw4q1L.s:417    .rodata.OSTimeTickHookEn:0000000000000000 OSTimeTickHookEn
     /tmp/ccjw4q1L.s:411    .rodata.OSTicksPerSec:0000000000000000 OSTicksPerSec
     /tmp/ccjw4q1L.s:333    .rodata.OSTCBSize:0000000000000000 OSTCBSize
     /tmp/ccjw4q1L.s:327    .rodata.OSTCBPrioTblMax:0000000000000000 OSTCBPrioTblMax
     /tmp/ccjw4q1L.s:381    .rodata.OSTaskRegTblSize:0000000000000000 OSTaskRegTblSize
     /tmp/ccjw4q1L.s:405    .rodata.OSTaskSwHookEn:0000000000000000 OSTaskSwHookEn
     /tmp/ccjw4q1L.s:393    .rodata.OSTaskStatStkChkEn:0000000000000000 OSTaskStatStkChkEn
     /tmp/ccjw4q1L.s:399    .rodata.OSTaskStatStkSize:0000000000000000 OSTaskStatStkSize
     /tmp/ccjw4q1L.s:387    .rodata.OSTaskStatEn:0000000000000000 OSTaskStatEn
     /tmp/ccjw4q1L.s:369    .rodata.OSTaskNameEn:0000000000000000 OSTaskNameEn
     /tmp/ccjw4q1L.s:363    .rodata.OSTaskMax:0000000000000000 OSTaskMax
     /tmp/ccjw4q1L.s:375    .rodata.OSTaskProfileEn:0000000000000000 OSTaskProfileEn
     /tmp/ccjw4q1L.s:357    .rodata.OSTaskIdleStkSize:0000000000000000 OSTaskIdleStkSize
     /tmp/ccjw4q1L.s:351    .rodata.OSTaskDelEn:0000000000000000 OSTaskDelEn
     /tmp/ccjw4q1L.s:345    .rodata.OSTaskCreateExtEn:0000000000000000 OSTaskCreateExtEn
     /tmp/ccjw4q1L.s:339    .rodata.OSTaskCreateEn:0000000000000000 OSTaskCreateEn
     /tmp/ccjw4q1L.s:321    .rodata.OSStkWidth:0000000000000000 OSStkWidth
     /tmp/ccjw4q1L.s:315    .rodata.OSSemEn:0000000000000000 OSSemEn
     /tmp/ccjw4q1L.s:309    .rodata.OSRdyTblSize:0000000000000000 OSRdyTblSize
     /tmp/ccjw4q1L.s:303    .rodata.OSQSize:0000000000000000 OSQSize
     /tmp/ccjw4q1L.s:297    .rodata.OSQMax:0000000000000000 OSQMax
     /tmp/ccjw4q1L.s:291    .rodata.OSQEn:0000000000000000 OSQEn
     /tmp/ccjw4q1L.s:285    .rodata.OSPtrSize:0000000000000000 OSPtrSize
     /tmp/ccjw4q1L.s:279    .rodata.OSMutexEn:0000000000000000 OSMutexEn
     /tmp/ccjw4q1L.s:273    .rodata.OSMemTblSize:0000000000000000 OSMemTblSize
     /tmp/ccjw4q1L.s:267    .rodata.OSMemSize:0000000000000000 OSMemSize
     /tmp/ccjw4q1L.s:261    .rodata.OSMemNameEn:0000000000000000 OSMemNameEn
     /tmp/ccjw4q1L.s:255    .rodata.OSMemMax:0000000000000000 OSMemMax
     /tmp/ccjw4q1L.s:249    .rodata.OSMemEn:0000000000000000 OSMemEn
     /tmp/ccjw4q1L.s:243    .rodata.OSMboxEn:0000000000000000 OSMboxEn
     /tmp/ccjw4q1L.s:237    .rodata.OSLowestPrio:0000000000000000 OSLowestPrio
     /tmp/ccjw4q1L.s:219    .rodata.OSFlagNameEn:0000000000000000 OSFlagNameEn
     /tmp/ccjw4q1L.s:213    .rodata.OSFlagMax:0000000000000000 OSFlagMax
     /tmp/ccjw4q1L.s:231    .rodata.OSFlagWidth:0000000000000000 OSFlagWidth
     /tmp/ccjw4q1L.s:225    .rodata.OSFlagNodeSize:0000000000000000 OSFlagNodeSize
     /tmp/ccjw4q1L.s:207    .rodata.OSFlagGrpSize:0000000000000000 OSFlagGrpSize
     /tmp/ccjw4q1L.s:201    .rodata.OSFlagEn:0000000000000000 OSFlagEn
     /tmp/ccjw4q1L.s:177    .rodata.OSEventMultiEn:0000000000000000 OSEventMultiEn
     /tmp/ccjw4q1L.s:195    .rodata.OSEventTblSize:0000000000000000 OSEventTblSize
     /tmp/ccjw4q1L.s:189    .rodata.OSEventSize:0000000000000000 OSEventSize
     /tmp/ccjw4q1L.s:183    .rodata.OSEventNameEn:0000000000000000 OSEventNameEn
     /tmp/ccjw4q1L.s:171    .rodata.OSEventMax:0000000000000000 OSEventMax
ARM GAS  /tmp/ccjw4q1L.s 			page 15


     /tmp/ccjw4q1L.s:165    .rodata.OSEventEn:0000000000000000 OSEventEn
     /tmp/ccjw4q1L.s:159    .rodata.OSEndiannessTest:0000000000000000 OSEndiannessTest
     /tmp/ccjw4q1L.s:153    .rodata.OSDebugEn:0000000000000000 OSDebugEn
     /tmp/ccjw4q1L.s:144    .rodata.OSDataSize:0000000000000000 $d
     /tmp/ccjw4q1L.s:150    .rodata.OSDebugEn:0000000000000000 $d
     /tmp/ccjw4q1L.s:156    .rodata.OSEndiannessTest:0000000000000000 $d
     /tmp/ccjw4q1L.s:162    .rodata.OSEventEn:0000000000000000 $d
     /tmp/ccjw4q1L.s:168    .rodata.OSEventMax:0000000000000000 $d
     /tmp/ccjw4q1L.s:174    .rodata.OSEventMultiEn:0000000000000000 $d
     /tmp/ccjw4q1L.s:180    .rodata.OSEventNameEn:0000000000000000 $d
     /tmp/ccjw4q1L.s:186    .rodata.OSEventSize:0000000000000000 $d
     /tmp/ccjw4q1L.s:192    .rodata.OSEventTblSize:0000000000000000 $d
     /tmp/ccjw4q1L.s:198    .rodata.OSFlagEn:0000000000000000 $d
     /tmp/ccjw4q1L.s:204    .rodata.OSFlagGrpSize:0000000000000000 $d
     /tmp/ccjw4q1L.s:210    .rodata.OSFlagMax:0000000000000000 $d
     /tmp/ccjw4q1L.s:216    .rodata.OSFlagNameEn:0000000000000000 $d
     /tmp/ccjw4q1L.s:222    .rodata.OSFlagNodeSize:0000000000000000 $d
     /tmp/ccjw4q1L.s:228    .rodata.OSFlagWidth:0000000000000000 $d
     /tmp/ccjw4q1L.s:234    .rodata.OSLowestPrio:0000000000000000 $d
     /tmp/ccjw4q1L.s:240    .rodata.OSMboxEn:0000000000000000 $d
     /tmp/ccjw4q1L.s:246    .rodata.OSMemEn:0000000000000000 $d
     /tmp/ccjw4q1L.s:252    .rodata.OSMemMax:0000000000000000 $d
     /tmp/ccjw4q1L.s:258    .rodata.OSMemNameEn:0000000000000000 $d
     /tmp/ccjw4q1L.s:264    .rodata.OSMemSize:0000000000000000 $d
     /tmp/ccjw4q1L.s:270    .rodata.OSMemTblSize:0000000000000000 $d
     /tmp/ccjw4q1L.s:276    .rodata.OSMutexEn:0000000000000000 $d
     /tmp/ccjw4q1L.s:282    .rodata.OSPtrSize:0000000000000000 $d
     /tmp/ccjw4q1L.s:288    .rodata.OSQEn:0000000000000000 $d
     /tmp/ccjw4q1L.s:294    .rodata.OSQMax:0000000000000000 $d
     /tmp/ccjw4q1L.s:300    .rodata.OSQSize:0000000000000000 $d
     /tmp/ccjw4q1L.s:306    .rodata.OSRdyTblSize:0000000000000000 $d
     /tmp/ccjw4q1L.s:312    .rodata.OSSemEn:0000000000000000 $d
     /tmp/ccjw4q1L.s:318    .rodata.OSStkWidth:0000000000000000 $d
     /tmp/ccjw4q1L.s:324    .rodata.OSTCBPrioTblMax:0000000000000000 $d
     /tmp/ccjw4q1L.s:330    .rodata.OSTCBSize:0000000000000000 $d
     /tmp/ccjw4q1L.s:336    .rodata.OSTaskCreateEn:0000000000000000 $d
     /tmp/ccjw4q1L.s:342    .rodata.OSTaskCreateExtEn:0000000000000000 $d
     /tmp/ccjw4q1L.s:348    .rodata.OSTaskDelEn:0000000000000000 $d
     /tmp/ccjw4q1L.s:354    .rodata.OSTaskIdleStkSize:0000000000000000 $d
     /tmp/ccjw4q1L.s:360    .rodata.OSTaskMax:0000000000000000 $d
     /tmp/ccjw4q1L.s:366    .rodata.OSTaskNameEn:0000000000000000 $d
     /tmp/ccjw4q1L.s:372    .rodata.OSTaskProfileEn:0000000000000000 $d
     /tmp/ccjw4q1L.s:378    .rodata.OSTaskRegTblSize:0000000000000000 $d
     /tmp/ccjw4q1L.s:384    .rodata.OSTaskStatEn:0000000000000000 $d
     /tmp/ccjw4q1L.s:390    .rodata.OSTaskStatStkChkEn:0000000000000000 $d
     /tmp/ccjw4q1L.s:396    .rodata.OSTaskStatStkSize:0000000000000000 $d
     /tmp/ccjw4q1L.s:402    .rodata.OSTaskSwHookEn:0000000000000000 $d
     /tmp/ccjw4q1L.s:408    .rodata.OSTicksPerSec:0000000000000000 $d
     /tmp/ccjw4q1L.s:414    .rodata.OSTimeTickHookEn:0000000000000000 $d
     /tmp/ccjw4q1L.s:420    .rodata.OSTmrCfgMax:0000000000000000 $d
     /tmp/ccjw4q1L.s:426    .rodata.OSTmrCfgNameEn:0000000000000000 $d
     /tmp/ccjw4q1L.s:432    .rodata.OSTmrCfgTicksPerSec:0000000000000000 $d
     /tmp/ccjw4q1L.s:438    .rodata.OSTmrCfgWheelSize:0000000000000000 $d
     /tmp/ccjw4q1L.s:444    .rodata.OSTmrEn:0000000000000000 $d
     /tmp/ccjw4q1L.s:450    .rodata.OSTmrSize:0000000000000000 $d
     /tmp/ccjw4q1L.s:456    .rodata.OSTmrTblSize:0000000000000000 $d
     /tmp/ccjw4q1L.s:462    .rodata.OSTmrWheelSize:0000000000000000 $d
ARM GAS  /tmp/ccjw4q1L.s 			page 16


     /tmp/ccjw4q1L.s:468    .rodata.OSTmrWheelTblSize:0000000000000000 $d
     /tmp/ccjw4q1L.s:474    .rodata.OSVersionNbr:0000000000000000 $d

NO UNDEFINED SYMBOLS
