ARM GAS  /tmp/ccSt3Sis.s 			page 1


   1              		.cpu cortex-m4
   2              		.eabi_attribute 27, 1
   3              		.eabi_attribute 28, 1
   4              		.eabi_attribute 20, 1
   5              		.eabi_attribute 21, 1
   6              		.eabi_attribute 23, 3
   7              		.eabi_attribute 24, 1
   8              		.eabi_attribute 25, 1
   9              		.eabi_attribute 26, 1
  10              		.eabi_attribute 30, 1
  11              		.eabi_attribute 34, 1
  12              		.eabi_attribute 18, 4
  13              		.file	"stm32f4xx_syscfg.c"
  14              		.text
  15              	.Ltext0:
  16              		.cfi_sections	.debug_frame
  17              		.section	.text.SYSCFG_DeInit,"ax",%progbits
  18              		.align	1
  19              		.global	SYSCFG_DeInit
  20              		.arch armv7e-m
  21              		.syntax unified
  22              		.thumb
  23              		.thumb_func
  24              		.fpu fpv4-sp-d16
  26              	SYSCFG_DeInit:
  27              	.LFB130:
  28              		.file 1 "Drivers/STM32F4xx_StdPeriph_Driver/src/stm32f4xx_syscfg.c"
   1:Drivers/STM32F4xx_StdPeriph_Driver/src/stm32f4xx_syscfg.c **** /**
   2:Drivers/STM32F4xx_StdPeriph_Driver/src/stm32f4xx_syscfg.c ****   ******************************************************************************
   3:Drivers/STM32F4xx_StdPeriph_Driver/src/stm32f4xx_syscfg.c ****   * @file    stm32f4xx_syscfg.c
   4:Drivers/STM32F4xx_StdPeriph_Driver/src/stm32f4xx_syscfg.c ****   * @author  MCD Application Team
   5:Drivers/STM32F4xx_StdPeriph_Driver/src/stm32f4xx_syscfg.c ****   * @version V1.0.2
   6:Drivers/STM32F4xx_StdPeriph_Driver/src/stm32f4xx_syscfg.c ****   * @date    05-March-2012
   7:Drivers/STM32F4xx_StdPeriph_Driver/src/stm32f4xx_syscfg.c ****   * @brief   This file provides firmware functions to manage the SYSCFG peripheral.
   8:Drivers/STM32F4xx_StdPeriph_Driver/src/stm32f4xx_syscfg.c ****   *
   9:Drivers/STM32F4xx_StdPeriph_Driver/src/stm32f4xx_syscfg.c ****   *  @verbatim
  10:Drivers/STM32F4xx_StdPeriph_Driver/src/stm32f4xx_syscfg.c ****   *  
  11:Drivers/STM32F4xx_StdPeriph_Driver/src/stm32f4xx_syscfg.c ****   *          ===================================================================
  12:Drivers/STM32F4xx_StdPeriph_Driver/src/stm32f4xx_syscfg.c ****   *                                 How to use this driver
  13:Drivers/STM32F4xx_StdPeriph_Driver/src/stm32f4xx_syscfg.c ****   *          ===================================================================
  14:Drivers/STM32F4xx_StdPeriph_Driver/src/stm32f4xx_syscfg.c ****   *                  
  15:Drivers/STM32F4xx_StdPeriph_Driver/src/stm32f4xx_syscfg.c ****   *          This driver provides functions for:
  16:Drivers/STM32F4xx_StdPeriph_Driver/src/stm32f4xx_syscfg.c ****   *          
  17:Drivers/STM32F4xx_StdPeriph_Driver/src/stm32f4xx_syscfg.c ****   *          1. Remapping the memory accessible in the code area using SYSCFG_MemoryRemapConfig()
  18:Drivers/STM32F4xx_StdPeriph_Driver/src/stm32f4xx_syscfg.c ****   *              
  19:Drivers/STM32F4xx_StdPeriph_Driver/src/stm32f4xx_syscfg.c ****   *          2. Manage the EXTI lines connection to the GPIOs using SYSCFG_EXTILineConfig()
  20:Drivers/STM32F4xx_StdPeriph_Driver/src/stm32f4xx_syscfg.c ****   *            
  21:Drivers/STM32F4xx_StdPeriph_Driver/src/stm32f4xx_syscfg.c ****   *          3. Select the ETHERNET media interface (RMII/RII) using SYSCFG_ETH_MediaInterfaceConfi
  22:Drivers/STM32F4xx_StdPeriph_Driver/src/stm32f4xx_syscfg.c ****   *
  23:Drivers/STM32F4xx_StdPeriph_Driver/src/stm32f4xx_syscfg.c ****   *  @note  SYSCFG APB clock must be enabled to get write access to SYSCFG registers,
  24:Drivers/STM32F4xx_StdPeriph_Driver/src/stm32f4xx_syscfg.c ****   *         using RCC_APB2PeriphClockCmd(RCC_APB2Periph_SYSCFG, ENABLE);
  25:Drivers/STM32F4xx_StdPeriph_Driver/src/stm32f4xx_syscfg.c ****   *                 
  26:Drivers/STM32F4xx_StdPeriph_Driver/src/stm32f4xx_syscfg.c ****   *  @endverbatim
  27:Drivers/STM32F4xx_StdPeriph_Driver/src/stm32f4xx_syscfg.c ****   *      
  28:Drivers/STM32F4xx_StdPeriph_Driver/src/stm32f4xx_syscfg.c ****   ******************************************************************************
  29:Drivers/STM32F4xx_StdPeriph_Driver/src/stm32f4xx_syscfg.c ****   * @attention
  30:Drivers/STM32F4xx_StdPeriph_Driver/src/stm32f4xx_syscfg.c ****   *
ARM GAS  /tmp/ccSt3Sis.s 			page 2


  31:Drivers/STM32F4xx_StdPeriph_Driver/src/stm32f4xx_syscfg.c ****   * <h2><center>&copy; COPYRIGHT 2012 STMicroelectronics</center></h2>
  32:Drivers/STM32F4xx_StdPeriph_Driver/src/stm32f4xx_syscfg.c ****   *
  33:Drivers/STM32F4xx_StdPeriph_Driver/src/stm32f4xx_syscfg.c ****   * Licensed under MCD-ST Liberty SW License Agreement V2, (the "License");
  34:Drivers/STM32F4xx_StdPeriph_Driver/src/stm32f4xx_syscfg.c ****   * You may not use this file except in compliance with the License.
  35:Drivers/STM32F4xx_StdPeriph_Driver/src/stm32f4xx_syscfg.c ****   * You may obtain a copy of the License at:
  36:Drivers/STM32F4xx_StdPeriph_Driver/src/stm32f4xx_syscfg.c ****   *
  37:Drivers/STM32F4xx_StdPeriph_Driver/src/stm32f4xx_syscfg.c ****   *        http://www.st.com/software_license_agreement_liberty_v2
  38:Drivers/STM32F4xx_StdPeriph_Driver/src/stm32f4xx_syscfg.c ****   *
  39:Drivers/STM32F4xx_StdPeriph_Driver/src/stm32f4xx_syscfg.c ****   * Unless required by applicable law or agreed to in writing, software 
  40:Drivers/STM32F4xx_StdPeriph_Driver/src/stm32f4xx_syscfg.c ****   * distributed under the License is distributed on an "AS IS" BASIS, 
  41:Drivers/STM32F4xx_StdPeriph_Driver/src/stm32f4xx_syscfg.c ****   * WITHOUT WARRANTIES OR CONDITIONS OF ANY KIND, either express or implied.
  42:Drivers/STM32F4xx_StdPeriph_Driver/src/stm32f4xx_syscfg.c ****   * See the License for the specific language governing permissions and
  43:Drivers/STM32F4xx_StdPeriph_Driver/src/stm32f4xx_syscfg.c ****   * limitations under the License.
  44:Drivers/STM32F4xx_StdPeriph_Driver/src/stm32f4xx_syscfg.c ****   *
  45:Drivers/STM32F4xx_StdPeriph_Driver/src/stm32f4xx_syscfg.c ****   ******************************************************************************
  46:Drivers/STM32F4xx_StdPeriph_Driver/src/stm32f4xx_syscfg.c ****   */
  47:Drivers/STM32F4xx_StdPeriph_Driver/src/stm32f4xx_syscfg.c **** 
  48:Drivers/STM32F4xx_StdPeriph_Driver/src/stm32f4xx_syscfg.c **** /* Includes ------------------------------------------------------------------*/
  49:Drivers/STM32F4xx_StdPeriph_Driver/src/stm32f4xx_syscfg.c **** #include "stm32f4xx_syscfg.h"
  50:Drivers/STM32F4xx_StdPeriph_Driver/src/stm32f4xx_syscfg.c **** #include "stm32f4xx_rcc.h"
  51:Drivers/STM32F4xx_StdPeriph_Driver/src/stm32f4xx_syscfg.c **** 
  52:Drivers/STM32F4xx_StdPeriph_Driver/src/stm32f4xx_syscfg.c **** /** @addtogroup STM32F4xx_StdPeriph_Driver
  53:Drivers/STM32F4xx_StdPeriph_Driver/src/stm32f4xx_syscfg.c ****   * @{
  54:Drivers/STM32F4xx_StdPeriph_Driver/src/stm32f4xx_syscfg.c ****   */
  55:Drivers/STM32F4xx_StdPeriph_Driver/src/stm32f4xx_syscfg.c **** 
  56:Drivers/STM32F4xx_StdPeriph_Driver/src/stm32f4xx_syscfg.c **** /** @defgroup SYSCFG 
  57:Drivers/STM32F4xx_StdPeriph_Driver/src/stm32f4xx_syscfg.c ****   * @brief SYSCFG driver modules
  58:Drivers/STM32F4xx_StdPeriph_Driver/src/stm32f4xx_syscfg.c ****   * @{
  59:Drivers/STM32F4xx_StdPeriph_Driver/src/stm32f4xx_syscfg.c ****   */ 
  60:Drivers/STM32F4xx_StdPeriph_Driver/src/stm32f4xx_syscfg.c **** 
  61:Drivers/STM32F4xx_StdPeriph_Driver/src/stm32f4xx_syscfg.c **** /* Private typedef -----------------------------------------------------------*/
  62:Drivers/STM32F4xx_StdPeriph_Driver/src/stm32f4xx_syscfg.c **** /* Private define ------------------------------------------------------------*/
  63:Drivers/STM32F4xx_StdPeriph_Driver/src/stm32f4xx_syscfg.c **** /* ------------ RCC registers bit address in the alias region ----------- */
  64:Drivers/STM32F4xx_StdPeriph_Driver/src/stm32f4xx_syscfg.c **** #define SYSCFG_OFFSET             (SYSCFG_BASE - PERIPH_BASE)
  65:Drivers/STM32F4xx_StdPeriph_Driver/src/stm32f4xx_syscfg.c **** /* ---  PMC Register ---*/ 
  66:Drivers/STM32F4xx_StdPeriph_Driver/src/stm32f4xx_syscfg.c **** /* Alias word address of MII_RMII_SEL bit */ 
  67:Drivers/STM32F4xx_StdPeriph_Driver/src/stm32f4xx_syscfg.c **** #define PMC_OFFSET                (SYSCFG_OFFSET + 0x04) 
  68:Drivers/STM32F4xx_StdPeriph_Driver/src/stm32f4xx_syscfg.c **** #define MII_RMII_SEL_BitNumber    ((uint8_t)0x17) 
  69:Drivers/STM32F4xx_StdPeriph_Driver/src/stm32f4xx_syscfg.c **** #define PMC_MII_RMII_SEL_BB       (PERIPH_BB_BASE + (PMC_OFFSET * 32) + (MII_RMII_SEL_BitNumber * 4
  70:Drivers/STM32F4xx_StdPeriph_Driver/src/stm32f4xx_syscfg.c **** 
  71:Drivers/STM32F4xx_StdPeriph_Driver/src/stm32f4xx_syscfg.c **** /* ---  CMPCR Register ---*/ 
  72:Drivers/STM32F4xx_StdPeriph_Driver/src/stm32f4xx_syscfg.c **** /* Alias word address of CMP_PD bit */ 
  73:Drivers/STM32F4xx_StdPeriph_Driver/src/stm32f4xx_syscfg.c **** #define CMPCR_OFFSET              (SYSCFG_OFFSET + 0x20) 
  74:Drivers/STM32F4xx_StdPeriph_Driver/src/stm32f4xx_syscfg.c **** #define CMP_PD_BitNumber          ((uint8_t)0x00) 
  75:Drivers/STM32F4xx_StdPeriph_Driver/src/stm32f4xx_syscfg.c **** #define CMPCR_CMP_PD_BB           (PERIPH_BB_BASE + (CMPCR_OFFSET * 32) + (CMP_PD_BitNumber * 4)) 
  76:Drivers/STM32F4xx_StdPeriph_Driver/src/stm32f4xx_syscfg.c **** 
  77:Drivers/STM32F4xx_StdPeriph_Driver/src/stm32f4xx_syscfg.c **** /* Private macro -------------------------------------------------------------*/
  78:Drivers/STM32F4xx_StdPeriph_Driver/src/stm32f4xx_syscfg.c **** /* Private variables ---------------------------------------------------------*/
  79:Drivers/STM32F4xx_StdPeriph_Driver/src/stm32f4xx_syscfg.c **** /* Private function prototypes -----------------------------------------------*/
  80:Drivers/STM32F4xx_StdPeriph_Driver/src/stm32f4xx_syscfg.c **** /* Private functions ---------------------------------------------------------*/
  81:Drivers/STM32F4xx_StdPeriph_Driver/src/stm32f4xx_syscfg.c **** 
  82:Drivers/STM32F4xx_StdPeriph_Driver/src/stm32f4xx_syscfg.c **** /** @defgroup SYSCFG_Private_Functions
  83:Drivers/STM32F4xx_StdPeriph_Driver/src/stm32f4xx_syscfg.c ****   * @{
  84:Drivers/STM32F4xx_StdPeriph_Driver/src/stm32f4xx_syscfg.c ****   */ 
  85:Drivers/STM32F4xx_StdPeriph_Driver/src/stm32f4xx_syscfg.c **** 
  86:Drivers/STM32F4xx_StdPeriph_Driver/src/stm32f4xx_syscfg.c **** /**
  87:Drivers/STM32F4xx_StdPeriph_Driver/src/stm32f4xx_syscfg.c ****   * @brief  Deinitializes the Alternate Functions (remap and EXTI configuration)
ARM GAS  /tmp/ccSt3Sis.s 			page 3


  88:Drivers/STM32F4xx_StdPeriph_Driver/src/stm32f4xx_syscfg.c ****   *   registers to their default reset values.
  89:Drivers/STM32F4xx_StdPeriph_Driver/src/stm32f4xx_syscfg.c ****   * @param  None
  90:Drivers/STM32F4xx_StdPeriph_Driver/src/stm32f4xx_syscfg.c ****   * @retval None
  91:Drivers/STM32F4xx_StdPeriph_Driver/src/stm32f4xx_syscfg.c ****   */
  92:Drivers/STM32F4xx_StdPeriph_Driver/src/stm32f4xx_syscfg.c **** void SYSCFG_DeInit(void)
  93:Drivers/STM32F4xx_StdPeriph_Driver/src/stm32f4xx_syscfg.c **** {
  29              		.loc 1 93 1 view -0
  30              		.cfi_startproc
  31              		@ args = 0, pretend = 0, frame = 0
  32              		@ frame_needed = 0, uses_anonymous_args = 0
  33 0000 08B5     		push	{r3, lr}
  34              	.LCFI0:
  35              		.cfi_def_cfa_offset 8
  36              		.cfi_offset 3, -8
  37              		.cfi_offset 14, -4
  94:Drivers/STM32F4xx_StdPeriph_Driver/src/stm32f4xx_syscfg.c ****    RCC_APB2PeriphResetCmd(RCC_APB2Periph_SYSCFG, ENABLE);
  38              		.loc 1 94 4 view .LVU1
  39 0002 0121     		movs	r1, #1
  40 0004 4FF48040 		mov	r0, #16384
  41 0008 FFF7FEFF 		bl	RCC_APB2PeriphResetCmd
  42              	.LVL0:
  95:Drivers/STM32F4xx_StdPeriph_Driver/src/stm32f4xx_syscfg.c ****    RCC_APB2PeriphResetCmd(RCC_APB2Periph_SYSCFG, DISABLE);
  43              		.loc 1 95 4 view .LVU2
  44 000c 0021     		movs	r1, #0
  45 000e 4FF48040 		mov	r0, #16384
  46 0012 FFF7FEFF 		bl	RCC_APB2PeriphResetCmd
  47              	.LVL1:
  96:Drivers/STM32F4xx_StdPeriph_Driver/src/stm32f4xx_syscfg.c **** }
  48              		.loc 1 96 1 is_stmt 0 view .LVU3
  49 0016 08BD     		pop	{r3, pc}
  50              		.cfi_endproc
  51              	.LFE130:
  53              		.section	.text.SYSCFG_MemoryRemapConfig,"ax",%progbits
  54              		.align	1
  55              		.global	SYSCFG_MemoryRemapConfig
  56              		.syntax unified
  57              		.thumb
  58              		.thumb_func
  59              		.fpu fpv4-sp-d16
  61              	SYSCFG_MemoryRemapConfig:
  62              	.LVL2:
  63              	.LFB131:
  97:Drivers/STM32F4xx_StdPeriph_Driver/src/stm32f4xx_syscfg.c **** 
  98:Drivers/STM32F4xx_StdPeriph_Driver/src/stm32f4xx_syscfg.c **** /**
  99:Drivers/STM32F4xx_StdPeriph_Driver/src/stm32f4xx_syscfg.c ****   * @brief  Changes the mapping of the specified pin.
 100:Drivers/STM32F4xx_StdPeriph_Driver/src/stm32f4xx_syscfg.c ****   * @param  SYSCFG_Memory: selects the memory remapping.
 101:Drivers/STM32F4xx_StdPeriph_Driver/src/stm32f4xx_syscfg.c ****   *         This parameter can be one of the following values:
 102:Drivers/STM32F4xx_StdPeriph_Driver/src/stm32f4xx_syscfg.c ****   *            @arg SYSCFG_MemoryRemap_Flash:       Main Flash memory mapped at 0x00000000  
 103:Drivers/STM32F4xx_StdPeriph_Driver/src/stm32f4xx_syscfg.c ****   *            @arg SYSCFG_MemoryRemap_SystemFlash: System Flash memory mapped at 0x00000000
 104:Drivers/STM32F4xx_StdPeriph_Driver/src/stm32f4xx_syscfg.c ****   *            @arg SYSCFG_MemoryRemap_FSMC:        FSMC (Bank1 (NOR/PSRAM 1 and 2) mapped at 0x000
 105:Drivers/STM32F4xx_StdPeriph_Driver/src/stm32f4xx_syscfg.c ****   *            @arg SYSCFG_MemoryRemap_SRAM:        Embedded SRAM (112kB) mapped at 0x00000000
 106:Drivers/STM32F4xx_StdPeriph_Driver/src/stm32f4xx_syscfg.c ****   * @retval None
 107:Drivers/STM32F4xx_StdPeriph_Driver/src/stm32f4xx_syscfg.c ****   */
 108:Drivers/STM32F4xx_StdPeriph_Driver/src/stm32f4xx_syscfg.c **** void SYSCFG_MemoryRemapConfig(uint8_t SYSCFG_MemoryRemap)
 109:Drivers/STM32F4xx_StdPeriph_Driver/src/stm32f4xx_syscfg.c **** {
  64              		.loc 1 109 1 is_stmt 1 view -0
  65              		.cfi_startproc
ARM GAS  /tmp/ccSt3Sis.s 			page 4


  66              		@ args = 0, pretend = 0, frame = 0
  67              		@ frame_needed = 0, uses_anonymous_args = 0
  68              		@ link register save eliminated.
 110:Drivers/STM32F4xx_StdPeriph_Driver/src/stm32f4xx_syscfg.c ****   /* Check the parameters */
 111:Drivers/STM32F4xx_StdPeriph_Driver/src/stm32f4xx_syscfg.c ****   assert_param(IS_SYSCFG_MEMORY_REMAP_CONFING(SYSCFG_MemoryRemap));
  69              		.loc 1 111 3 view .LVU5
 112:Drivers/STM32F4xx_StdPeriph_Driver/src/stm32f4xx_syscfg.c **** 
 113:Drivers/STM32F4xx_StdPeriph_Driver/src/stm32f4xx_syscfg.c ****   SYSCFG->MEMRMP = SYSCFG_MemoryRemap;
  70              		.loc 1 113 3 view .LVU6
  71              		.loc 1 113 18 is_stmt 0 view .LVU7
  72 0000 014B     		ldr	r3, .L4
  73 0002 1860     		str	r0, [r3]
 114:Drivers/STM32F4xx_StdPeriph_Driver/src/stm32f4xx_syscfg.c **** }
  74              		.loc 1 114 1 view .LVU8
  75 0004 7047     		bx	lr
  76              	.L5:
  77 0006 00BF     		.align	2
  78              	.L4:
  79 0008 00380140 		.word	1073821696
  80              		.cfi_endproc
  81              	.LFE131:
  83              		.section	.text.SYSCFG_EXTILineConfig,"ax",%progbits
  84              		.align	1
  85              		.global	SYSCFG_EXTILineConfig
  86              		.syntax unified
  87              		.thumb
  88              		.thumb_func
  89              		.fpu fpv4-sp-d16
  91              	SYSCFG_EXTILineConfig:
  92              	.LVL3:
  93              	.LFB132:
 115:Drivers/STM32F4xx_StdPeriph_Driver/src/stm32f4xx_syscfg.c **** 
 116:Drivers/STM32F4xx_StdPeriph_Driver/src/stm32f4xx_syscfg.c **** /**
 117:Drivers/STM32F4xx_StdPeriph_Driver/src/stm32f4xx_syscfg.c ****   * @brief  Selects the GPIO pin used as EXTI Line.
 118:Drivers/STM32F4xx_StdPeriph_Driver/src/stm32f4xx_syscfg.c ****   * @param  EXTI_PortSourceGPIOx : selects the GPIO port to be used as source for
 119:Drivers/STM32F4xx_StdPeriph_Driver/src/stm32f4xx_syscfg.c ****   *          EXTI lines where x can be (A..I).
 120:Drivers/STM32F4xx_StdPeriph_Driver/src/stm32f4xx_syscfg.c ****   * @param  EXTI_PinSourcex: specifies the EXTI line to be configured.
 121:Drivers/STM32F4xx_StdPeriph_Driver/src/stm32f4xx_syscfg.c ****   *           This parameter can be EXTI_PinSourcex where x can be (0..15, except
 122:Drivers/STM32F4xx_StdPeriph_Driver/src/stm32f4xx_syscfg.c ****   *           for EXTI_PortSourceGPIOI x can be (0..11).
 123:Drivers/STM32F4xx_StdPeriph_Driver/src/stm32f4xx_syscfg.c ****   * @retval None
 124:Drivers/STM32F4xx_StdPeriph_Driver/src/stm32f4xx_syscfg.c ****   */
 125:Drivers/STM32F4xx_StdPeriph_Driver/src/stm32f4xx_syscfg.c **** void SYSCFG_EXTILineConfig(uint8_t EXTI_PortSourceGPIOx, uint8_t EXTI_PinSourcex)
 126:Drivers/STM32F4xx_StdPeriph_Driver/src/stm32f4xx_syscfg.c **** {
  94              		.loc 1 126 1 is_stmt 1 view -0
  95              		.cfi_startproc
  96              		@ args = 0, pretend = 0, frame = 0
  97              		@ frame_needed = 0, uses_anonymous_args = 0
  98              		@ link register save eliminated.
  99              		.loc 1 126 1 is_stmt 0 view .LVU10
 100 0000 30B4     		push	{r4, r5}
 101              	.LCFI1:
 102              		.cfi_def_cfa_offset 8
 103              		.cfi_offset 4, -8
 104              		.cfi_offset 5, -4
 127:Drivers/STM32F4xx_StdPeriph_Driver/src/stm32f4xx_syscfg.c ****   uint32_t tmp = 0x00;
 105              		.loc 1 127 3 is_stmt 1 view .LVU11
 106              	.LVL4:
ARM GAS  /tmp/ccSt3Sis.s 			page 5


 128:Drivers/STM32F4xx_StdPeriph_Driver/src/stm32f4xx_syscfg.c **** 
 129:Drivers/STM32F4xx_StdPeriph_Driver/src/stm32f4xx_syscfg.c ****   /* Check the parameters */
 130:Drivers/STM32F4xx_StdPeriph_Driver/src/stm32f4xx_syscfg.c ****   assert_param(IS_EXTI_PORT_SOURCE(EXTI_PortSourceGPIOx));
 107              		.loc 1 130 3 view .LVU12
 131:Drivers/STM32F4xx_StdPeriph_Driver/src/stm32f4xx_syscfg.c ****   assert_param(IS_EXTI_PIN_SOURCE(EXTI_PinSourcex));
 108              		.loc 1 131 3 view .LVU13
 132:Drivers/STM32F4xx_StdPeriph_Driver/src/stm32f4xx_syscfg.c **** 
 133:Drivers/STM32F4xx_StdPeriph_Driver/src/stm32f4xx_syscfg.c ****   tmp = ((uint32_t)0x0F) << (0x04 * (EXTI_PinSourcex & (uint8_t)0x03));
 109              		.loc 1 133 3 view .LVU14
 110              		.loc 1 133 54 is_stmt 0 view .LVU15
 111 0002 01F00302 		and	r2, r1, #3
 112              		.loc 1 133 35 view .LVU16
 113 0006 9200     		lsls	r2, r2, #2
 114              		.loc 1 133 7 view .LVU17
 115 0008 0F24     		movs	r4, #15
 116 000a 04FA02F5 		lsl	r5, r4, r2
 117              	.LVL5:
 134:Drivers/STM32F4xx_StdPeriph_Driver/src/stm32f4xx_syscfg.c ****   SYSCFG->EXTICR[EXTI_PinSourcex >> 0x02] &= ~tmp;
 118              		.loc 1 134 3 is_stmt 1 view .LVU18
 119              		.loc 1 134 43 is_stmt 0 view .LVU19
 120 000e 8908     		lsrs	r1, r1, #2
 121              	.LVL6:
 122              		.loc 1 134 43 view .LVU20
 123 0010 084B     		ldr	r3, .L8
 124 0012 0231     		adds	r1, r1, #2
 125 0014 53F82140 		ldr	r4, [r3, r1, lsl #2]
 126 0018 24EA0504 		bic	r4, r4, r5
 127 001c 43F82140 		str	r4, [r3, r1, lsl #2]
 135:Drivers/STM32F4xx_StdPeriph_Driver/src/stm32f4xx_syscfg.c ****   SYSCFG->EXTICR[EXTI_PinSourcex >> 0x02] |= (((uint32_t)EXTI_PortSourceGPIOx) << (0x04 * (EXTI_Pin
 128              		.loc 1 135 3 is_stmt 1 view .LVU21
 129              		.loc 1 135 43 is_stmt 0 view .LVU22
 130 0020 53F82140 		ldr	r4, [r3, r1, lsl #2]
 131              		.loc 1 135 80 view .LVU23
 132 0024 00FA02F2 		lsl	r2, r0, r2
 133              		.loc 1 135 43 view .LVU24
 134 0028 1443     		orrs	r4, r4, r2
 135 002a 43F82140 		str	r4, [r3, r1, lsl #2]
 136:Drivers/STM32F4xx_StdPeriph_Driver/src/stm32f4xx_syscfg.c **** }
 136              		.loc 1 136 1 view .LVU25
 137 002e 30BC     		pop	{r4, r5}
 138              	.LCFI2:
 139              		.cfi_restore 5
 140              		.cfi_restore 4
 141              		.cfi_def_cfa_offset 0
 142              	.LVL7:
 143              		.loc 1 136 1 view .LVU26
 144 0030 7047     		bx	lr
 145              	.L9:
 146 0032 00BF     		.align	2
 147              	.L8:
 148 0034 00380140 		.word	1073821696
 149              		.cfi_endproc
 150              	.LFE132:
 152              		.section	.text.SYSCFG_ETH_MediaInterfaceConfig,"ax",%progbits
 153              		.align	1
 154              		.global	SYSCFG_ETH_MediaInterfaceConfig
 155              		.syntax unified
ARM GAS  /tmp/ccSt3Sis.s 			page 6


 156              		.thumb
 157              		.thumb_func
 158              		.fpu fpv4-sp-d16
 160              	SYSCFG_ETH_MediaInterfaceConfig:
 161              	.LVL8:
 162              	.LFB133:
 137:Drivers/STM32F4xx_StdPeriph_Driver/src/stm32f4xx_syscfg.c **** 
 138:Drivers/STM32F4xx_StdPeriph_Driver/src/stm32f4xx_syscfg.c **** /**
 139:Drivers/STM32F4xx_StdPeriph_Driver/src/stm32f4xx_syscfg.c ****   * @brief  Selects the ETHERNET media interface 
 140:Drivers/STM32F4xx_StdPeriph_Driver/src/stm32f4xx_syscfg.c ****   * @param  SYSCFG_ETH_MediaInterface: specifies the Media Interface mode. 
 141:Drivers/STM32F4xx_StdPeriph_Driver/src/stm32f4xx_syscfg.c ****   *          This parameter can be one of the following values: 
 142:Drivers/STM32F4xx_StdPeriph_Driver/src/stm32f4xx_syscfg.c ****   *            @arg SYSCFG_ETH_MediaInterface_MII: MII mode selected
 143:Drivers/STM32F4xx_StdPeriph_Driver/src/stm32f4xx_syscfg.c ****   *            @arg SYSCFG_ETH_MediaInterface_RMII: RMII mode selected 
 144:Drivers/STM32F4xx_StdPeriph_Driver/src/stm32f4xx_syscfg.c ****   * @retval None 
 145:Drivers/STM32F4xx_StdPeriph_Driver/src/stm32f4xx_syscfg.c ****   */
 146:Drivers/STM32F4xx_StdPeriph_Driver/src/stm32f4xx_syscfg.c **** void SYSCFG_ETH_MediaInterfaceConfig(uint32_t SYSCFG_ETH_MediaInterface) 
 147:Drivers/STM32F4xx_StdPeriph_Driver/src/stm32f4xx_syscfg.c **** { 
 163              		.loc 1 147 1 is_stmt 1 view -0
 164              		.cfi_startproc
 165              		@ args = 0, pretend = 0, frame = 0
 166              		@ frame_needed = 0, uses_anonymous_args = 0
 167              		@ link register save eliminated.
 148:Drivers/STM32F4xx_StdPeriph_Driver/src/stm32f4xx_syscfg.c ****   assert_param(IS_SYSCFG_ETH_MEDIA_INTERFACE(SYSCFG_ETH_MediaInterface)); 
 168              		.loc 1 148 3 view .LVU28
 149:Drivers/STM32F4xx_StdPeriph_Driver/src/stm32f4xx_syscfg.c ****   /* Configure MII_RMII selection bit */ 
 150:Drivers/STM32F4xx_StdPeriph_Driver/src/stm32f4xx_syscfg.c ****   *(__IO uint32_t *) PMC_MII_RMII_SEL_BB = SYSCFG_ETH_MediaInterface; 
 169              		.loc 1 150 3 view .LVU29
 170              		.loc 1 150 42 is_stmt 0 view .LVU30
 171 0000 014B     		ldr	r3, .L11
 172 0002 1860     		str	r0, [r3]
 151:Drivers/STM32F4xx_StdPeriph_Driver/src/stm32f4xx_syscfg.c **** }
 173              		.loc 1 151 1 view .LVU31
 174 0004 7047     		bx	lr
 175              	.L12:
 176 0006 00BF     		.align	2
 177              	.L11:
 178 0008 DC002742 		.word	1109852380
 179              		.cfi_endproc
 180              	.LFE133:
 182              		.section	.text.SYSCFG_CompensationCellCmd,"ax",%progbits
 183              		.align	1
 184              		.global	SYSCFG_CompensationCellCmd
 185              		.syntax unified
 186              		.thumb
 187              		.thumb_func
 188              		.fpu fpv4-sp-d16
 190              	SYSCFG_CompensationCellCmd:
 191              	.LVL9:
 192              	.LFB134:
 152:Drivers/STM32F4xx_StdPeriph_Driver/src/stm32f4xx_syscfg.c **** 
 153:Drivers/STM32F4xx_StdPeriph_Driver/src/stm32f4xx_syscfg.c **** /**
 154:Drivers/STM32F4xx_StdPeriph_Driver/src/stm32f4xx_syscfg.c ****   * @brief  Enables or disables the I/O Compensation Cell.
 155:Drivers/STM32F4xx_StdPeriph_Driver/src/stm32f4xx_syscfg.c ****   * @note   The I/O compensation cell can be used only when the device supply
 156:Drivers/STM32F4xx_StdPeriph_Driver/src/stm32f4xx_syscfg.c ****   *         voltage ranges from 2.4 to 3.6 V.  
 157:Drivers/STM32F4xx_StdPeriph_Driver/src/stm32f4xx_syscfg.c ****   * @param  NewState: new state of the I/O Compensation Cell.
 158:Drivers/STM32F4xx_StdPeriph_Driver/src/stm32f4xx_syscfg.c ****   *          This parameter can be one of the following values:
 159:Drivers/STM32F4xx_StdPeriph_Driver/src/stm32f4xx_syscfg.c ****   *            @arg ENABLE: I/O compensation cell enabled  
ARM GAS  /tmp/ccSt3Sis.s 			page 7


 160:Drivers/STM32F4xx_StdPeriph_Driver/src/stm32f4xx_syscfg.c ****   *            @arg DISABLE: I/O compensation cell power-down mode  
 161:Drivers/STM32F4xx_StdPeriph_Driver/src/stm32f4xx_syscfg.c ****   * @retval None
 162:Drivers/STM32F4xx_StdPeriph_Driver/src/stm32f4xx_syscfg.c ****   */
 163:Drivers/STM32F4xx_StdPeriph_Driver/src/stm32f4xx_syscfg.c **** void SYSCFG_CompensationCellCmd(FunctionalState NewState)
 164:Drivers/STM32F4xx_StdPeriph_Driver/src/stm32f4xx_syscfg.c **** {
 193              		.loc 1 164 1 is_stmt 1 view -0
 194              		.cfi_startproc
 195              		@ args = 0, pretend = 0, frame = 0
 196              		@ frame_needed = 0, uses_anonymous_args = 0
 197              		@ link register save eliminated.
 165:Drivers/STM32F4xx_StdPeriph_Driver/src/stm32f4xx_syscfg.c ****   /* Check the parameters */
 166:Drivers/STM32F4xx_StdPeriph_Driver/src/stm32f4xx_syscfg.c ****   assert_param(IS_FUNCTIONAL_STATE(NewState));
 198              		.loc 1 166 3 view .LVU33
 167:Drivers/STM32F4xx_StdPeriph_Driver/src/stm32f4xx_syscfg.c **** 
 168:Drivers/STM32F4xx_StdPeriph_Driver/src/stm32f4xx_syscfg.c ****   *(__IO uint32_t *) CMPCR_CMP_PD_BB = (uint32_t)NewState;
 199              		.loc 1 168 3 view .LVU34
 200              		.loc 1 168 38 is_stmt 0 view .LVU35
 201 0000 014B     		ldr	r3, .L14
 202 0002 1860     		str	r0, [r3]
 169:Drivers/STM32F4xx_StdPeriph_Driver/src/stm32f4xx_syscfg.c **** }
 203              		.loc 1 169 1 view .LVU36
 204 0004 7047     		bx	lr
 205              	.L15:
 206 0006 00BF     		.align	2
 207              	.L14:
 208 0008 00042742 		.word	1109853184
 209              		.cfi_endproc
 210              	.LFE134:
 212              		.section	.text.SYSCFG_GetCompensationCellStatus,"ax",%progbits
 213              		.align	1
 214              		.global	SYSCFG_GetCompensationCellStatus
 215              		.syntax unified
 216              		.thumb
 217              		.thumb_func
 218              		.fpu fpv4-sp-d16
 220              	SYSCFG_GetCompensationCellStatus:
 221              	.LFB135:
 170:Drivers/STM32F4xx_StdPeriph_Driver/src/stm32f4xx_syscfg.c **** 
 171:Drivers/STM32F4xx_StdPeriph_Driver/src/stm32f4xx_syscfg.c **** /**
 172:Drivers/STM32F4xx_StdPeriph_Driver/src/stm32f4xx_syscfg.c ****   * @brief  Checks whether the I/O Compensation Cell ready flag is set or not.
 173:Drivers/STM32F4xx_StdPeriph_Driver/src/stm32f4xx_syscfg.c ****   * @param  None
 174:Drivers/STM32F4xx_StdPeriph_Driver/src/stm32f4xx_syscfg.c ****   * @retval The new state of the I/O Compensation Cell ready flag (SET or RESET)
 175:Drivers/STM32F4xx_StdPeriph_Driver/src/stm32f4xx_syscfg.c ****   */
 176:Drivers/STM32F4xx_StdPeriph_Driver/src/stm32f4xx_syscfg.c **** FlagStatus SYSCFG_GetCompensationCellStatus(void)
 177:Drivers/STM32F4xx_StdPeriph_Driver/src/stm32f4xx_syscfg.c **** {
 222              		.loc 1 177 1 is_stmt 1 view -0
 223              		.cfi_startproc
 224              		@ args = 0, pretend = 0, frame = 0
 225              		@ frame_needed = 0, uses_anonymous_args = 0
 226              		@ link register save eliminated.
 178:Drivers/STM32F4xx_StdPeriph_Driver/src/stm32f4xx_syscfg.c ****   FlagStatus bitstatus = RESET;
 227              		.loc 1 178 3 view .LVU38
 228              	.LVL10:
 179:Drivers/STM32F4xx_StdPeriph_Driver/src/stm32f4xx_syscfg.c ****     
 180:Drivers/STM32F4xx_StdPeriph_Driver/src/stm32f4xx_syscfg.c ****   if ((SYSCFG->CMPCR & SYSCFG_CMPCR_READY ) != (uint32_t)RESET)
 229              		.loc 1 180 3 view .LVU39
 230              		.loc 1 180 14 is_stmt 0 view .LVU40
ARM GAS  /tmp/ccSt3Sis.s 			page 8


 231 0000 044B     		ldr	r3, .L19
 232 0002 1B6A     		ldr	r3, [r3, #32]
 233              		.loc 1 180 6 view .LVU41
 234 0004 13F4807F 		tst	r3, #256
 235 0008 01D0     		beq	.L18
 181:Drivers/STM32F4xx_StdPeriph_Driver/src/stm32f4xx_syscfg.c ****   {
 182:Drivers/STM32F4xx_StdPeriph_Driver/src/stm32f4xx_syscfg.c ****     bitstatus = SET;
 236              		.loc 1 182 15 view .LVU42
 237 000a 0120     		movs	r0, #1
 238 000c 7047     		bx	lr
 239              	.L18:
 183:Drivers/STM32F4xx_StdPeriph_Driver/src/stm32f4xx_syscfg.c ****   }
 184:Drivers/STM32F4xx_StdPeriph_Driver/src/stm32f4xx_syscfg.c ****   else
 185:Drivers/STM32F4xx_StdPeriph_Driver/src/stm32f4xx_syscfg.c ****   {
 186:Drivers/STM32F4xx_StdPeriph_Driver/src/stm32f4xx_syscfg.c ****     bitstatus = RESET;
 240              		.loc 1 186 15 view .LVU43
 241 000e 0020     		movs	r0, #0
 242              	.LVL11:
 187:Drivers/STM32F4xx_StdPeriph_Driver/src/stm32f4xx_syscfg.c ****   }
 188:Drivers/STM32F4xx_StdPeriph_Driver/src/stm32f4xx_syscfg.c ****   return bitstatus;
 243              		.loc 1 188 3 is_stmt 1 view .LVU44
 189:Drivers/STM32F4xx_StdPeriph_Driver/src/stm32f4xx_syscfg.c **** }
 244              		.loc 1 189 1 is_stmt 0 view .LVU45
 245 0010 7047     		bx	lr
 246              	.L20:
 247 0012 00BF     		.align	2
 248              	.L19:
 249 0014 00380140 		.word	1073821696
 250              		.cfi_endproc
 251              	.LFE135:
 253              		.text
 254              	.Letext0:
 255              		.file 2 "/home/way/Programs/gcc-arm-none-eabi/arm-none-eabi/include/machine/_default_types.h"
 256              		.file 3 "/home/way/Programs/gcc-arm-none-eabi/arm-none-eabi/include/sys/_stdint.h"
 257              		.file 4 "Drivers/CMSIS/Core/Include/core_cm4.h"
 258              		.file 5 "Inc/system_stm32f4xx.h"
 259              		.file 6 "Inc/stm32f4xx.h"
 260              		.file 7 "Drivers/STM32F4xx_StdPeriph_Driver/inc/stm32f4xx_rcc.h"
ARM GAS  /tmp/ccSt3Sis.s 			page 9


DEFINED SYMBOLS
                            *ABS*:0000000000000000 stm32f4xx_syscfg.c
     /tmp/ccSt3Sis.s:18     .text.SYSCFG_DeInit:0000000000000000 $t
     /tmp/ccSt3Sis.s:26     .text.SYSCFG_DeInit:0000000000000000 SYSCFG_DeInit
     /tmp/ccSt3Sis.s:54     .text.SYSCFG_MemoryRemapConfig:0000000000000000 $t
     /tmp/ccSt3Sis.s:61     .text.SYSCFG_MemoryRemapConfig:0000000000000000 SYSCFG_MemoryRemapConfig
     /tmp/ccSt3Sis.s:79     .text.SYSCFG_MemoryRemapConfig:0000000000000008 $d
     /tmp/ccSt3Sis.s:84     .text.SYSCFG_EXTILineConfig:0000000000000000 $t
     /tmp/ccSt3Sis.s:91     .text.SYSCFG_EXTILineConfig:0000000000000000 SYSCFG_EXTILineConfig
     /tmp/ccSt3Sis.s:148    .text.SYSCFG_EXTILineConfig:0000000000000034 $d
     /tmp/ccSt3Sis.s:153    .text.SYSCFG_ETH_MediaInterfaceConfig:0000000000000000 $t
     /tmp/ccSt3Sis.s:160    .text.SYSCFG_ETH_MediaInterfaceConfig:0000000000000000 SYSCFG_ETH_MediaInterfaceConfig
     /tmp/ccSt3Sis.s:178    .text.SYSCFG_ETH_MediaInterfaceConfig:0000000000000008 $d
     /tmp/ccSt3Sis.s:183    .text.SYSCFG_CompensationCellCmd:0000000000000000 $t
     /tmp/ccSt3Sis.s:190    .text.SYSCFG_CompensationCellCmd:0000000000000000 SYSCFG_CompensationCellCmd
     /tmp/ccSt3Sis.s:208    .text.SYSCFG_CompensationCellCmd:0000000000000008 $d
     /tmp/ccSt3Sis.s:213    .text.SYSCFG_GetCompensationCellStatus:0000000000000000 $t
     /tmp/ccSt3Sis.s:220    .text.SYSCFG_GetCompensationCellStatus:0000000000000000 SYSCFG_GetCompensationCellStatus
     /tmp/ccSt3Sis.s:249    .text.SYSCFG_GetCompensationCellStatus:0000000000000014 $d

UNDEFINED SYMBOLS
RCC_APB2PeriphResetCmd
