ARM GAS  /tmp/ccLcSMWA.s 			page 1


   1              		.cpu cortex-m4
   2              		.eabi_attribute 27, 1
   3              		.eabi_attribute 28, 1
   4              		.eabi_attribute 20, 1
   5              		.eabi_attribute 21, 1
   6              		.eabi_attribute 23, 3
   7              		.eabi_attribute 24, 1
   8              		.eabi_attribute 25, 1
   9              		.eabi_attribute 26, 1
  10              		.eabi_attribute 30, 1
  11              		.eabi_attribute 34, 1
  12              		.eabi_attribute 18, 4
  13              		.file	"stm32f4xx_dcmi.c"
  14              		.text
  15              	.Ltext0:
  16              		.cfi_sections	.debug_frame
  17              		.section	.text.DCMI_DeInit,"ax",%progbits
  18              		.align	1
  19              		.global	DCMI_DeInit
  20              		.arch armv7e-m
  21              		.syntax unified
  22              		.thumb
  23              		.thumb_func
  24              		.fpu fpv4-sp-d16
  26              	DCMI_DeInit:
  27              	.LFB130:
  28              		.file 1 "Drivers/STM32F4xx_StdPeriph_Driver/src/stm32f4xx_dcmi.c"
   1:Drivers/STM32F4xx_StdPeriph_Driver/src/stm32f4xx_dcmi.c **** /**
   2:Drivers/STM32F4xx_StdPeriph_Driver/src/stm32f4xx_dcmi.c ****   ******************************************************************************
   3:Drivers/STM32F4xx_StdPeriph_Driver/src/stm32f4xx_dcmi.c ****   * @file    stm32f4xx_dcmi.c
   4:Drivers/STM32F4xx_StdPeriph_Driver/src/stm32f4xx_dcmi.c ****   * @author  MCD Application Team
   5:Drivers/STM32F4xx_StdPeriph_Driver/src/stm32f4xx_dcmi.c ****   * @version V1.0.2
   6:Drivers/STM32F4xx_StdPeriph_Driver/src/stm32f4xx_dcmi.c ****   * @date    05-March-2012
   7:Drivers/STM32F4xx_StdPeriph_Driver/src/stm32f4xx_dcmi.c ****   * @brief   This file provides firmware functions to manage the following 
   8:Drivers/STM32F4xx_StdPeriph_Driver/src/stm32f4xx_dcmi.c ****   *          functionalities of the DCMI peripheral:           
   9:Drivers/STM32F4xx_StdPeriph_Driver/src/stm32f4xx_dcmi.c ****   *           - Initialization and Configuration
  10:Drivers/STM32F4xx_StdPeriph_Driver/src/stm32f4xx_dcmi.c ****   *           - Image capture functions  
  11:Drivers/STM32F4xx_StdPeriph_Driver/src/stm32f4xx_dcmi.c ****   *           - Interrupts and flags management
  12:Drivers/STM32F4xx_StdPeriph_Driver/src/stm32f4xx_dcmi.c ****   *
  13:Drivers/STM32F4xx_StdPeriph_Driver/src/stm32f4xx_dcmi.c ****   *  @verbatim  
  14:Drivers/STM32F4xx_StdPeriph_Driver/src/stm32f4xx_dcmi.c ****   *  
  15:Drivers/STM32F4xx_StdPeriph_Driver/src/stm32f4xx_dcmi.c ****   *        
  16:Drivers/STM32F4xx_StdPeriph_Driver/src/stm32f4xx_dcmi.c ****   *          ===================================================================
  17:Drivers/STM32F4xx_StdPeriph_Driver/src/stm32f4xx_dcmi.c ****   *                                 How to use this driver
  18:Drivers/STM32F4xx_StdPeriph_Driver/src/stm32f4xx_dcmi.c ****   *          ===================================================================  
  19:Drivers/STM32F4xx_StdPeriph_Driver/src/stm32f4xx_dcmi.c ****   *         
  20:Drivers/STM32F4xx_StdPeriph_Driver/src/stm32f4xx_dcmi.c ****   *         The sequence below describes how to use this driver to capture image
  21:Drivers/STM32F4xx_StdPeriph_Driver/src/stm32f4xx_dcmi.c ****   *         from a camera module connected to the DCMI Interface.
  22:Drivers/STM32F4xx_StdPeriph_Driver/src/stm32f4xx_dcmi.c ****   *         This sequence does not take into account the configuration of the  
  23:Drivers/STM32F4xx_StdPeriph_Driver/src/stm32f4xx_dcmi.c ****   *         camera module, which should be made before to configure and enable
  24:Drivers/STM32F4xx_StdPeriph_Driver/src/stm32f4xx_dcmi.c ****   *         the DCMI to capture images.
  25:Drivers/STM32F4xx_StdPeriph_Driver/src/stm32f4xx_dcmi.c ****   *           
  26:Drivers/STM32F4xx_StdPeriph_Driver/src/stm32f4xx_dcmi.c ****   *          1. Enable the clock for the DCMI and associated GPIOs using the following functions:
  27:Drivers/STM32F4xx_StdPeriph_Driver/src/stm32f4xx_dcmi.c ****   *                 RCC_AHB2PeriphClockCmd(RCC_AHB2Periph_DCMI, ENABLE);
  28:Drivers/STM32F4xx_StdPeriph_Driver/src/stm32f4xx_dcmi.c ****   *                 RCC_AHB1PeriphClockCmd(RCC_AHB1Periph_GPIOx, ENABLE);
  29:Drivers/STM32F4xx_StdPeriph_Driver/src/stm32f4xx_dcmi.c ****   *
  30:Drivers/STM32F4xx_StdPeriph_Driver/src/stm32f4xx_dcmi.c ****   *          2. DCMI pins configuration 
ARM GAS  /tmp/ccLcSMWA.s 			page 2


  31:Drivers/STM32F4xx_StdPeriph_Driver/src/stm32f4xx_dcmi.c ****   *             - Connect the involved DCMI pins to AF13 using the following function 
  32:Drivers/STM32F4xx_StdPeriph_Driver/src/stm32f4xx_dcmi.c ****   *                 GPIO_PinAFConfig(GPIOx, GPIO_PinSourcex, GPIO_AF_DCMI); 
  33:Drivers/STM32F4xx_StdPeriph_Driver/src/stm32f4xx_dcmi.c ****   *             - Configure these DCMI pins in alternate function mode by calling the function
  34:Drivers/STM32F4xx_StdPeriph_Driver/src/stm32f4xx_dcmi.c ****   *                 GPIO_Init();
  35:Drivers/STM32F4xx_StdPeriph_Driver/src/stm32f4xx_dcmi.c ****   *    
  36:Drivers/STM32F4xx_StdPeriph_Driver/src/stm32f4xx_dcmi.c ****   *          3. Declare a DCMI_InitTypeDef structure, for example:
  37:Drivers/STM32F4xx_StdPeriph_Driver/src/stm32f4xx_dcmi.c ****   *                 DCMI_InitTypeDef  DCMI_InitStructure;
  38:Drivers/STM32F4xx_StdPeriph_Driver/src/stm32f4xx_dcmi.c ****   *             and fill the DCMI_InitStructure variable with the allowed values
  39:Drivers/STM32F4xx_StdPeriph_Driver/src/stm32f4xx_dcmi.c ****   *             of the structure member.
  40:Drivers/STM32F4xx_StdPeriph_Driver/src/stm32f4xx_dcmi.c ****   *  
  41:Drivers/STM32F4xx_StdPeriph_Driver/src/stm32f4xx_dcmi.c ****   *          4. Initialize the DCMI interface by calling the function
  42:Drivers/STM32F4xx_StdPeriph_Driver/src/stm32f4xx_dcmi.c ****   *                 DCMI_Init(&DCMI_InitStructure); 
  43:Drivers/STM32F4xx_StdPeriph_Driver/src/stm32f4xx_dcmi.c ****   *  
  44:Drivers/STM32F4xx_StdPeriph_Driver/src/stm32f4xx_dcmi.c ****   *          5. Configure the DMA2_Stream1 channel1 to transfer Data from DCMI DR
  45:Drivers/STM32F4xx_StdPeriph_Driver/src/stm32f4xx_dcmi.c ****   *             register to the destination memory buffer.
  46:Drivers/STM32F4xx_StdPeriph_Driver/src/stm32f4xx_dcmi.c ****   *  
  47:Drivers/STM32F4xx_StdPeriph_Driver/src/stm32f4xx_dcmi.c ****   *          6. Enable DCMI interface using the function
  48:Drivers/STM32F4xx_StdPeriph_Driver/src/stm32f4xx_dcmi.c ****   *                 DCMI_Cmd(ENABLE);
  49:Drivers/STM32F4xx_StdPeriph_Driver/src/stm32f4xx_dcmi.c ****   *                 
  50:Drivers/STM32F4xx_StdPeriph_Driver/src/stm32f4xx_dcmi.c ****   *         7. Start the image capture using the function
  51:Drivers/STM32F4xx_StdPeriph_Driver/src/stm32f4xx_dcmi.c ****   *                 DCMI_CaptureCmd(ENABLE);
  52:Drivers/STM32F4xx_StdPeriph_Driver/src/stm32f4xx_dcmi.c ****   *                 
  53:Drivers/STM32F4xx_StdPeriph_Driver/src/stm32f4xx_dcmi.c ****   *         8. At this stage the DCMI interface waits for the first start of frame,
  54:Drivers/STM32F4xx_StdPeriph_Driver/src/stm32f4xx_dcmi.c ****   *            then a DMA request is generated continuously/once (depending on the
  55:Drivers/STM32F4xx_StdPeriph_Driver/src/stm32f4xx_dcmi.c ****   *            mode used, Continuous/Snapshot) to transfer the received data into
  56:Drivers/STM32F4xx_StdPeriph_Driver/src/stm32f4xx_dcmi.c ****   *            the destination memory. 
  57:Drivers/STM32F4xx_StdPeriph_Driver/src/stm32f4xx_dcmi.c ****   *   
  58:Drivers/STM32F4xx_StdPeriph_Driver/src/stm32f4xx_dcmi.c ****   *  @note  If you need to capture only a rectangular window from the received
  59:Drivers/STM32F4xx_StdPeriph_Driver/src/stm32f4xx_dcmi.c ****   *         image, you have to use the DCMI_CROPConfig() function to configure 
  60:Drivers/STM32F4xx_StdPeriph_Driver/src/stm32f4xx_dcmi.c ****   *         the coordinates and size of the window to be captured, then enable 
  61:Drivers/STM32F4xx_StdPeriph_Driver/src/stm32f4xx_dcmi.c ****   *         the Crop feature using DCMI_CROPCmd(ENABLE);  
  62:Drivers/STM32F4xx_StdPeriph_Driver/src/stm32f4xx_dcmi.c ****   *         In this case, the Crop configuration should be made before to enable
  63:Drivers/STM32F4xx_StdPeriph_Driver/src/stm32f4xx_dcmi.c ****   *         and start the DCMI interface. 
  64:Drivers/STM32F4xx_StdPeriph_Driver/src/stm32f4xx_dcmi.c ****   *        
  65:Drivers/STM32F4xx_StdPeriph_Driver/src/stm32f4xx_dcmi.c ****   *  @endverbatim   
  66:Drivers/STM32F4xx_StdPeriph_Driver/src/stm32f4xx_dcmi.c ****   *  
  67:Drivers/STM32F4xx_StdPeriph_Driver/src/stm32f4xx_dcmi.c ****   ******************************************************************************
  68:Drivers/STM32F4xx_StdPeriph_Driver/src/stm32f4xx_dcmi.c ****   * @attention
  69:Drivers/STM32F4xx_StdPeriph_Driver/src/stm32f4xx_dcmi.c ****   *
  70:Drivers/STM32F4xx_StdPeriph_Driver/src/stm32f4xx_dcmi.c ****   * <h2><center>&copy; COPYRIGHT 2012 STMicroelectronics</center></h2>
  71:Drivers/STM32F4xx_StdPeriph_Driver/src/stm32f4xx_dcmi.c ****   *
  72:Drivers/STM32F4xx_StdPeriph_Driver/src/stm32f4xx_dcmi.c ****   * Licensed under MCD-ST Liberty SW License Agreement V2, (the "License");
  73:Drivers/STM32F4xx_StdPeriph_Driver/src/stm32f4xx_dcmi.c ****   * You may not use this file except in compliance with the License.
  74:Drivers/STM32F4xx_StdPeriph_Driver/src/stm32f4xx_dcmi.c ****   * You may obtain a copy of the License at:
  75:Drivers/STM32F4xx_StdPeriph_Driver/src/stm32f4xx_dcmi.c ****   *
  76:Drivers/STM32F4xx_StdPeriph_Driver/src/stm32f4xx_dcmi.c ****   *        http://www.st.com/software_license_agreement_liberty_v2
  77:Drivers/STM32F4xx_StdPeriph_Driver/src/stm32f4xx_dcmi.c ****   *
  78:Drivers/STM32F4xx_StdPeriph_Driver/src/stm32f4xx_dcmi.c ****   * Unless required by applicable law or agreed to in writing, software 
  79:Drivers/STM32F4xx_StdPeriph_Driver/src/stm32f4xx_dcmi.c ****   * distributed under the License is distributed on an "AS IS" BASIS, 
  80:Drivers/STM32F4xx_StdPeriph_Driver/src/stm32f4xx_dcmi.c ****   * WITHOUT WARRANTIES OR CONDITIONS OF ANY KIND, either express or implied.
  81:Drivers/STM32F4xx_StdPeriph_Driver/src/stm32f4xx_dcmi.c ****   * See the License for the specific language governing permissions and
  82:Drivers/STM32F4xx_StdPeriph_Driver/src/stm32f4xx_dcmi.c ****   * limitations under the License.
  83:Drivers/STM32F4xx_StdPeriph_Driver/src/stm32f4xx_dcmi.c ****   *
  84:Drivers/STM32F4xx_StdPeriph_Driver/src/stm32f4xx_dcmi.c ****   ******************************************************************************
  85:Drivers/STM32F4xx_StdPeriph_Driver/src/stm32f4xx_dcmi.c ****   */
  86:Drivers/STM32F4xx_StdPeriph_Driver/src/stm32f4xx_dcmi.c **** 
  87:Drivers/STM32F4xx_StdPeriph_Driver/src/stm32f4xx_dcmi.c **** /* Includes ------------------------------------------------------------------*/
ARM GAS  /tmp/ccLcSMWA.s 			page 3


  88:Drivers/STM32F4xx_StdPeriph_Driver/src/stm32f4xx_dcmi.c **** #include "stm32f4xx_dcmi.h"
  89:Drivers/STM32F4xx_StdPeriph_Driver/src/stm32f4xx_dcmi.c **** #include "stm32f4xx_rcc.h"
  90:Drivers/STM32F4xx_StdPeriph_Driver/src/stm32f4xx_dcmi.c **** 
  91:Drivers/STM32F4xx_StdPeriph_Driver/src/stm32f4xx_dcmi.c **** /** @addtogroup STM32F4xx_StdPeriph_Driver
  92:Drivers/STM32F4xx_StdPeriph_Driver/src/stm32f4xx_dcmi.c ****   * @{
  93:Drivers/STM32F4xx_StdPeriph_Driver/src/stm32f4xx_dcmi.c ****   */
  94:Drivers/STM32F4xx_StdPeriph_Driver/src/stm32f4xx_dcmi.c **** 
  95:Drivers/STM32F4xx_StdPeriph_Driver/src/stm32f4xx_dcmi.c **** /** @defgroup DCMI 
  96:Drivers/STM32F4xx_StdPeriph_Driver/src/stm32f4xx_dcmi.c ****   * @brief DCMI driver modules
  97:Drivers/STM32F4xx_StdPeriph_Driver/src/stm32f4xx_dcmi.c ****   * @{
  98:Drivers/STM32F4xx_StdPeriph_Driver/src/stm32f4xx_dcmi.c ****   */ 
  99:Drivers/STM32F4xx_StdPeriph_Driver/src/stm32f4xx_dcmi.c **** 
 100:Drivers/STM32F4xx_StdPeriph_Driver/src/stm32f4xx_dcmi.c **** /* Private typedef -----------------------------------------------------------*/
 101:Drivers/STM32F4xx_StdPeriph_Driver/src/stm32f4xx_dcmi.c **** /* Private define ------------------------------------------------------------*/
 102:Drivers/STM32F4xx_StdPeriph_Driver/src/stm32f4xx_dcmi.c **** /* Private macro -------------------------------------------------------------*/
 103:Drivers/STM32F4xx_StdPeriph_Driver/src/stm32f4xx_dcmi.c **** /* Private variables ---------------------------------------------------------*/
 104:Drivers/STM32F4xx_StdPeriph_Driver/src/stm32f4xx_dcmi.c **** /* Private function prototypes -----------------------------------------------*/
 105:Drivers/STM32F4xx_StdPeriph_Driver/src/stm32f4xx_dcmi.c **** /* Private functions ---------------------------------------------------------*/
 106:Drivers/STM32F4xx_StdPeriph_Driver/src/stm32f4xx_dcmi.c **** 
 107:Drivers/STM32F4xx_StdPeriph_Driver/src/stm32f4xx_dcmi.c **** /** @defgroup DCMI_Private_Functions
 108:Drivers/STM32F4xx_StdPeriph_Driver/src/stm32f4xx_dcmi.c ****   * @{
 109:Drivers/STM32F4xx_StdPeriph_Driver/src/stm32f4xx_dcmi.c ****   */ 
 110:Drivers/STM32F4xx_StdPeriph_Driver/src/stm32f4xx_dcmi.c **** 
 111:Drivers/STM32F4xx_StdPeriph_Driver/src/stm32f4xx_dcmi.c **** /** @defgroup DCMI_Group1 Initialization and Configuration functions
 112:Drivers/STM32F4xx_StdPeriph_Driver/src/stm32f4xx_dcmi.c ****  *  @brief   Initialization and Configuration functions 
 113:Drivers/STM32F4xx_StdPeriph_Driver/src/stm32f4xx_dcmi.c ****  *
 114:Drivers/STM32F4xx_StdPeriph_Driver/src/stm32f4xx_dcmi.c **** @verbatim   
 115:Drivers/STM32F4xx_StdPeriph_Driver/src/stm32f4xx_dcmi.c ****  ===============================================================================
 116:Drivers/STM32F4xx_StdPeriph_Driver/src/stm32f4xx_dcmi.c ****                   Initialization and Configuration functions
 117:Drivers/STM32F4xx_StdPeriph_Driver/src/stm32f4xx_dcmi.c ****  ===============================================================================  
 118:Drivers/STM32F4xx_StdPeriph_Driver/src/stm32f4xx_dcmi.c **** 
 119:Drivers/STM32F4xx_StdPeriph_Driver/src/stm32f4xx_dcmi.c **** @endverbatim
 120:Drivers/STM32F4xx_StdPeriph_Driver/src/stm32f4xx_dcmi.c ****   * @{
 121:Drivers/STM32F4xx_StdPeriph_Driver/src/stm32f4xx_dcmi.c ****   */
 122:Drivers/STM32F4xx_StdPeriph_Driver/src/stm32f4xx_dcmi.c **** 
 123:Drivers/STM32F4xx_StdPeriph_Driver/src/stm32f4xx_dcmi.c **** /**
 124:Drivers/STM32F4xx_StdPeriph_Driver/src/stm32f4xx_dcmi.c ****   * @brief  Deinitializes the DCMI registers to their default reset values.
 125:Drivers/STM32F4xx_StdPeriph_Driver/src/stm32f4xx_dcmi.c ****   * @param  None
 126:Drivers/STM32F4xx_StdPeriph_Driver/src/stm32f4xx_dcmi.c ****   * @retval None
 127:Drivers/STM32F4xx_StdPeriph_Driver/src/stm32f4xx_dcmi.c ****   */
 128:Drivers/STM32F4xx_StdPeriph_Driver/src/stm32f4xx_dcmi.c **** void DCMI_DeInit(void)
 129:Drivers/STM32F4xx_StdPeriph_Driver/src/stm32f4xx_dcmi.c **** {
  29              		.loc 1 129 1 view -0
  30              		.cfi_startproc
  31              		@ args = 0, pretend = 0, frame = 0
  32              		@ frame_needed = 0, uses_anonymous_args = 0
  33              		@ link register save eliminated.
 130:Drivers/STM32F4xx_StdPeriph_Driver/src/stm32f4xx_dcmi.c ****   DCMI->CR = 0x0;
  34              		.loc 1 130 3 view .LVU1
  35              		.loc 1 130 12 is_stmt 0 view .LVU2
  36 0000 054B     		ldr	r3, .L2
  37 0002 0022     		movs	r2, #0
  38 0004 1A60     		str	r2, [r3]
 131:Drivers/STM32F4xx_StdPeriph_Driver/src/stm32f4xx_dcmi.c ****   DCMI->IER = 0x0;
  39              		.loc 1 131 3 is_stmt 1 view .LVU3
  40              		.loc 1 131 13 is_stmt 0 view .LVU4
  41 0006 DA60     		str	r2, [r3, #12]
ARM GAS  /tmp/ccLcSMWA.s 			page 4


 132:Drivers/STM32F4xx_StdPeriph_Driver/src/stm32f4xx_dcmi.c ****   DCMI->ICR = 0x1F;
  42              		.loc 1 132 3 is_stmt 1 view .LVU5
  43              		.loc 1 132 13 is_stmt 0 view .LVU6
  44 0008 1F21     		movs	r1, #31
  45 000a 5961     		str	r1, [r3, #20]
 133:Drivers/STM32F4xx_StdPeriph_Driver/src/stm32f4xx_dcmi.c ****   DCMI->ESCR = 0x0;
  46              		.loc 1 133 3 is_stmt 1 view .LVU7
  47              		.loc 1 133 14 is_stmt 0 view .LVU8
  48 000c 9A61     		str	r2, [r3, #24]
 134:Drivers/STM32F4xx_StdPeriph_Driver/src/stm32f4xx_dcmi.c ****   DCMI->ESUR = 0x0;
  49              		.loc 1 134 3 is_stmt 1 view .LVU9
  50              		.loc 1 134 14 is_stmt 0 view .LVU10
  51 000e DA61     		str	r2, [r3, #28]
 135:Drivers/STM32F4xx_StdPeriph_Driver/src/stm32f4xx_dcmi.c ****   DCMI->CWSTRTR = 0x0;
  52              		.loc 1 135 3 is_stmt 1 view .LVU11
  53              		.loc 1 135 17 is_stmt 0 view .LVU12
  54 0010 1A62     		str	r2, [r3, #32]
 136:Drivers/STM32F4xx_StdPeriph_Driver/src/stm32f4xx_dcmi.c ****   DCMI->CWSIZER = 0x0;
  55              		.loc 1 136 3 is_stmt 1 view .LVU13
  56              		.loc 1 136 17 is_stmt 0 view .LVU14
  57 0012 5A62     		str	r2, [r3, #36]
 137:Drivers/STM32F4xx_StdPeriph_Driver/src/stm32f4xx_dcmi.c **** }
  58              		.loc 1 137 1 view .LVU15
  59 0014 7047     		bx	lr
  60              	.L3:
  61 0016 00BF     		.align	2
  62              	.L2:
  63 0018 00000550 		.word	1342504960
  64              		.cfi_endproc
  65              	.LFE130:
  67              		.section	.text.DCMI_Init,"ax",%progbits
  68              		.align	1
  69              		.global	DCMI_Init
  70              		.syntax unified
  71              		.thumb
  72              		.thumb_func
  73              		.fpu fpv4-sp-d16
  75              	DCMI_Init:
  76              	.LVL0:
  77              	.LFB131:
 138:Drivers/STM32F4xx_StdPeriph_Driver/src/stm32f4xx_dcmi.c **** 
 139:Drivers/STM32F4xx_StdPeriph_Driver/src/stm32f4xx_dcmi.c **** /**
 140:Drivers/STM32F4xx_StdPeriph_Driver/src/stm32f4xx_dcmi.c ****   * @brief  Initializes the DCMI according to the specified parameters in the DCMI_InitStruct.
 141:Drivers/STM32F4xx_StdPeriph_Driver/src/stm32f4xx_dcmi.c ****   * @param  DCMI_InitStruct: pointer to a DCMI_InitTypeDef structure that contains 
 142:Drivers/STM32F4xx_StdPeriph_Driver/src/stm32f4xx_dcmi.c ****   *         the configuration information for the DCMI.
 143:Drivers/STM32F4xx_StdPeriph_Driver/src/stm32f4xx_dcmi.c ****   * @retval None
 144:Drivers/STM32F4xx_StdPeriph_Driver/src/stm32f4xx_dcmi.c ****   */
 145:Drivers/STM32F4xx_StdPeriph_Driver/src/stm32f4xx_dcmi.c **** void DCMI_Init(DCMI_InitTypeDef* DCMI_InitStruct)
 146:Drivers/STM32F4xx_StdPeriph_Driver/src/stm32f4xx_dcmi.c **** {
  78              		.loc 1 146 1 is_stmt 1 view -0
  79              		.cfi_startproc
  80              		@ args = 0, pretend = 0, frame = 0
  81              		@ frame_needed = 0, uses_anonymous_args = 0
  82              		.loc 1 146 1 is_stmt 0 view .LVU17
  83 0000 F0B5     		push	{r4, r5, r6, r7, lr}
  84              	.LCFI0:
  85              		.cfi_def_cfa_offset 20
ARM GAS  /tmp/ccLcSMWA.s 			page 5


  86              		.cfi_offset 4, -20
  87              		.cfi_offset 5, -16
  88              		.cfi_offset 6, -12
  89              		.cfi_offset 7, -8
  90              		.cfi_offset 14, -4
 147:Drivers/STM32F4xx_StdPeriph_Driver/src/stm32f4xx_dcmi.c ****   uint32_t temp = 0x0;
  91              		.loc 1 147 3 is_stmt 1 view .LVU18
  92              	.LVL1:
 148:Drivers/STM32F4xx_StdPeriph_Driver/src/stm32f4xx_dcmi.c ****   
 149:Drivers/STM32F4xx_StdPeriph_Driver/src/stm32f4xx_dcmi.c ****   /* Check the parameters */
 150:Drivers/STM32F4xx_StdPeriph_Driver/src/stm32f4xx_dcmi.c ****   assert_param(IS_DCMI_CAPTURE_MODE(DCMI_InitStruct->DCMI_CaptureMode));
  93              		.loc 1 150 3 view .LVU19
 151:Drivers/STM32F4xx_StdPeriph_Driver/src/stm32f4xx_dcmi.c ****   assert_param(IS_DCMI_SYNCHRO(DCMI_InitStruct->DCMI_SynchroMode));
  94              		.loc 1 151 3 view .LVU20
 152:Drivers/STM32F4xx_StdPeriph_Driver/src/stm32f4xx_dcmi.c ****   assert_param(IS_DCMI_PCKPOLARITY(DCMI_InitStruct->DCMI_PCKPolarity));
  95              		.loc 1 152 3 view .LVU21
 153:Drivers/STM32F4xx_StdPeriph_Driver/src/stm32f4xx_dcmi.c ****   assert_param(IS_DCMI_VSPOLARITY(DCMI_InitStruct->DCMI_VSPolarity));
  96              		.loc 1 153 3 view .LVU22
 154:Drivers/STM32F4xx_StdPeriph_Driver/src/stm32f4xx_dcmi.c ****   assert_param(IS_DCMI_HSPOLARITY(DCMI_InitStruct->DCMI_HSPolarity));
  97              		.loc 1 154 3 view .LVU23
 155:Drivers/STM32F4xx_StdPeriph_Driver/src/stm32f4xx_dcmi.c ****   assert_param(IS_DCMI_CAPTURE_RATE(DCMI_InitStruct->DCMI_CaptureRate));
  98              		.loc 1 155 3 view .LVU24
 156:Drivers/STM32F4xx_StdPeriph_Driver/src/stm32f4xx_dcmi.c ****   assert_param(IS_DCMI_EXTENDED_DATA(DCMI_InitStruct->DCMI_ExtendedDataMode));
  99              		.loc 1 156 3 view .LVU25
 157:Drivers/STM32F4xx_StdPeriph_Driver/src/stm32f4xx_dcmi.c **** 
 158:Drivers/STM32F4xx_StdPeriph_Driver/src/stm32f4xx_dcmi.c ****   /* The DCMI configuration registers should be programmed correctly before 
 159:Drivers/STM32F4xx_StdPeriph_Driver/src/stm32f4xx_dcmi.c ****   enabling the CR_ENABLE Bit and the CR_CAPTURE Bit */
 160:Drivers/STM32F4xx_StdPeriph_Driver/src/stm32f4xx_dcmi.c ****   DCMI->CR &= ~(DCMI_CR_ENABLE | DCMI_CR_CAPTURE);
 100              		.loc 1 160 3 view .LVU26
 101              		.loc 1 160 12 is_stmt 0 view .LVU27
 102 0002 0F49     		ldr	r1, .L6
 103 0004 0B68     		ldr	r3, [r1]
 104 0006 23F48043 		bic	r3, r3, #16384
 105 000a 23F00103 		bic	r3, r3, #1
 106 000e 0B60     		str	r3, [r1]
 161:Drivers/STM32F4xx_StdPeriph_Driver/src/stm32f4xx_dcmi.c ****    
 162:Drivers/STM32F4xx_StdPeriph_Driver/src/stm32f4xx_dcmi.c ****   /* Reset the old DCMI configuration */
 163:Drivers/STM32F4xx_StdPeriph_Driver/src/stm32f4xx_dcmi.c ****   temp = DCMI->CR;
 107              		.loc 1 163 3 is_stmt 1 view .LVU28
 108              		.loc 1 163 8 is_stmt 0 view .LVU29
 109 0010 0A68     		ldr	r2, [r1]
 110              	.LVL2:
 164:Drivers/STM32F4xx_StdPeriph_Driver/src/stm32f4xx_dcmi.c ****   
 165:Drivers/STM32F4xx_StdPeriph_Driver/src/stm32f4xx_dcmi.c ****   temp &= ~((uint32_t)DCMI_CR_CM     | DCMI_CR_ESS   | DCMI_CR_PCKPOL |
 111              		.loc 1 165 3 is_stmt 1 view .LVU30
 112              		.loc 1 165 8 is_stmt 0 view .LVU31
 113 0012 22F47F62 		bic	r2, r2, #4080
 114              	.LVL3:
 115              		.loc 1 165 8 view .LVU32
 116 0016 22F00202 		bic	r2, r2, #2
 117              	.LVL4:
 166:Drivers/STM32F4xx_StdPeriph_Driver/src/stm32f4xx_dcmi.c ****                       DCMI_CR_HSPOL  | DCMI_CR_VSPOL | DCMI_CR_FCRC_0 | 
 167:Drivers/STM32F4xx_StdPeriph_Driver/src/stm32f4xx_dcmi.c ****                       DCMI_CR_FCRC_1 | DCMI_CR_EDM_0 | DCMI_CR_EDM_1); 
 168:Drivers/STM32F4xx_StdPeriph_Driver/src/stm32f4xx_dcmi.c ****                   
 169:Drivers/STM32F4xx_StdPeriph_Driver/src/stm32f4xx_dcmi.c ****   /* Sets the new configuration of the DCMI peripheral */
 170:Drivers/STM32F4xx_StdPeriph_Driver/src/stm32f4xx_dcmi.c ****   temp |= ((uint32_t)DCMI_InitStruct->DCMI_CaptureMode |
 118              		.loc 1 170 3 is_stmt 1 view .LVU33
ARM GAS  /tmp/ccLcSMWA.s 			page 6


 119              		.loc 1 170 37 is_stmt 0 view .LVU34
 120 001a B0F800C0 		ldrh	ip, [r0]
 171:Drivers/STM32F4xx_StdPeriph_Driver/src/stm32f4xx_dcmi.c ****                      DCMI_InitStruct->DCMI_SynchroMode |
 121              		.loc 1 171 37 view .LVU35
 122 001e B0F802E0 		ldrh	lr, [r0, #2]
 172:Drivers/STM32F4xx_StdPeriph_Driver/src/stm32f4xx_dcmi.c ****                      DCMI_InitStruct->DCMI_PCKPolarity |
 123              		.loc 1 172 37 view .LVU36
 124 0022 8788     		ldrh	r7, [r0, #4]
 173:Drivers/STM32F4xx_StdPeriph_Driver/src/stm32f4xx_dcmi.c ****                      DCMI_InitStruct->DCMI_VSPolarity |
 125              		.loc 1 173 37 view .LVU37
 126 0024 C688     		ldrh	r6, [r0, #6]
 174:Drivers/STM32F4xx_StdPeriph_Driver/src/stm32f4xx_dcmi.c ****                      DCMI_InitStruct->DCMI_HSPolarity |
 127              		.loc 1 174 37 view .LVU38
 128 0026 0589     		ldrh	r5, [r0, #8]
 175:Drivers/STM32F4xx_StdPeriph_Driver/src/stm32f4xx_dcmi.c ****                      DCMI_InitStruct->DCMI_CaptureRate |
 129              		.loc 1 175 37 view .LVU39
 130 0028 4489     		ldrh	r4, [r0, #10]
 176:Drivers/STM32F4xx_StdPeriph_Driver/src/stm32f4xx_dcmi.c ****                      DCMI_InitStruct->DCMI_ExtendedDataMode);
 131              		.loc 1 176 37 view .LVU40
 132 002a 8389     		ldrh	r3, [r0, #12]
 175:Drivers/STM32F4xx_StdPeriph_Driver/src/stm32f4xx_dcmi.c ****                      DCMI_InitStruct->DCMI_CaptureRate |
 133              		.loc 1 175 56 view .LVU41
 134 002c 4CEA0E00 		orr	r0, ip, lr
 135              	.LVL5:
 175:Drivers/STM32F4xx_StdPeriph_Driver/src/stm32f4xx_dcmi.c ****                      DCMI_InitStruct->DCMI_CaptureRate |
 136              		.loc 1 175 56 view .LVU42
 137 0030 3843     		orrs	r0, r0, r7
 138 0032 3043     		orrs	r0, r0, r6
 139 0034 2843     		orrs	r0, r0, r5
 140 0036 2043     		orrs	r0, r0, r4
 141 0038 0343     		orrs	r3, r3, r0
 170:Drivers/STM32F4xx_StdPeriph_Driver/src/stm32f4xx_dcmi.c ****                      DCMI_InitStruct->DCMI_SynchroMode |
 142              		.loc 1 170 8 view .LVU43
 143 003a 1343     		orrs	r3, r3, r2
 144              	.LVL6:
 177:Drivers/STM32F4xx_StdPeriph_Driver/src/stm32f4xx_dcmi.c **** 
 178:Drivers/STM32F4xx_StdPeriph_Driver/src/stm32f4xx_dcmi.c ****   DCMI->CR = temp;                              
 145              		.loc 1 178 3 is_stmt 1 view .LVU44
 146              		.loc 1 178 12 is_stmt 0 view .LVU45
 147 003c 0B60     		str	r3, [r1]
 179:Drivers/STM32F4xx_StdPeriph_Driver/src/stm32f4xx_dcmi.c **** }
 148              		.loc 1 179 1 view .LVU46
 149 003e F0BD     		pop	{r4, r5, r6, r7, pc}
 150              	.L7:
 151              		.align	2
 152              	.L6:
 153 0040 00000550 		.word	1342504960
 154              		.cfi_endproc
 155              	.LFE131:
 157              		.section	.text.DCMI_StructInit,"ax",%progbits
 158              		.align	1
 159              		.global	DCMI_StructInit
 160              		.syntax unified
 161              		.thumb
 162              		.thumb_func
 163              		.fpu fpv4-sp-d16
 165              	DCMI_StructInit:
ARM GAS  /tmp/ccLcSMWA.s 			page 7


 166              	.LVL7:
 167              	.LFB132:
 180:Drivers/STM32F4xx_StdPeriph_Driver/src/stm32f4xx_dcmi.c **** 
 181:Drivers/STM32F4xx_StdPeriph_Driver/src/stm32f4xx_dcmi.c **** /**
 182:Drivers/STM32F4xx_StdPeriph_Driver/src/stm32f4xx_dcmi.c ****   * @brief  Fills each DCMI_InitStruct member with its default value.
 183:Drivers/STM32F4xx_StdPeriph_Driver/src/stm32f4xx_dcmi.c ****   * @param  DCMI_InitStruct : pointer to a DCMI_InitTypeDef structure which will
 184:Drivers/STM32F4xx_StdPeriph_Driver/src/stm32f4xx_dcmi.c ****   *         be initialized.
 185:Drivers/STM32F4xx_StdPeriph_Driver/src/stm32f4xx_dcmi.c ****   * @retval None
 186:Drivers/STM32F4xx_StdPeriph_Driver/src/stm32f4xx_dcmi.c ****   */
 187:Drivers/STM32F4xx_StdPeriph_Driver/src/stm32f4xx_dcmi.c **** void DCMI_StructInit(DCMI_InitTypeDef* DCMI_InitStruct)
 188:Drivers/STM32F4xx_StdPeriph_Driver/src/stm32f4xx_dcmi.c **** {
 168              		.loc 1 188 1 is_stmt 1 view -0
 169              		.cfi_startproc
 170              		@ args = 0, pretend = 0, frame = 0
 171              		@ frame_needed = 0, uses_anonymous_args = 0
 172              		@ link register save eliminated.
 189:Drivers/STM32F4xx_StdPeriph_Driver/src/stm32f4xx_dcmi.c ****   /* Set the default configuration */
 190:Drivers/STM32F4xx_StdPeriph_Driver/src/stm32f4xx_dcmi.c ****   DCMI_InitStruct->DCMI_CaptureMode = DCMI_CaptureMode_Continuous;
 173              		.loc 1 190 3 view .LVU48
 174              		.loc 1 190 37 is_stmt 0 view .LVU49
 175 0000 0023     		movs	r3, #0
 176 0002 0380     		strh	r3, [r0]	@ movhi
 191:Drivers/STM32F4xx_StdPeriph_Driver/src/stm32f4xx_dcmi.c ****   DCMI_InitStruct->DCMI_SynchroMode = DCMI_SynchroMode_Hardware;
 177              		.loc 1 191 3 is_stmt 1 view .LVU50
 178              		.loc 1 191 37 is_stmt 0 view .LVU51
 179 0004 4380     		strh	r3, [r0, #2]	@ movhi
 192:Drivers/STM32F4xx_StdPeriph_Driver/src/stm32f4xx_dcmi.c ****   DCMI_InitStruct->DCMI_PCKPolarity = DCMI_PCKPolarity_Falling;
 180              		.loc 1 192 3 is_stmt 1 view .LVU52
 181              		.loc 1 192 37 is_stmt 0 view .LVU53
 182 0006 8380     		strh	r3, [r0, #4]	@ movhi
 193:Drivers/STM32F4xx_StdPeriph_Driver/src/stm32f4xx_dcmi.c ****   DCMI_InitStruct->DCMI_VSPolarity = DCMI_VSPolarity_Low;
 183              		.loc 1 193 3 is_stmt 1 view .LVU54
 184              		.loc 1 193 36 is_stmt 0 view .LVU55
 185 0008 C380     		strh	r3, [r0, #6]	@ movhi
 194:Drivers/STM32F4xx_StdPeriph_Driver/src/stm32f4xx_dcmi.c ****   DCMI_InitStruct->DCMI_HSPolarity = DCMI_HSPolarity_Low;
 186              		.loc 1 194 3 is_stmt 1 view .LVU56
 187              		.loc 1 194 36 is_stmt 0 view .LVU57
 188 000a 0381     		strh	r3, [r0, #8]	@ movhi
 195:Drivers/STM32F4xx_StdPeriph_Driver/src/stm32f4xx_dcmi.c ****   DCMI_InitStruct->DCMI_CaptureRate = DCMI_CaptureRate_All_Frame;
 189              		.loc 1 195 3 is_stmt 1 view .LVU58
 190              		.loc 1 195 37 is_stmt 0 view .LVU59
 191 000c 4381     		strh	r3, [r0, #10]	@ movhi
 196:Drivers/STM32F4xx_StdPeriph_Driver/src/stm32f4xx_dcmi.c ****   DCMI_InitStruct->DCMI_ExtendedDataMode = DCMI_ExtendedDataMode_8b;
 192              		.loc 1 196 3 is_stmt 1 view .LVU60
 193              		.loc 1 196 42 is_stmt 0 view .LVU61
 194 000e 8381     		strh	r3, [r0, #12]	@ movhi
 197:Drivers/STM32F4xx_StdPeriph_Driver/src/stm32f4xx_dcmi.c **** }
 195              		.loc 1 197 1 view .LVU62
 196 0010 7047     		bx	lr
 197              		.cfi_endproc
 198              	.LFE132:
 200              		.section	.text.DCMI_CROPConfig,"ax",%progbits
 201              		.align	1
 202              		.global	DCMI_CROPConfig
 203              		.syntax unified
 204              		.thumb
 205              		.thumb_func
ARM GAS  /tmp/ccLcSMWA.s 			page 8


 206              		.fpu fpv4-sp-d16
 208              	DCMI_CROPConfig:
 209              	.LVL8:
 210              	.LFB133:
 198:Drivers/STM32F4xx_StdPeriph_Driver/src/stm32f4xx_dcmi.c **** 
 199:Drivers/STM32F4xx_StdPeriph_Driver/src/stm32f4xx_dcmi.c **** /**
 200:Drivers/STM32F4xx_StdPeriph_Driver/src/stm32f4xx_dcmi.c ****   * @brief  Initializes the DCMI peripheral CROP mode according to the specified
 201:Drivers/STM32F4xx_StdPeriph_Driver/src/stm32f4xx_dcmi.c ****   *         parameters in the DCMI_CROPInitStruct.
 202:Drivers/STM32F4xx_StdPeriph_Driver/src/stm32f4xx_dcmi.c ****   * @note   This function should be called before to enable and start the DCMI interface.   
 203:Drivers/STM32F4xx_StdPeriph_Driver/src/stm32f4xx_dcmi.c ****   * @param  DCMI_CROPInitStruct:  pointer to a DCMI_CROPInitTypeDef structure that 
 204:Drivers/STM32F4xx_StdPeriph_Driver/src/stm32f4xx_dcmi.c ****   *         contains the configuration information for the DCMI peripheral CROP mode.
 205:Drivers/STM32F4xx_StdPeriph_Driver/src/stm32f4xx_dcmi.c ****   * @retval None
 206:Drivers/STM32F4xx_StdPeriph_Driver/src/stm32f4xx_dcmi.c ****   */
 207:Drivers/STM32F4xx_StdPeriph_Driver/src/stm32f4xx_dcmi.c **** void DCMI_CROPConfig(DCMI_CROPInitTypeDef* DCMI_CROPInitStruct)
 208:Drivers/STM32F4xx_StdPeriph_Driver/src/stm32f4xx_dcmi.c **** {  
 211              		.loc 1 208 1 is_stmt 1 view -0
 212              		.cfi_startproc
 213              		@ args = 0, pretend = 0, frame = 0
 214              		@ frame_needed = 0, uses_anonymous_args = 0
 215              		@ link register save eliminated.
 209:Drivers/STM32F4xx_StdPeriph_Driver/src/stm32f4xx_dcmi.c ****   /* Sets the CROP window coordinates */
 210:Drivers/STM32F4xx_StdPeriph_Driver/src/stm32f4xx_dcmi.c ****   DCMI->CWSTRTR = (uint32_t)((uint32_t)DCMI_CROPInitStruct->DCMI_HorizontalOffsetCount |
 216              		.loc 1 210 3 view .LVU64
 217              		.loc 1 210 59 is_stmt 0 view .LVU65
 218 0000 4388     		ldrh	r3, [r0, #2]
 211:Drivers/STM32F4xx_StdPeriph_Driver/src/stm32f4xx_dcmi.c ****                   ((uint32_t)DCMI_CROPInitStruct->DCMI_VerticalStartLine << 16));
 219              		.loc 1 211 49 view .LVU66
 220 0002 0288     		ldrh	r2, [r0]
 210:Drivers/STM32F4xx_StdPeriph_Driver/src/stm32f4xx_dcmi.c ****                   ((uint32_t)DCMI_CROPInitStruct->DCMI_VerticalStartLine << 16));
 221              		.loc 1 210 19 view .LVU67
 222 0004 43EA0243 		orr	r3, r3, r2, lsl #16
 210:Drivers/STM32F4xx_StdPeriph_Driver/src/stm32f4xx_dcmi.c ****                   ((uint32_t)DCMI_CROPInitStruct->DCMI_VerticalStartLine << 16));
 223              		.loc 1 210 17 view .LVU68
 224 0008 034A     		ldr	r2, .L10
 225 000a 1362     		str	r3, [r2, #32]
 212:Drivers/STM32F4xx_StdPeriph_Driver/src/stm32f4xx_dcmi.c **** 
 213:Drivers/STM32F4xx_StdPeriph_Driver/src/stm32f4xx_dcmi.c ****   /* Sets the CROP window size */
 214:Drivers/STM32F4xx_StdPeriph_Driver/src/stm32f4xx_dcmi.c ****   DCMI->CWSIZER = (uint32_t)(DCMI_CROPInitStruct->DCMI_CaptureCount |
 226              		.loc 1 214 3 is_stmt 1 view .LVU69
 227              		.loc 1 214 49 is_stmt 0 view .LVU70
 228 000c C388     		ldrh	r3, [r0, #6]
 215:Drivers/STM32F4xx_StdPeriph_Driver/src/stm32f4xx_dcmi.c ****                   ((uint32_t)DCMI_CROPInitStruct->DCMI_VerticalLineCount << 16));
 229              		.loc 1 215 49 view .LVU71
 230 000e 8188     		ldrh	r1, [r0, #4]
 214:Drivers/STM32F4xx_StdPeriph_Driver/src/stm32f4xx_dcmi.c ****                   ((uint32_t)DCMI_CROPInitStruct->DCMI_VerticalLineCount << 16));
 231              		.loc 1 214 19 view .LVU72
 232 0010 43EA0143 		orr	r3, r3, r1, lsl #16
 214:Drivers/STM32F4xx_StdPeriph_Driver/src/stm32f4xx_dcmi.c ****                   ((uint32_t)DCMI_CROPInitStruct->DCMI_VerticalLineCount << 16));
 233              		.loc 1 214 17 view .LVU73
 234 0014 5362     		str	r3, [r2, #36]
 216:Drivers/STM32F4xx_StdPeriph_Driver/src/stm32f4xx_dcmi.c **** }
 235              		.loc 1 216 1 view .LVU74
 236 0016 7047     		bx	lr
 237              	.L11:
 238              		.align	2
 239              	.L10:
 240 0018 00000550 		.word	1342504960
ARM GAS  /tmp/ccLcSMWA.s 			page 9


 241              		.cfi_endproc
 242              	.LFE133:
 244              		.section	.text.DCMI_CROPCmd,"ax",%progbits
 245              		.align	1
 246              		.global	DCMI_CROPCmd
 247              		.syntax unified
 248              		.thumb
 249              		.thumb_func
 250              		.fpu fpv4-sp-d16
 252              	DCMI_CROPCmd:
 253              	.LVL9:
 254              	.LFB134:
 217:Drivers/STM32F4xx_StdPeriph_Driver/src/stm32f4xx_dcmi.c **** 
 218:Drivers/STM32F4xx_StdPeriph_Driver/src/stm32f4xx_dcmi.c **** /**
 219:Drivers/STM32F4xx_StdPeriph_Driver/src/stm32f4xx_dcmi.c ****   * @brief  Enables or disables the DCMI Crop feature.
 220:Drivers/STM32F4xx_StdPeriph_Driver/src/stm32f4xx_dcmi.c ****   * @note   This function should be called before to enable and start the DCMI interface.
 221:Drivers/STM32F4xx_StdPeriph_Driver/src/stm32f4xx_dcmi.c ****   * @param  NewState: new state of the DCMI Crop feature. 
 222:Drivers/STM32F4xx_StdPeriph_Driver/src/stm32f4xx_dcmi.c ****   *          This parameter can be: ENABLE or DISABLE.
 223:Drivers/STM32F4xx_StdPeriph_Driver/src/stm32f4xx_dcmi.c ****   * @retval None
 224:Drivers/STM32F4xx_StdPeriph_Driver/src/stm32f4xx_dcmi.c ****   */
 225:Drivers/STM32F4xx_StdPeriph_Driver/src/stm32f4xx_dcmi.c **** void DCMI_CROPCmd(FunctionalState NewState)
 226:Drivers/STM32F4xx_StdPeriph_Driver/src/stm32f4xx_dcmi.c **** {
 255              		.loc 1 226 1 is_stmt 1 view -0
 256              		.cfi_startproc
 257              		@ args = 0, pretend = 0, frame = 0
 258              		@ frame_needed = 0, uses_anonymous_args = 0
 259              		@ link register save eliminated.
 227:Drivers/STM32F4xx_StdPeriph_Driver/src/stm32f4xx_dcmi.c ****   /* Check the parameters */
 228:Drivers/STM32F4xx_StdPeriph_Driver/src/stm32f4xx_dcmi.c ****   assert_param(IS_FUNCTIONAL_STATE(NewState));
 260              		.loc 1 228 3 view .LVU76
 229:Drivers/STM32F4xx_StdPeriph_Driver/src/stm32f4xx_dcmi.c ****     
 230:Drivers/STM32F4xx_StdPeriph_Driver/src/stm32f4xx_dcmi.c ****   if (NewState != DISABLE)
 261              		.loc 1 230 3 view .LVU77
 262              		.loc 1 230 6 is_stmt 0 view .LVU78
 263 0000 28B1     		cbz	r0, .L13
 231:Drivers/STM32F4xx_StdPeriph_Driver/src/stm32f4xx_dcmi.c ****   {
 232:Drivers/STM32F4xx_StdPeriph_Driver/src/stm32f4xx_dcmi.c ****     /* Enable the DCMI Crop feature */
 233:Drivers/STM32F4xx_StdPeriph_Driver/src/stm32f4xx_dcmi.c ****     DCMI->CR |= (uint32_t)DCMI_CR_CROP;
 264              		.loc 1 233 5 is_stmt 1 view .LVU79
 265              		.loc 1 233 14 is_stmt 0 view .LVU80
 266 0002 064A     		ldr	r2, .L15
 267 0004 1368     		ldr	r3, [r2]
 268 0006 43F00403 		orr	r3, r3, #4
 269 000a 1360     		str	r3, [r2]
 270 000c 7047     		bx	lr
 271              	.L13:
 234:Drivers/STM32F4xx_StdPeriph_Driver/src/stm32f4xx_dcmi.c ****   }
 235:Drivers/STM32F4xx_StdPeriph_Driver/src/stm32f4xx_dcmi.c ****   else
 236:Drivers/STM32F4xx_StdPeriph_Driver/src/stm32f4xx_dcmi.c ****   {
 237:Drivers/STM32F4xx_StdPeriph_Driver/src/stm32f4xx_dcmi.c ****     /* Disable the DCMI Crop feature */
 238:Drivers/STM32F4xx_StdPeriph_Driver/src/stm32f4xx_dcmi.c ****     DCMI->CR &= ~(uint32_t)DCMI_CR_CROP;
 272              		.loc 1 238 5 is_stmt 1 view .LVU81
 273              		.loc 1 238 14 is_stmt 0 view .LVU82
 274 000e 034A     		ldr	r2, .L15
 275 0010 1368     		ldr	r3, [r2]
 276 0012 23F00403 		bic	r3, r3, #4
 277 0016 1360     		str	r3, [r2]
ARM GAS  /tmp/ccLcSMWA.s 			page 10


 239:Drivers/STM32F4xx_StdPeriph_Driver/src/stm32f4xx_dcmi.c ****   }
 240:Drivers/STM32F4xx_StdPeriph_Driver/src/stm32f4xx_dcmi.c **** }
 278              		.loc 1 240 1 view .LVU83
 279 0018 7047     		bx	lr
 280              	.L16:
 281 001a 00BF     		.align	2
 282              	.L15:
 283 001c 00000550 		.word	1342504960
 284              		.cfi_endproc
 285              	.LFE134:
 287              		.section	.text.DCMI_SetEmbeddedSynchroCodes,"ax",%progbits
 288              		.align	1
 289              		.global	DCMI_SetEmbeddedSynchroCodes
 290              		.syntax unified
 291              		.thumb
 292              		.thumb_func
 293              		.fpu fpv4-sp-d16
 295              	DCMI_SetEmbeddedSynchroCodes:
 296              	.LVL10:
 297              	.LFB135:
 241:Drivers/STM32F4xx_StdPeriph_Driver/src/stm32f4xx_dcmi.c **** 
 242:Drivers/STM32F4xx_StdPeriph_Driver/src/stm32f4xx_dcmi.c **** /**
 243:Drivers/STM32F4xx_StdPeriph_Driver/src/stm32f4xx_dcmi.c ****   * @brief  Sets the embedded synchronization codes
 244:Drivers/STM32F4xx_StdPeriph_Driver/src/stm32f4xx_dcmi.c ****   * @param  DCMI_CodesInitTypeDef: pointer to a DCMI_CodesInitTypeDef structure that
 245:Drivers/STM32F4xx_StdPeriph_Driver/src/stm32f4xx_dcmi.c ****   *         contains the embedded synchronization codes for the DCMI peripheral.
 246:Drivers/STM32F4xx_StdPeriph_Driver/src/stm32f4xx_dcmi.c ****   * @retval None
 247:Drivers/STM32F4xx_StdPeriph_Driver/src/stm32f4xx_dcmi.c ****   */
 248:Drivers/STM32F4xx_StdPeriph_Driver/src/stm32f4xx_dcmi.c **** void DCMI_SetEmbeddedSynchroCodes(DCMI_CodesInitTypeDef* DCMI_CodesInitStruct)
 249:Drivers/STM32F4xx_StdPeriph_Driver/src/stm32f4xx_dcmi.c **** {
 298              		.loc 1 249 1 is_stmt 1 view -0
 299              		.cfi_startproc
 300              		@ args = 0, pretend = 0, frame = 0
 301              		@ frame_needed = 0, uses_anonymous_args = 0
 302              		@ link register save eliminated.
 250:Drivers/STM32F4xx_StdPeriph_Driver/src/stm32f4xx_dcmi.c ****   DCMI->ESCR = (uint32_t)(DCMI_CodesInitStruct->DCMI_FrameStartCode |
 303              		.loc 1 250 3 view .LVU85
 304              		.loc 1 250 47 is_stmt 0 view .LVU86
 305 0000 0378     		ldrb	r3, [r0]	@ zero_extendqisi2
 251:Drivers/STM32F4xx_StdPeriph_Driver/src/stm32f4xx_dcmi.c ****                           ((uint32_t)DCMI_CodesInitStruct->DCMI_LineStartCode << 8)|
 306              		.loc 1 251 58 view .LVU87
 307 0002 4278     		ldrb	r2, [r0, #1]	@ zero_extendqisi2
 250:Drivers/STM32F4xx_StdPeriph_Driver/src/stm32f4xx_dcmi.c ****   DCMI->ESCR = (uint32_t)(DCMI_CodesInitStruct->DCMI_FrameStartCode |
 308              		.loc 1 250 69 view .LVU88
 309 0004 43EA0223 		orr	r3, r3, r2, lsl #8
 252:Drivers/STM32F4xx_StdPeriph_Driver/src/stm32f4xx_dcmi.c ****                           ((uint32_t)DCMI_CodesInitStruct->DCMI_LineEndCode << 16)|
 310              		.loc 1 252 58 view .LVU89
 311 0008 8278     		ldrb	r2, [r0, #2]	@ zero_extendqisi2
 251:Drivers/STM32F4xx_StdPeriph_Driver/src/stm32f4xx_dcmi.c ****                           ((uint32_t)DCMI_CodesInitStruct->DCMI_LineStartCode << 8)|
 312              		.loc 1 251 84 view .LVU90
 313 000a 43EA0243 		orr	r3, r3, r2, lsl #16
 253:Drivers/STM32F4xx_StdPeriph_Driver/src/stm32f4xx_dcmi.c ****                           ((uint32_t)DCMI_CodesInitStruct->DCMI_FrameEndCode << 24));
 314              		.loc 1 253 58 view .LVU91
 315 000e C278     		ldrb	r2, [r0, #3]	@ zero_extendqisi2
 250:Drivers/STM32F4xx_StdPeriph_Driver/src/stm32f4xx_dcmi.c ****                           ((uint32_t)DCMI_CodesInitStruct->DCMI_LineStartCode << 8)|
 316              		.loc 1 250 16 view .LVU92
 317 0010 43EA0263 		orr	r3, r3, r2, lsl #24
 250:Drivers/STM32F4xx_StdPeriph_Driver/src/stm32f4xx_dcmi.c ****                           ((uint32_t)DCMI_CodesInitStruct->DCMI_LineStartCode << 8)|
ARM GAS  /tmp/ccLcSMWA.s 			page 11


 318              		.loc 1 250 14 view .LVU93
 319 0014 014A     		ldr	r2, .L18
 320 0016 9361     		str	r3, [r2, #24]
 254:Drivers/STM32F4xx_StdPeriph_Driver/src/stm32f4xx_dcmi.c **** }
 321              		.loc 1 254 1 view .LVU94
 322 0018 7047     		bx	lr
 323              	.L19:
 324 001a 00BF     		.align	2
 325              	.L18:
 326 001c 00000550 		.word	1342504960
 327              		.cfi_endproc
 328              	.LFE135:
 330              		.section	.text.DCMI_JPEGCmd,"ax",%progbits
 331              		.align	1
 332              		.global	DCMI_JPEGCmd
 333              		.syntax unified
 334              		.thumb
 335              		.thumb_func
 336              		.fpu fpv4-sp-d16
 338              	DCMI_JPEGCmd:
 339              	.LVL11:
 340              	.LFB136:
 255:Drivers/STM32F4xx_StdPeriph_Driver/src/stm32f4xx_dcmi.c **** 
 256:Drivers/STM32F4xx_StdPeriph_Driver/src/stm32f4xx_dcmi.c **** /**
 257:Drivers/STM32F4xx_StdPeriph_Driver/src/stm32f4xx_dcmi.c ****   * @brief  Enables or disables the DCMI JPEG format.
 258:Drivers/STM32F4xx_StdPeriph_Driver/src/stm32f4xx_dcmi.c ****   * @note   The Crop and Embedded Synchronization features cannot be used in this mode.  
 259:Drivers/STM32F4xx_StdPeriph_Driver/src/stm32f4xx_dcmi.c ****   * @param  NewState: new state of the DCMI JPEG format. 
 260:Drivers/STM32F4xx_StdPeriph_Driver/src/stm32f4xx_dcmi.c ****   *          This parameter can be: ENABLE or DISABLE.
 261:Drivers/STM32F4xx_StdPeriph_Driver/src/stm32f4xx_dcmi.c ****   * @retval None
 262:Drivers/STM32F4xx_StdPeriph_Driver/src/stm32f4xx_dcmi.c ****   */
 263:Drivers/STM32F4xx_StdPeriph_Driver/src/stm32f4xx_dcmi.c **** void DCMI_JPEGCmd(FunctionalState NewState)
 264:Drivers/STM32F4xx_StdPeriph_Driver/src/stm32f4xx_dcmi.c **** {
 341              		.loc 1 264 1 is_stmt 1 view -0
 342              		.cfi_startproc
 343              		@ args = 0, pretend = 0, frame = 0
 344              		@ frame_needed = 0, uses_anonymous_args = 0
 345              		@ link register save eliminated.
 265:Drivers/STM32F4xx_StdPeriph_Driver/src/stm32f4xx_dcmi.c ****   /* Check the parameters */
 266:Drivers/STM32F4xx_StdPeriph_Driver/src/stm32f4xx_dcmi.c ****   assert_param(IS_FUNCTIONAL_STATE(NewState));
 346              		.loc 1 266 3 view .LVU96
 267:Drivers/STM32F4xx_StdPeriph_Driver/src/stm32f4xx_dcmi.c ****  
 268:Drivers/STM32F4xx_StdPeriph_Driver/src/stm32f4xx_dcmi.c ****   if (NewState != DISABLE)
 347              		.loc 1 268 3 view .LVU97
 348              		.loc 1 268 6 is_stmt 0 view .LVU98
 349 0000 28B1     		cbz	r0, .L21
 269:Drivers/STM32F4xx_StdPeriph_Driver/src/stm32f4xx_dcmi.c ****   {
 270:Drivers/STM32F4xx_StdPeriph_Driver/src/stm32f4xx_dcmi.c ****     /* Enable the DCMI JPEG format */
 271:Drivers/STM32F4xx_StdPeriph_Driver/src/stm32f4xx_dcmi.c ****     DCMI->CR |= (uint32_t)DCMI_CR_JPEG;
 350              		.loc 1 271 5 is_stmt 1 view .LVU99
 351              		.loc 1 271 14 is_stmt 0 view .LVU100
 352 0002 064A     		ldr	r2, .L23
 353 0004 1368     		ldr	r3, [r2]
 354 0006 43F00803 		orr	r3, r3, #8
 355 000a 1360     		str	r3, [r2]
 356 000c 7047     		bx	lr
 357              	.L21:
 272:Drivers/STM32F4xx_StdPeriph_Driver/src/stm32f4xx_dcmi.c ****   }
ARM GAS  /tmp/ccLcSMWA.s 			page 12


 273:Drivers/STM32F4xx_StdPeriph_Driver/src/stm32f4xx_dcmi.c ****   else
 274:Drivers/STM32F4xx_StdPeriph_Driver/src/stm32f4xx_dcmi.c ****   {
 275:Drivers/STM32F4xx_StdPeriph_Driver/src/stm32f4xx_dcmi.c ****     /* Disable the DCMI JPEG format */
 276:Drivers/STM32F4xx_StdPeriph_Driver/src/stm32f4xx_dcmi.c ****     DCMI->CR &= ~(uint32_t)DCMI_CR_JPEG;
 358              		.loc 1 276 5 is_stmt 1 view .LVU101
 359              		.loc 1 276 14 is_stmt 0 view .LVU102
 360 000e 034A     		ldr	r2, .L23
 361 0010 1368     		ldr	r3, [r2]
 362 0012 23F00803 		bic	r3, r3, #8
 363 0016 1360     		str	r3, [r2]
 277:Drivers/STM32F4xx_StdPeriph_Driver/src/stm32f4xx_dcmi.c ****   }
 278:Drivers/STM32F4xx_StdPeriph_Driver/src/stm32f4xx_dcmi.c **** }
 364              		.loc 1 278 1 view .LVU103
 365 0018 7047     		bx	lr
 366              	.L24:
 367 001a 00BF     		.align	2
 368              	.L23:
 369 001c 00000550 		.word	1342504960
 370              		.cfi_endproc
 371              	.LFE136:
 373              		.section	.text.DCMI_Cmd,"ax",%progbits
 374              		.align	1
 375              		.global	DCMI_Cmd
 376              		.syntax unified
 377              		.thumb
 378              		.thumb_func
 379              		.fpu fpv4-sp-d16
 381              	DCMI_Cmd:
 382              	.LVL12:
 383              	.LFB137:
 279:Drivers/STM32F4xx_StdPeriph_Driver/src/stm32f4xx_dcmi.c **** /**
 280:Drivers/STM32F4xx_StdPeriph_Driver/src/stm32f4xx_dcmi.c ****   * @}
 281:Drivers/STM32F4xx_StdPeriph_Driver/src/stm32f4xx_dcmi.c ****   */
 282:Drivers/STM32F4xx_StdPeriph_Driver/src/stm32f4xx_dcmi.c **** 
 283:Drivers/STM32F4xx_StdPeriph_Driver/src/stm32f4xx_dcmi.c **** /** @defgroup DCMI_Group2 Image capture functions
 284:Drivers/STM32F4xx_StdPeriph_Driver/src/stm32f4xx_dcmi.c ****  *  @brief   Image capture functions
 285:Drivers/STM32F4xx_StdPeriph_Driver/src/stm32f4xx_dcmi.c ****  *
 286:Drivers/STM32F4xx_StdPeriph_Driver/src/stm32f4xx_dcmi.c **** @verbatim   
 287:Drivers/STM32F4xx_StdPeriph_Driver/src/stm32f4xx_dcmi.c ****  ===============================================================================
 288:Drivers/STM32F4xx_StdPeriph_Driver/src/stm32f4xx_dcmi.c ****                                  Image capture functions
 289:Drivers/STM32F4xx_StdPeriph_Driver/src/stm32f4xx_dcmi.c ****  ===============================================================================  
 290:Drivers/STM32F4xx_StdPeriph_Driver/src/stm32f4xx_dcmi.c **** 
 291:Drivers/STM32F4xx_StdPeriph_Driver/src/stm32f4xx_dcmi.c **** @endverbatim
 292:Drivers/STM32F4xx_StdPeriph_Driver/src/stm32f4xx_dcmi.c ****   * @{
 293:Drivers/STM32F4xx_StdPeriph_Driver/src/stm32f4xx_dcmi.c ****   */
 294:Drivers/STM32F4xx_StdPeriph_Driver/src/stm32f4xx_dcmi.c ****   
 295:Drivers/STM32F4xx_StdPeriph_Driver/src/stm32f4xx_dcmi.c **** /**
 296:Drivers/STM32F4xx_StdPeriph_Driver/src/stm32f4xx_dcmi.c ****   * @brief  Enables or disables the DCMI interface.
 297:Drivers/STM32F4xx_StdPeriph_Driver/src/stm32f4xx_dcmi.c ****   * @param  NewState: new state of the DCMI interface. 
 298:Drivers/STM32F4xx_StdPeriph_Driver/src/stm32f4xx_dcmi.c ****   *          This parameter can be: ENABLE or DISABLE.
 299:Drivers/STM32F4xx_StdPeriph_Driver/src/stm32f4xx_dcmi.c ****   * @retval None
 300:Drivers/STM32F4xx_StdPeriph_Driver/src/stm32f4xx_dcmi.c ****   */
 301:Drivers/STM32F4xx_StdPeriph_Driver/src/stm32f4xx_dcmi.c **** void DCMI_Cmd(FunctionalState NewState)
 302:Drivers/STM32F4xx_StdPeriph_Driver/src/stm32f4xx_dcmi.c **** {
 384              		.loc 1 302 1 is_stmt 1 view -0
 385              		.cfi_startproc
 386              		@ args = 0, pretend = 0, frame = 0
ARM GAS  /tmp/ccLcSMWA.s 			page 13


 387              		@ frame_needed = 0, uses_anonymous_args = 0
 388              		@ link register save eliminated.
 303:Drivers/STM32F4xx_StdPeriph_Driver/src/stm32f4xx_dcmi.c ****   /* Check the parameters */
 304:Drivers/STM32F4xx_StdPeriph_Driver/src/stm32f4xx_dcmi.c ****   assert_param(IS_FUNCTIONAL_STATE(NewState));
 389              		.loc 1 304 3 view .LVU105
 305:Drivers/STM32F4xx_StdPeriph_Driver/src/stm32f4xx_dcmi.c ****   
 306:Drivers/STM32F4xx_StdPeriph_Driver/src/stm32f4xx_dcmi.c ****   if (NewState != DISABLE)
 390              		.loc 1 306 3 view .LVU106
 391              		.loc 1 306 6 is_stmt 0 view .LVU107
 392 0000 28B1     		cbz	r0, .L26
 307:Drivers/STM32F4xx_StdPeriph_Driver/src/stm32f4xx_dcmi.c ****   {
 308:Drivers/STM32F4xx_StdPeriph_Driver/src/stm32f4xx_dcmi.c ****     /* Enable the DCMI by setting ENABLE bit */
 309:Drivers/STM32F4xx_StdPeriph_Driver/src/stm32f4xx_dcmi.c ****     DCMI->CR |= (uint32_t)DCMI_CR_ENABLE;
 393              		.loc 1 309 5 is_stmt 1 view .LVU108
 394              		.loc 1 309 14 is_stmt 0 view .LVU109
 395 0002 064A     		ldr	r2, .L28
 396 0004 1368     		ldr	r3, [r2]
 397 0006 43F48043 		orr	r3, r3, #16384
 398 000a 1360     		str	r3, [r2]
 399 000c 7047     		bx	lr
 400              	.L26:
 310:Drivers/STM32F4xx_StdPeriph_Driver/src/stm32f4xx_dcmi.c ****   }
 311:Drivers/STM32F4xx_StdPeriph_Driver/src/stm32f4xx_dcmi.c ****   else
 312:Drivers/STM32F4xx_StdPeriph_Driver/src/stm32f4xx_dcmi.c ****   {
 313:Drivers/STM32F4xx_StdPeriph_Driver/src/stm32f4xx_dcmi.c ****     /* Disable the DCMI by clearing ENABLE bit */
 314:Drivers/STM32F4xx_StdPeriph_Driver/src/stm32f4xx_dcmi.c ****     DCMI->CR &= ~(uint32_t)DCMI_CR_ENABLE;
 401              		.loc 1 314 5 is_stmt 1 view .LVU110
 402              		.loc 1 314 14 is_stmt 0 view .LVU111
 403 000e 034A     		ldr	r2, .L28
 404 0010 1368     		ldr	r3, [r2]
 405 0012 23F48043 		bic	r3, r3, #16384
 406 0016 1360     		str	r3, [r2]
 315:Drivers/STM32F4xx_StdPeriph_Driver/src/stm32f4xx_dcmi.c ****   }
 316:Drivers/STM32F4xx_StdPeriph_Driver/src/stm32f4xx_dcmi.c **** }
 407              		.loc 1 316 1 view .LVU112
 408 0018 7047     		bx	lr
 409              	.L29:
 410 001a 00BF     		.align	2
 411              	.L28:
 412 001c 00000550 		.word	1342504960
 413              		.cfi_endproc
 414              	.LFE137:
 416              		.section	.text.DCMI_CaptureCmd,"ax",%progbits
 417              		.align	1
 418              		.global	DCMI_CaptureCmd
 419              		.syntax unified
 420              		.thumb
 421              		.thumb_func
 422              		.fpu fpv4-sp-d16
 424              	DCMI_CaptureCmd:
 425              	.LVL13:
 426              	.LFB138:
 317:Drivers/STM32F4xx_StdPeriph_Driver/src/stm32f4xx_dcmi.c **** 
 318:Drivers/STM32F4xx_StdPeriph_Driver/src/stm32f4xx_dcmi.c **** /**
 319:Drivers/STM32F4xx_StdPeriph_Driver/src/stm32f4xx_dcmi.c ****   * @brief  Enables or disables the DCMI Capture.
 320:Drivers/STM32F4xx_StdPeriph_Driver/src/stm32f4xx_dcmi.c ****   * @param  NewState: new state of the DCMI capture. 
 321:Drivers/STM32F4xx_StdPeriph_Driver/src/stm32f4xx_dcmi.c ****   *          This parameter can be: ENABLE or DISABLE.
ARM GAS  /tmp/ccLcSMWA.s 			page 14


 322:Drivers/STM32F4xx_StdPeriph_Driver/src/stm32f4xx_dcmi.c ****   * @retval None
 323:Drivers/STM32F4xx_StdPeriph_Driver/src/stm32f4xx_dcmi.c ****   */
 324:Drivers/STM32F4xx_StdPeriph_Driver/src/stm32f4xx_dcmi.c **** void DCMI_CaptureCmd(FunctionalState NewState)
 325:Drivers/STM32F4xx_StdPeriph_Driver/src/stm32f4xx_dcmi.c **** {
 427              		.loc 1 325 1 is_stmt 1 view -0
 428              		.cfi_startproc
 429              		@ args = 0, pretend = 0, frame = 0
 430              		@ frame_needed = 0, uses_anonymous_args = 0
 431              		@ link register save eliminated.
 326:Drivers/STM32F4xx_StdPeriph_Driver/src/stm32f4xx_dcmi.c ****   /* Check the parameters */
 327:Drivers/STM32F4xx_StdPeriph_Driver/src/stm32f4xx_dcmi.c ****   assert_param(IS_FUNCTIONAL_STATE(NewState));
 432              		.loc 1 327 3 view .LVU114
 328:Drivers/STM32F4xx_StdPeriph_Driver/src/stm32f4xx_dcmi.c ****     
 329:Drivers/STM32F4xx_StdPeriph_Driver/src/stm32f4xx_dcmi.c ****   if (NewState != DISABLE)
 433              		.loc 1 329 3 view .LVU115
 434              		.loc 1 329 6 is_stmt 0 view .LVU116
 435 0000 28B1     		cbz	r0, .L31
 330:Drivers/STM32F4xx_StdPeriph_Driver/src/stm32f4xx_dcmi.c ****   {
 331:Drivers/STM32F4xx_StdPeriph_Driver/src/stm32f4xx_dcmi.c ****     /* Enable the DCMI Capture */
 332:Drivers/STM32F4xx_StdPeriph_Driver/src/stm32f4xx_dcmi.c ****     DCMI->CR |= (uint32_t)DCMI_CR_CAPTURE;
 436              		.loc 1 332 5 is_stmt 1 view .LVU117
 437              		.loc 1 332 14 is_stmt 0 view .LVU118
 438 0002 064A     		ldr	r2, .L33
 439 0004 1368     		ldr	r3, [r2]
 440 0006 43F00103 		orr	r3, r3, #1
 441 000a 1360     		str	r3, [r2]
 442 000c 7047     		bx	lr
 443              	.L31:
 333:Drivers/STM32F4xx_StdPeriph_Driver/src/stm32f4xx_dcmi.c ****   }
 334:Drivers/STM32F4xx_StdPeriph_Driver/src/stm32f4xx_dcmi.c ****   else
 335:Drivers/STM32F4xx_StdPeriph_Driver/src/stm32f4xx_dcmi.c ****   {
 336:Drivers/STM32F4xx_StdPeriph_Driver/src/stm32f4xx_dcmi.c ****     /* Disable the DCMI Capture */
 337:Drivers/STM32F4xx_StdPeriph_Driver/src/stm32f4xx_dcmi.c ****     DCMI->CR &= ~(uint32_t)DCMI_CR_CAPTURE;
 444              		.loc 1 337 5 is_stmt 1 view .LVU119
 445              		.loc 1 337 14 is_stmt 0 view .LVU120
 446 000e 034A     		ldr	r2, .L33
 447 0010 1368     		ldr	r3, [r2]
 448 0012 23F00103 		bic	r3, r3, #1
 449 0016 1360     		str	r3, [r2]
 338:Drivers/STM32F4xx_StdPeriph_Driver/src/stm32f4xx_dcmi.c ****   }
 339:Drivers/STM32F4xx_StdPeriph_Driver/src/stm32f4xx_dcmi.c **** }
 450              		.loc 1 339 1 view .LVU121
 451 0018 7047     		bx	lr
 452              	.L34:
 453 001a 00BF     		.align	2
 454              	.L33:
 455 001c 00000550 		.word	1342504960
 456              		.cfi_endproc
 457              	.LFE138:
 459              		.section	.text.DCMI_ReadData,"ax",%progbits
 460              		.align	1
 461              		.global	DCMI_ReadData
 462              		.syntax unified
 463              		.thumb
 464              		.thumb_func
 465              		.fpu fpv4-sp-d16
 467              	DCMI_ReadData:
ARM GAS  /tmp/ccLcSMWA.s 			page 15


 468              	.LFB139:
 340:Drivers/STM32F4xx_StdPeriph_Driver/src/stm32f4xx_dcmi.c **** 
 341:Drivers/STM32F4xx_StdPeriph_Driver/src/stm32f4xx_dcmi.c **** /**
 342:Drivers/STM32F4xx_StdPeriph_Driver/src/stm32f4xx_dcmi.c ****   * @brief  Reads the data stored in the DR register.
 343:Drivers/STM32F4xx_StdPeriph_Driver/src/stm32f4xx_dcmi.c ****   * @param  None 
 344:Drivers/STM32F4xx_StdPeriph_Driver/src/stm32f4xx_dcmi.c ****   * @retval Data register value
 345:Drivers/STM32F4xx_StdPeriph_Driver/src/stm32f4xx_dcmi.c ****   */
 346:Drivers/STM32F4xx_StdPeriph_Driver/src/stm32f4xx_dcmi.c **** uint32_t DCMI_ReadData(void)
 347:Drivers/STM32F4xx_StdPeriph_Driver/src/stm32f4xx_dcmi.c **** {
 469              		.loc 1 347 1 is_stmt 1 view -0
 470              		.cfi_startproc
 471              		@ args = 0, pretend = 0, frame = 0
 472              		@ frame_needed = 0, uses_anonymous_args = 0
 473              		@ link register save eliminated.
 348:Drivers/STM32F4xx_StdPeriph_Driver/src/stm32f4xx_dcmi.c ****   return DCMI->DR;
 474              		.loc 1 348 3 view .LVU123
 475              		.loc 1 348 14 is_stmt 0 view .LVU124
 476 0000 014B     		ldr	r3, .L36
 477 0002 986A     		ldr	r0, [r3, #40]
 349:Drivers/STM32F4xx_StdPeriph_Driver/src/stm32f4xx_dcmi.c **** }
 478              		.loc 1 349 1 view .LVU125
 479 0004 7047     		bx	lr
 480              	.L37:
 481 0006 00BF     		.align	2
 482              	.L36:
 483 0008 00000550 		.word	1342504960
 484              		.cfi_endproc
 485              	.LFE139:
 487              		.section	.text.DCMI_ITConfig,"ax",%progbits
 488              		.align	1
 489              		.global	DCMI_ITConfig
 490              		.syntax unified
 491              		.thumb
 492              		.thumb_func
 493              		.fpu fpv4-sp-d16
 495              	DCMI_ITConfig:
 496              	.LVL14:
 497              	.LFB140:
 350:Drivers/STM32F4xx_StdPeriph_Driver/src/stm32f4xx_dcmi.c **** /**
 351:Drivers/STM32F4xx_StdPeriph_Driver/src/stm32f4xx_dcmi.c ****   * @}
 352:Drivers/STM32F4xx_StdPeriph_Driver/src/stm32f4xx_dcmi.c ****   */
 353:Drivers/STM32F4xx_StdPeriph_Driver/src/stm32f4xx_dcmi.c **** 
 354:Drivers/STM32F4xx_StdPeriph_Driver/src/stm32f4xx_dcmi.c **** /** @defgroup DCMI_Group3 Interrupts and flags management functions
 355:Drivers/STM32F4xx_StdPeriph_Driver/src/stm32f4xx_dcmi.c ****  *  @brief   Interrupts and flags management functions
 356:Drivers/STM32F4xx_StdPeriph_Driver/src/stm32f4xx_dcmi.c ****  *
 357:Drivers/STM32F4xx_StdPeriph_Driver/src/stm32f4xx_dcmi.c **** @verbatim   
 358:Drivers/STM32F4xx_StdPeriph_Driver/src/stm32f4xx_dcmi.c ****  ===============================================================================
 359:Drivers/STM32F4xx_StdPeriph_Driver/src/stm32f4xx_dcmi.c ****                   Interrupts and flags management functions
 360:Drivers/STM32F4xx_StdPeriph_Driver/src/stm32f4xx_dcmi.c ****  ===============================================================================  
 361:Drivers/STM32F4xx_StdPeriph_Driver/src/stm32f4xx_dcmi.c **** 
 362:Drivers/STM32F4xx_StdPeriph_Driver/src/stm32f4xx_dcmi.c **** @endverbatim
 363:Drivers/STM32F4xx_StdPeriph_Driver/src/stm32f4xx_dcmi.c ****   * @{
 364:Drivers/STM32F4xx_StdPeriph_Driver/src/stm32f4xx_dcmi.c ****   */
 365:Drivers/STM32F4xx_StdPeriph_Driver/src/stm32f4xx_dcmi.c **** 
 366:Drivers/STM32F4xx_StdPeriph_Driver/src/stm32f4xx_dcmi.c **** /**
 367:Drivers/STM32F4xx_StdPeriph_Driver/src/stm32f4xx_dcmi.c ****   * @brief  Enables or disables the DCMI interface interrupts.
 368:Drivers/STM32F4xx_StdPeriph_Driver/src/stm32f4xx_dcmi.c ****   * @param  DCMI_IT: specifies the DCMI interrupt sources to be enabled or disabled. 
ARM GAS  /tmp/ccLcSMWA.s 			page 16


 369:Drivers/STM32F4xx_StdPeriph_Driver/src/stm32f4xx_dcmi.c ****   *          This parameter can be any combination of the following values:
 370:Drivers/STM32F4xx_StdPeriph_Driver/src/stm32f4xx_dcmi.c ****   *            @arg DCMI_IT_FRAME: Frame capture complete interrupt mask
 371:Drivers/STM32F4xx_StdPeriph_Driver/src/stm32f4xx_dcmi.c ****   *            @arg DCMI_IT_OVF: Overflow interrupt mask
 372:Drivers/STM32F4xx_StdPeriph_Driver/src/stm32f4xx_dcmi.c ****   *            @arg DCMI_IT_ERR: Synchronization error interrupt mask
 373:Drivers/STM32F4xx_StdPeriph_Driver/src/stm32f4xx_dcmi.c ****   *            @arg DCMI_IT_VSYNC: VSYNC interrupt mask
 374:Drivers/STM32F4xx_StdPeriph_Driver/src/stm32f4xx_dcmi.c ****   *            @arg DCMI_IT_LINE: Line interrupt mask
 375:Drivers/STM32F4xx_StdPeriph_Driver/src/stm32f4xx_dcmi.c ****   * @param  NewState: new state of the specified DCMI interrupts.
 376:Drivers/STM32F4xx_StdPeriph_Driver/src/stm32f4xx_dcmi.c ****   *          This parameter can be: ENABLE or DISABLE.
 377:Drivers/STM32F4xx_StdPeriph_Driver/src/stm32f4xx_dcmi.c ****   * @retval None
 378:Drivers/STM32F4xx_StdPeriph_Driver/src/stm32f4xx_dcmi.c ****   */
 379:Drivers/STM32F4xx_StdPeriph_Driver/src/stm32f4xx_dcmi.c **** void DCMI_ITConfig(uint16_t DCMI_IT, FunctionalState NewState)
 380:Drivers/STM32F4xx_StdPeriph_Driver/src/stm32f4xx_dcmi.c **** {
 498              		.loc 1 380 1 is_stmt 1 view -0
 499              		.cfi_startproc
 500              		@ args = 0, pretend = 0, frame = 0
 501              		@ frame_needed = 0, uses_anonymous_args = 0
 502              		@ link register save eliminated.
 381:Drivers/STM32F4xx_StdPeriph_Driver/src/stm32f4xx_dcmi.c ****   /* Check the parameters */
 382:Drivers/STM32F4xx_StdPeriph_Driver/src/stm32f4xx_dcmi.c ****   assert_param(IS_DCMI_CONFIG_IT(DCMI_IT));
 503              		.loc 1 382 3 view .LVU127
 383:Drivers/STM32F4xx_StdPeriph_Driver/src/stm32f4xx_dcmi.c ****   assert_param(IS_FUNCTIONAL_STATE(NewState));
 504              		.loc 1 383 3 view .LVU128
 384:Drivers/STM32F4xx_StdPeriph_Driver/src/stm32f4xx_dcmi.c ****   
 385:Drivers/STM32F4xx_StdPeriph_Driver/src/stm32f4xx_dcmi.c ****   if (NewState != DISABLE)
 505              		.loc 1 385 3 view .LVU129
 506              		.loc 1 385 6 is_stmt 0 view .LVU130
 507 0000 21B1     		cbz	r1, .L39
 386:Drivers/STM32F4xx_StdPeriph_Driver/src/stm32f4xx_dcmi.c ****   {
 387:Drivers/STM32F4xx_StdPeriph_Driver/src/stm32f4xx_dcmi.c ****     /* Enable the Interrupt sources */
 388:Drivers/STM32F4xx_StdPeriph_Driver/src/stm32f4xx_dcmi.c ****     DCMI->IER |= DCMI_IT;
 508              		.loc 1 388 5 is_stmt 1 view .LVU131
 509              		.loc 1 388 15 is_stmt 0 view .LVU132
 510 0002 064B     		ldr	r3, .L41
 511 0004 DA68     		ldr	r2, [r3, #12]
 512 0006 1043     		orrs	r0, r0, r2
 513              	.LVL15:
 514              		.loc 1 388 15 view .LVU133
 515 0008 D860     		str	r0, [r3, #12]
 516 000a 7047     		bx	lr
 517              	.LVL16:
 518              	.L39:
 389:Drivers/STM32F4xx_StdPeriph_Driver/src/stm32f4xx_dcmi.c ****   }
 390:Drivers/STM32F4xx_StdPeriph_Driver/src/stm32f4xx_dcmi.c ****   else
 391:Drivers/STM32F4xx_StdPeriph_Driver/src/stm32f4xx_dcmi.c ****   {
 392:Drivers/STM32F4xx_StdPeriph_Driver/src/stm32f4xx_dcmi.c ****     /* Disable the Interrupt sources */
 393:Drivers/STM32F4xx_StdPeriph_Driver/src/stm32f4xx_dcmi.c ****     DCMI->IER &= (uint16_t)(~DCMI_IT);
 519              		.loc 1 393 5 is_stmt 1 view .LVU134
 520              		.loc 1 393 15 is_stmt 0 view .LVU135
 521 000c 034A     		ldr	r2, .L41
 522 000e D368     		ldr	r3, [r2, #12]
 523              		.loc 1 393 18 view .LVU136
 524 0010 C043     		mvns	r0, r0
 525              	.LVL17:
 526              		.loc 1 393 18 view .LVU137
 527 0012 80B2     		uxth	r0, r0
 528              		.loc 1 393 15 view .LVU138
 529 0014 1840     		ands	r0, r0, r3
ARM GAS  /tmp/ccLcSMWA.s 			page 17


 530 0016 D060     		str	r0, [r2, #12]
 394:Drivers/STM32F4xx_StdPeriph_Driver/src/stm32f4xx_dcmi.c ****   }  
 395:Drivers/STM32F4xx_StdPeriph_Driver/src/stm32f4xx_dcmi.c **** }
 531              		.loc 1 395 1 view .LVU139
 532 0018 7047     		bx	lr
 533              	.L42:
 534 001a 00BF     		.align	2
 535              	.L41:
 536 001c 00000550 		.word	1342504960
 537              		.cfi_endproc
 538              	.LFE140:
 540              		.section	.text.DCMI_GetFlagStatus,"ax",%progbits
 541              		.align	1
 542              		.global	DCMI_GetFlagStatus
 543              		.syntax unified
 544              		.thumb
 545              		.thumb_func
 546              		.fpu fpv4-sp-d16
 548              	DCMI_GetFlagStatus:
 549              	.LVL18:
 550              	.LFB141:
 396:Drivers/STM32F4xx_StdPeriph_Driver/src/stm32f4xx_dcmi.c **** 
 397:Drivers/STM32F4xx_StdPeriph_Driver/src/stm32f4xx_dcmi.c **** /**
 398:Drivers/STM32F4xx_StdPeriph_Driver/src/stm32f4xx_dcmi.c ****   * @brief  Checks whether the  DCMI interface flag is set or not.
 399:Drivers/STM32F4xx_StdPeriph_Driver/src/stm32f4xx_dcmi.c ****   * @param  DCMI_FLAG: specifies the flag to check.
 400:Drivers/STM32F4xx_StdPeriph_Driver/src/stm32f4xx_dcmi.c ****   *          This parameter can be one of the following values:
 401:Drivers/STM32F4xx_StdPeriph_Driver/src/stm32f4xx_dcmi.c ****   *            @arg DCMI_FLAG_FRAMERI: Frame capture complete Raw flag mask
 402:Drivers/STM32F4xx_StdPeriph_Driver/src/stm32f4xx_dcmi.c ****   *            @arg DCMI_FLAG_OVFRI: Overflow Raw flag mask
 403:Drivers/STM32F4xx_StdPeriph_Driver/src/stm32f4xx_dcmi.c ****   *            @arg DCMI_FLAG_ERRRI: Synchronization error Raw flag mask
 404:Drivers/STM32F4xx_StdPeriph_Driver/src/stm32f4xx_dcmi.c ****   *            @arg DCMI_FLAG_VSYNCRI: VSYNC Raw flag mask
 405:Drivers/STM32F4xx_StdPeriph_Driver/src/stm32f4xx_dcmi.c ****   *            @arg DCMI_FLAG_LINERI: Line Raw flag mask
 406:Drivers/STM32F4xx_StdPeriph_Driver/src/stm32f4xx_dcmi.c ****   *            @arg DCMI_FLAG_FRAMEMI: Frame capture complete Masked flag mask
 407:Drivers/STM32F4xx_StdPeriph_Driver/src/stm32f4xx_dcmi.c ****   *            @arg DCMI_FLAG_OVFMI: Overflow Masked flag mask
 408:Drivers/STM32F4xx_StdPeriph_Driver/src/stm32f4xx_dcmi.c ****   *            @arg DCMI_FLAG_ERRMI: Synchronization error Masked flag mask
 409:Drivers/STM32F4xx_StdPeriph_Driver/src/stm32f4xx_dcmi.c ****   *            @arg DCMI_FLAG_VSYNCMI: VSYNC Masked flag mask
 410:Drivers/STM32F4xx_StdPeriph_Driver/src/stm32f4xx_dcmi.c ****   *            @arg DCMI_FLAG_LINEMI: Line Masked flag mask
 411:Drivers/STM32F4xx_StdPeriph_Driver/src/stm32f4xx_dcmi.c ****   *            @arg DCMI_FLAG_HSYNC: HSYNC flag mask
 412:Drivers/STM32F4xx_StdPeriph_Driver/src/stm32f4xx_dcmi.c ****   *            @arg DCMI_FLAG_VSYNC: VSYNC flag mask
 413:Drivers/STM32F4xx_StdPeriph_Driver/src/stm32f4xx_dcmi.c ****   *            @arg DCMI_FLAG_FNE: Fifo not empty flag mask
 414:Drivers/STM32F4xx_StdPeriph_Driver/src/stm32f4xx_dcmi.c ****   * @retval The new state of DCMI_FLAG (SET or RESET).
 415:Drivers/STM32F4xx_StdPeriph_Driver/src/stm32f4xx_dcmi.c ****   */
 416:Drivers/STM32F4xx_StdPeriph_Driver/src/stm32f4xx_dcmi.c **** FlagStatus DCMI_GetFlagStatus(uint16_t DCMI_FLAG)
 417:Drivers/STM32F4xx_StdPeriph_Driver/src/stm32f4xx_dcmi.c **** {
 551              		.loc 1 417 1 is_stmt 1 view -0
 552              		.cfi_startproc
 553              		@ args = 0, pretend = 0, frame = 0
 554              		@ frame_needed = 0, uses_anonymous_args = 0
 555              		@ link register save eliminated.
 418:Drivers/STM32F4xx_StdPeriph_Driver/src/stm32f4xx_dcmi.c ****   FlagStatus bitstatus = RESET;
 556              		.loc 1 418 3 view .LVU141
 419:Drivers/STM32F4xx_StdPeriph_Driver/src/stm32f4xx_dcmi.c ****   uint32_t dcmireg, tempreg = 0;
 557              		.loc 1 419 3 view .LVU142
 420:Drivers/STM32F4xx_StdPeriph_Driver/src/stm32f4xx_dcmi.c **** 
 421:Drivers/STM32F4xx_StdPeriph_Driver/src/stm32f4xx_dcmi.c ****   /* Check the parameters */
 422:Drivers/STM32F4xx_StdPeriph_Driver/src/stm32f4xx_dcmi.c ****   assert_param(IS_DCMI_GET_FLAG(DCMI_FLAG));
 558              		.loc 1 422 3 view .LVU143
 423:Drivers/STM32F4xx_StdPeriph_Driver/src/stm32f4xx_dcmi.c ****   
ARM GAS  /tmp/ccLcSMWA.s 			page 18


 424:Drivers/STM32F4xx_StdPeriph_Driver/src/stm32f4xx_dcmi.c ****   /* Get the DCMI register index */
 425:Drivers/STM32F4xx_StdPeriph_Driver/src/stm32f4xx_dcmi.c ****   dcmireg = (((uint16_t)DCMI_FLAG) >> 12);
 559              		.loc 1 425 3 view .LVU144
 426:Drivers/STM32F4xx_StdPeriph_Driver/src/stm32f4xx_dcmi.c ****   
 427:Drivers/STM32F4xx_StdPeriph_Driver/src/stm32f4xx_dcmi.c ****   if (dcmireg == 0x00) /* The FLAG is in RISR register */
 560              		.loc 1 427 3 view .LVU145
 561              		.loc 1 427 6 is_stmt 0 view .LVU146
 562 0000 030B     		lsrs	r3, r0, #12
 563              	.LVL19:
 564              		.loc 1 427 6 view .LVU147
 565 0002 05D1     		bne	.L44
 428:Drivers/STM32F4xx_StdPeriph_Driver/src/stm32f4xx_dcmi.c ****   {
 429:Drivers/STM32F4xx_StdPeriph_Driver/src/stm32f4xx_dcmi.c ****     tempreg= DCMI->RISR;
 566              		.loc 1 429 5 is_stmt 1 view .LVU148
 567              		.loc 1 429 12 is_stmt 0 view .LVU149
 568 0004 074B     		ldr	r3, .L50
 569              	.LVL20:
 570              		.loc 1 429 12 view .LVU150
 571 0006 9B68     		ldr	r3, [r3, #8]
 572              	.LVL21:
 573              	.L45:
 430:Drivers/STM32F4xx_StdPeriph_Driver/src/stm32f4xx_dcmi.c ****   }
 431:Drivers/STM32F4xx_StdPeriph_Driver/src/stm32f4xx_dcmi.c ****   else if (dcmireg == 0x02) /* The FLAG is in SR register */
 432:Drivers/STM32F4xx_StdPeriph_Driver/src/stm32f4xx_dcmi.c ****   {
 433:Drivers/STM32F4xx_StdPeriph_Driver/src/stm32f4xx_dcmi.c ****     tempreg = DCMI->SR;
 434:Drivers/STM32F4xx_StdPeriph_Driver/src/stm32f4xx_dcmi.c ****   }
 435:Drivers/STM32F4xx_StdPeriph_Driver/src/stm32f4xx_dcmi.c ****   else /* The FLAG is in MISR register */
 436:Drivers/STM32F4xx_StdPeriph_Driver/src/stm32f4xx_dcmi.c ****   {
 437:Drivers/STM32F4xx_StdPeriph_Driver/src/stm32f4xx_dcmi.c ****     tempreg = DCMI->MISR;
 438:Drivers/STM32F4xx_StdPeriph_Driver/src/stm32f4xx_dcmi.c ****   }
 439:Drivers/STM32F4xx_StdPeriph_Driver/src/stm32f4xx_dcmi.c ****   
 440:Drivers/STM32F4xx_StdPeriph_Driver/src/stm32f4xx_dcmi.c ****   if ((tempreg & DCMI_FLAG) != (uint16_t)RESET )
 574              		.loc 1 440 3 is_stmt 1 view .LVU151
 575              		.loc 1 440 6 is_stmt 0 view .LVU152
 576 0008 1842     		tst	r0, r3
 577 000a 09D0     		beq	.L48
 441:Drivers/STM32F4xx_StdPeriph_Driver/src/stm32f4xx_dcmi.c ****   {
 442:Drivers/STM32F4xx_StdPeriph_Driver/src/stm32f4xx_dcmi.c ****     bitstatus = SET;
 578              		.loc 1 442 15 view .LVU153
 579 000c 0120     		movs	r0, #1
 580              	.LVL22:
 581              		.loc 1 442 15 view .LVU154
 582 000e 7047     		bx	lr
 583              	.LVL23:
 584              	.L44:
 431:Drivers/STM32F4xx_StdPeriph_Driver/src/stm32f4xx_dcmi.c ****   {
 585              		.loc 1 431 8 is_stmt 1 view .LVU155
 431:Drivers/STM32F4xx_StdPeriph_Driver/src/stm32f4xx_dcmi.c ****   {
 586              		.loc 1 431 11 is_stmt 0 view .LVU156
 587 0010 022B     		cmp	r3, #2
 588 0012 02D0     		beq	.L49
 437:Drivers/STM32F4xx_StdPeriph_Driver/src/stm32f4xx_dcmi.c ****   }
 589              		.loc 1 437 5 is_stmt 1 view .LVU157
 437:Drivers/STM32F4xx_StdPeriph_Driver/src/stm32f4xx_dcmi.c ****   }
 590              		.loc 1 437 13 is_stmt 0 view .LVU158
 591 0014 034B     		ldr	r3, .L50
 592              	.LVL24:
ARM GAS  /tmp/ccLcSMWA.s 			page 19


 437:Drivers/STM32F4xx_StdPeriph_Driver/src/stm32f4xx_dcmi.c ****   }
 593              		.loc 1 437 13 view .LVU159
 594 0016 1B69     		ldr	r3, [r3, #16]
 595              	.LVL25:
 437:Drivers/STM32F4xx_StdPeriph_Driver/src/stm32f4xx_dcmi.c ****   }
 596              		.loc 1 437 13 view .LVU160
 597 0018 F6E7     		b	.L45
 598              	.LVL26:
 599              	.L49:
 433:Drivers/STM32F4xx_StdPeriph_Driver/src/stm32f4xx_dcmi.c ****   }
 600              		.loc 1 433 5 is_stmt 1 view .LVU161
 433:Drivers/STM32F4xx_StdPeriph_Driver/src/stm32f4xx_dcmi.c ****   }
 601              		.loc 1 433 13 is_stmt 0 view .LVU162
 602 001a 024B     		ldr	r3, .L50
 603              	.LVL27:
 433:Drivers/STM32F4xx_StdPeriph_Driver/src/stm32f4xx_dcmi.c ****   }
 604              		.loc 1 433 13 view .LVU163
 605 001c 5B68     		ldr	r3, [r3, #4]
 606              	.LVL28:
 433:Drivers/STM32F4xx_StdPeriph_Driver/src/stm32f4xx_dcmi.c ****   }
 607              		.loc 1 433 13 view .LVU164
 608 001e F3E7     		b	.L45
 609              	.L48:
 443:Drivers/STM32F4xx_StdPeriph_Driver/src/stm32f4xx_dcmi.c ****   }
 444:Drivers/STM32F4xx_StdPeriph_Driver/src/stm32f4xx_dcmi.c ****   else
 445:Drivers/STM32F4xx_StdPeriph_Driver/src/stm32f4xx_dcmi.c ****   {
 446:Drivers/STM32F4xx_StdPeriph_Driver/src/stm32f4xx_dcmi.c ****     bitstatus = RESET;
 610              		.loc 1 446 15 view .LVU165
 611 0020 0020     		movs	r0, #0
 612              	.LVL29:
 447:Drivers/STM32F4xx_StdPeriph_Driver/src/stm32f4xx_dcmi.c ****   }
 448:Drivers/STM32F4xx_StdPeriph_Driver/src/stm32f4xx_dcmi.c ****   /* Return the DCMI_FLAG status */
 449:Drivers/STM32F4xx_StdPeriph_Driver/src/stm32f4xx_dcmi.c ****   return  bitstatus;
 613              		.loc 1 449 3 is_stmt 1 view .LVU166
 450:Drivers/STM32F4xx_StdPeriph_Driver/src/stm32f4xx_dcmi.c **** }
 614              		.loc 1 450 1 is_stmt 0 view .LVU167
 615 0022 7047     		bx	lr
 616              	.L51:
 617              		.align	2
 618              	.L50:
 619 0024 00000550 		.word	1342504960
 620              		.cfi_endproc
 621              	.LFE141:
 623              		.section	.text.DCMI_ClearFlag,"ax",%progbits
 624              		.align	1
 625              		.global	DCMI_ClearFlag
 626              		.syntax unified
 627              		.thumb
 628              		.thumb_func
 629              		.fpu fpv4-sp-d16
 631              	DCMI_ClearFlag:
 632              	.LVL30:
 633              	.LFB142:
 451:Drivers/STM32F4xx_StdPeriph_Driver/src/stm32f4xx_dcmi.c **** 
 452:Drivers/STM32F4xx_StdPeriph_Driver/src/stm32f4xx_dcmi.c **** /**
 453:Drivers/STM32F4xx_StdPeriph_Driver/src/stm32f4xx_dcmi.c ****   * @brief  Clears the DCMI's pending flags.
 454:Drivers/STM32F4xx_StdPeriph_Driver/src/stm32f4xx_dcmi.c ****   * @param  DCMI_FLAG: specifies the flag to clear.
ARM GAS  /tmp/ccLcSMWA.s 			page 20


 455:Drivers/STM32F4xx_StdPeriph_Driver/src/stm32f4xx_dcmi.c ****   *          This parameter can be any combination of the following values:
 456:Drivers/STM32F4xx_StdPeriph_Driver/src/stm32f4xx_dcmi.c ****   *            @arg DCMI_FLAG_FRAMERI: Frame capture complete Raw flag mask
 457:Drivers/STM32F4xx_StdPeriph_Driver/src/stm32f4xx_dcmi.c ****   *            @arg DCMI_FLAG_OVFRI: Overflow Raw flag mask
 458:Drivers/STM32F4xx_StdPeriph_Driver/src/stm32f4xx_dcmi.c ****   *            @arg DCMI_FLAG_ERRRI: Synchronization error Raw flag mask
 459:Drivers/STM32F4xx_StdPeriph_Driver/src/stm32f4xx_dcmi.c ****   *            @arg DCMI_FLAG_VSYNCRI: VSYNC Raw flag mask
 460:Drivers/STM32F4xx_StdPeriph_Driver/src/stm32f4xx_dcmi.c ****   *            @arg DCMI_FLAG_LINERI: Line Raw flag mask
 461:Drivers/STM32F4xx_StdPeriph_Driver/src/stm32f4xx_dcmi.c ****   * @retval None
 462:Drivers/STM32F4xx_StdPeriph_Driver/src/stm32f4xx_dcmi.c ****   */
 463:Drivers/STM32F4xx_StdPeriph_Driver/src/stm32f4xx_dcmi.c **** void DCMI_ClearFlag(uint16_t DCMI_FLAG)
 464:Drivers/STM32F4xx_StdPeriph_Driver/src/stm32f4xx_dcmi.c **** {
 634              		.loc 1 464 1 is_stmt 1 view -0
 635              		.cfi_startproc
 636              		@ args = 0, pretend = 0, frame = 0
 637              		@ frame_needed = 0, uses_anonymous_args = 0
 638              		@ link register save eliminated.
 465:Drivers/STM32F4xx_StdPeriph_Driver/src/stm32f4xx_dcmi.c ****   /* Check the parameters */
 466:Drivers/STM32F4xx_StdPeriph_Driver/src/stm32f4xx_dcmi.c ****   assert_param(IS_DCMI_CLEAR_FLAG(DCMI_FLAG));
 639              		.loc 1 466 3 view .LVU169
 467:Drivers/STM32F4xx_StdPeriph_Driver/src/stm32f4xx_dcmi.c ****   
 468:Drivers/STM32F4xx_StdPeriph_Driver/src/stm32f4xx_dcmi.c ****   /* Clear the flag by writing in the ICR register 1 in the corresponding 
 469:Drivers/STM32F4xx_StdPeriph_Driver/src/stm32f4xx_dcmi.c ****   Flag position*/
 470:Drivers/STM32F4xx_StdPeriph_Driver/src/stm32f4xx_dcmi.c ****   
 471:Drivers/STM32F4xx_StdPeriph_Driver/src/stm32f4xx_dcmi.c ****   DCMI->ICR = DCMI_FLAG;
 640              		.loc 1 471 3 view .LVU170
 641              		.loc 1 471 13 is_stmt 0 view .LVU171
 642 0000 014B     		ldr	r3, .L53
 643 0002 5861     		str	r0, [r3, #20]
 472:Drivers/STM32F4xx_StdPeriph_Driver/src/stm32f4xx_dcmi.c **** }
 644              		.loc 1 472 1 view .LVU172
 645 0004 7047     		bx	lr
 646              	.L54:
 647 0006 00BF     		.align	2
 648              	.L53:
 649 0008 00000550 		.word	1342504960
 650              		.cfi_endproc
 651              	.LFE142:
 653              		.section	.text.DCMI_GetITStatus,"ax",%progbits
 654              		.align	1
 655              		.global	DCMI_GetITStatus
 656              		.syntax unified
 657              		.thumb
 658              		.thumb_func
 659              		.fpu fpv4-sp-d16
 661              	DCMI_GetITStatus:
 662              	.LVL31:
 663              	.LFB143:
 473:Drivers/STM32F4xx_StdPeriph_Driver/src/stm32f4xx_dcmi.c **** 
 474:Drivers/STM32F4xx_StdPeriph_Driver/src/stm32f4xx_dcmi.c **** /**
 475:Drivers/STM32F4xx_StdPeriph_Driver/src/stm32f4xx_dcmi.c ****   * @brief  Checks whether the DCMI interrupt has occurred or not.
 476:Drivers/STM32F4xx_StdPeriph_Driver/src/stm32f4xx_dcmi.c ****   * @param  DCMI_IT: specifies the DCMI interrupt source to check.
 477:Drivers/STM32F4xx_StdPeriph_Driver/src/stm32f4xx_dcmi.c ****   *          This parameter can be one of the following values:
 478:Drivers/STM32F4xx_StdPeriph_Driver/src/stm32f4xx_dcmi.c ****   *            @arg DCMI_IT_FRAME: Frame capture complete interrupt mask
 479:Drivers/STM32F4xx_StdPeriph_Driver/src/stm32f4xx_dcmi.c ****   *            @arg DCMI_IT_OVF: Overflow interrupt mask
 480:Drivers/STM32F4xx_StdPeriph_Driver/src/stm32f4xx_dcmi.c ****   *            @arg DCMI_IT_ERR: Synchronization error interrupt mask
 481:Drivers/STM32F4xx_StdPeriph_Driver/src/stm32f4xx_dcmi.c ****   *            @arg DCMI_IT_VSYNC: VSYNC interrupt mask
 482:Drivers/STM32F4xx_StdPeriph_Driver/src/stm32f4xx_dcmi.c ****   *            @arg DCMI_IT_LINE: Line interrupt mask
 483:Drivers/STM32F4xx_StdPeriph_Driver/src/stm32f4xx_dcmi.c ****   * @retval The new state of DCMI_IT (SET or RESET).
ARM GAS  /tmp/ccLcSMWA.s 			page 21


 484:Drivers/STM32F4xx_StdPeriph_Driver/src/stm32f4xx_dcmi.c ****   */
 485:Drivers/STM32F4xx_StdPeriph_Driver/src/stm32f4xx_dcmi.c **** ITStatus DCMI_GetITStatus(uint16_t DCMI_IT)
 486:Drivers/STM32F4xx_StdPeriph_Driver/src/stm32f4xx_dcmi.c **** {
 664              		.loc 1 486 1 is_stmt 1 view -0
 665              		.cfi_startproc
 666              		@ args = 0, pretend = 0, frame = 0
 667              		@ frame_needed = 0, uses_anonymous_args = 0
 668              		@ link register save eliminated.
 487:Drivers/STM32F4xx_StdPeriph_Driver/src/stm32f4xx_dcmi.c ****   ITStatus bitstatus = RESET;
 669              		.loc 1 487 3 view .LVU174
 488:Drivers/STM32F4xx_StdPeriph_Driver/src/stm32f4xx_dcmi.c ****   uint32_t itstatus = 0;
 670              		.loc 1 488 3 view .LVU175
 489:Drivers/STM32F4xx_StdPeriph_Driver/src/stm32f4xx_dcmi.c ****   
 490:Drivers/STM32F4xx_StdPeriph_Driver/src/stm32f4xx_dcmi.c ****   /* Check the parameters */
 491:Drivers/STM32F4xx_StdPeriph_Driver/src/stm32f4xx_dcmi.c ****   assert_param(IS_DCMI_GET_IT(DCMI_IT));
 671              		.loc 1 491 3 view .LVU176
 492:Drivers/STM32F4xx_StdPeriph_Driver/src/stm32f4xx_dcmi.c ****   
 493:Drivers/STM32F4xx_StdPeriph_Driver/src/stm32f4xx_dcmi.c ****   itstatus = DCMI->MISR & DCMI_IT; /* Only masked interrupts are checked */
 672              		.loc 1 493 3 view .LVU177
 673              		.loc 1 493 18 is_stmt 0 view .LVU178
 674 0000 034B     		ldr	r3, .L58
 675 0002 1B69     		ldr	r3, [r3, #16]
 676              	.LVL32:
 494:Drivers/STM32F4xx_StdPeriph_Driver/src/stm32f4xx_dcmi.c ****   
 495:Drivers/STM32F4xx_StdPeriph_Driver/src/stm32f4xx_dcmi.c ****   if ((itstatus != (uint16_t)RESET))
 677              		.loc 1 495 3 is_stmt 1 view .LVU179
 678              		.loc 1 495 6 is_stmt 0 view .LVU180
 679 0004 0342     		tst	r3, r0
 680 0006 01D0     		beq	.L57
 496:Drivers/STM32F4xx_StdPeriph_Driver/src/stm32f4xx_dcmi.c ****   {
 497:Drivers/STM32F4xx_StdPeriph_Driver/src/stm32f4xx_dcmi.c ****     bitstatus = SET;
 681              		.loc 1 497 15 view .LVU181
 682 0008 0120     		movs	r0, #1
 683              	.LVL33:
 684              		.loc 1 497 15 view .LVU182
 685 000a 7047     		bx	lr
 686              	.LVL34:
 687              	.L57:
 498:Drivers/STM32F4xx_StdPeriph_Driver/src/stm32f4xx_dcmi.c ****   }
 499:Drivers/STM32F4xx_StdPeriph_Driver/src/stm32f4xx_dcmi.c ****   else
 500:Drivers/STM32F4xx_StdPeriph_Driver/src/stm32f4xx_dcmi.c ****   {
 501:Drivers/STM32F4xx_StdPeriph_Driver/src/stm32f4xx_dcmi.c ****     bitstatus = RESET;
 688              		.loc 1 501 15 view .LVU183
 689 000c 0020     		movs	r0, #0
 690              	.LVL35:
 502:Drivers/STM32F4xx_StdPeriph_Driver/src/stm32f4xx_dcmi.c ****   }
 503:Drivers/STM32F4xx_StdPeriph_Driver/src/stm32f4xx_dcmi.c ****   return bitstatus;
 691              		.loc 1 503 3 is_stmt 1 view .LVU184
 504:Drivers/STM32F4xx_StdPeriph_Driver/src/stm32f4xx_dcmi.c **** }
 692              		.loc 1 504 1 is_stmt 0 view .LVU185
 693 000e 7047     		bx	lr
 694              	.L59:
 695              		.align	2
 696              	.L58:
 697 0010 00000550 		.word	1342504960
 698              		.cfi_endproc
 699              	.LFE143:
ARM GAS  /tmp/ccLcSMWA.s 			page 22


 701              		.section	.text.DCMI_ClearITPendingBit,"ax",%progbits
 702              		.align	1
 703              		.global	DCMI_ClearITPendingBit
 704              		.syntax unified
 705              		.thumb
 706              		.thumb_func
 707              		.fpu fpv4-sp-d16
 709              	DCMI_ClearITPendingBit:
 710              	.LVL36:
 711              	.LFB144:
 505:Drivers/STM32F4xx_StdPeriph_Driver/src/stm32f4xx_dcmi.c **** 
 506:Drivers/STM32F4xx_StdPeriph_Driver/src/stm32f4xx_dcmi.c **** /**
 507:Drivers/STM32F4xx_StdPeriph_Driver/src/stm32f4xx_dcmi.c ****   * @brief  Clears the DCMI's interrupt pending bits.
 508:Drivers/STM32F4xx_StdPeriph_Driver/src/stm32f4xx_dcmi.c ****   * @param  DCMI_IT: specifies the DCMI interrupt pending bit to clear.
 509:Drivers/STM32F4xx_StdPeriph_Driver/src/stm32f4xx_dcmi.c ****   *          This parameter can be any combination of the following values:
 510:Drivers/STM32F4xx_StdPeriph_Driver/src/stm32f4xx_dcmi.c ****   *            @arg DCMI_IT_FRAME: Frame capture complete interrupt mask
 511:Drivers/STM32F4xx_StdPeriph_Driver/src/stm32f4xx_dcmi.c ****   *            @arg DCMI_IT_OVF: Overflow interrupt mask
 512:Drivers/STM32F4xx_StdPeriph_Driver/src/stm32f4xx_dcmi.c ****   *            @arg DCMI_IT_ERR: Synchronization error interrupt mask
 513:Drivers/STM32F4xx_StdPeriph_Driver/src/stm32f4xx_dcmi.c ****   *            @arg DCMI_IT_VSYNC: VSYNC interrupt mask
 514:Drivers/STM32F4xx_StdPeriph_Driver/src/stm32f4xx_dcmi.c ****   *            @arg DCMI_IT_LINE: Line interrupt mask
 515:Drivers/STM32F4xx_StdPeriph_Driver/src/stm32f4xx_dcmi.c ****   * @retval None
 516:Drivers/STM32F4xx_StdPeriph_Driver/src/stm32f4xx_dcmi.c ****   */
 517:Drivers/STM32F4xx_StdPeriph_Driver/src/stm32f4xx_dcmi.c **** void DCMI_ClearITPendingBit(uint16_t DCMI_IT)
 518:Drivers/STM32F4xx_StdPeriph_Driver/src/stm32f4xx_dcmi.c **** {
 712              		.loc 1 518 1 is_stmt 1 view -0
 713              		.cfi_startproc
 714              		@ args = 0, pretend = 0, frame = 0
 715              		@ frame_needed = 0, uses_anonymous_args = 0
 716              		@ link register save eliminated.
 519:Drivers/STM32F4xx_StdPeriph_Driver/src/stm32f4xx_dcmi.c ****   /* Clear the interrupt pending Bit by writing in the ICR register 1 in the 
 520:Drivers/STM32F4xx_StdPeriph_Driver/src/stm32f4xx_dcmi.c ****   corresponding pending Bit position*/
 521:Drivers/STM32F4xx_StdPeriph_Driver/src/stm32f4xx_dcmi.c ****   
 522:Drivers/STM32F4xx_StdPeriph_Driver/src/stm32f4xx_dcmi.c ****   DCMI->ICR = DCMI_IT;
 717              		.loc 1 522 3 view .LVU187
 718              		.loc 1 522 13 is_stmt 0 view .LVU188
 719 0000 014B     		ldr	r3, .L61
 720 0002 5861     		str	r0, [r3, #20]
 523:Drivers/STM32F4xx_StdPeriph_Driver/src/stm32f4xx_dcmi.c **** }
 721              		.loc 1 523 1 view .LVU189
 722 0004 7047     		bx	lr
 723              	.L62:
 724 0006 00BF     		.align	2
 725              	.L61:
 726 0008 00000550 		.word	1342504960
 727              		.cfi_endproc
 728              	.LFE144:
 730              		.text
 731              	.Letext0:
 732              		.file 2 "/home/way/Programs/gcc-arm-none-eabi/arm-none-eabi/include/machine/_default_types.h"
 733              		.file 3 "/home/way/Programs/gcc-arm-none-eabi/arm-none-eabi/include/sys/_stdint.h"
 734              		.file 4 "Drivers/CMSIS/Core/Include/core_cm4.h"
 735              		.file 5 "Inc/system_stm32f4xx.h"
 736              		.file 6 "Inc/stm32f4xx.h"
 737              		.file 7 "Drivers/STM32F4xx_StdPeriph_Driver/inc/stm32f4xx_dcmi.h"
ARM GAS  /tmp/ccLcSMWA.s 			page 23


DEFINED SYMBOLS
                            *ABS*:0000000000000000 stm32f4xx_dcmi.c
     /tmp/ccLcSMWA.s:18     .text.DCMI_DeInit:0000000000000000 $t
     /tmp/ccLcSMWA.s:26     .text.DCMI_DeInit:0000000000000000 DCMI_DeInit
     /tmp/ccLcSMWA.s:63     .text.DCMI_DeInit:0000000000000018 $d
     /tmp/ccLcSMWA.s:68     .text.DCMI_Init:0000000000000000 $t
     /tmp/ccLcSMWA.s:75     .text.DCMI_Init:0000000000000000 DCMI_Init
     /tmp/ccLcSMWA.s:153    .text.DCMI_Init:0000000000000040 $d
     /tmp/ccLcSMWA.s:158    .text.DCMI_StructInit:0000000000000000 $t
     /tmp/ccLcSMWA.s:165    .text.DCMI_StructInit:0000000000000000 DCMI_StructInit
     /tmp/ccLcSMWA.s:201    .text.DCMI_CROPConfig:0000000000000000 $t
     /tmp/ccLcSMWA.s:208    .text.DCMI_CROPConfig:0000000000000000 DCMI_CROPConfig
     /tmp/ccLcSMWA.s:240    .text.DCMI_CROPConfig:0000000000000018 $d
     /tmp/ccLcSMWA.s:245    .text.DCMI_CROPCmd:0000000000000000 $t
     /tmp/ccLcSMWA.s:252    .text.DCMI_CROPCmd:0000000000000000 DCMI_CROPCmd
     /tmp/ccLcSMWA.s:283    .text.DCMI_CROPCmd:000000000000001c $d
     /tmp/ccLcSMWA.s:288    .text.DCMI_SetEmbeddedSynchroCodes:0000000000000000 $t
     /tmp/ccLcSMWA.s:295    .text.DCMI_SetEmbeddedSynchroCodes:0000000000000000 DCMI_SetEmbeddedSynchroCodes
     /tmp/ccLcSMWA.s:326    .text.DCMI_SetEmbeddedSynchroCodes:000000000000001c $d
     /tmp/ccLcSMWA.s:331    .text.DCMI_JPEGCmd:0000000000000000 $t
     /tmp/ccLcSMWA.s:338    .text.DCMI_JPEGCmd:0000000000000000 DCMI_JPEGCmd
     /tmp/ccLcSMWA.s:369    .text.DCMI_JPEGCmd:000000000000001c $d
     /tmp/ccLcSMWA.s:374    .text.DCMI_Cmd:0000000000000000 $t
     /tmp/ccLcSMWA.s:381    .text.DCMI_Cmd:0000000000000000 DCMI_Cmd
     /tmp/ccLcSMWA.s:412    .text.DCMI_Cmd:000000000000001c $d
     /tmp/ccLcSMWA.s:417    .text.DCMI_CaptureCmd:0000000000000000 $t
     /tmp/ccLcSMWA.s:424    .text.DCMI_CaptureCmd:0000000000000000 DCMI_CaptureCmd
     /tmp/ccLcSMWA.s:455    .text.DCMI_CaptureCmd:000000000000001c $d
     /tmp/ccLcSMWA.s:460    .text.DCMI_ReadData:0000000000000000 $t
     /tmp/ccLcSMWA.s:467    .text.DCMI_ReadData:0000000000000000 DCMI_ReadData
     /tmp/ccLcSMWA.s:483    .text.DCMI_ReadData:0000000000000008 $d
     /tmp/ccLcSMWA.s:488    .text.DCMI_ITConfig:0000000000000000 $t
     /tmp/ccLcSMWA.s:495    .text.DCMI_ITConfig:0000000000000000 DCMI_ITConfig
     /tmp/ccLcSMWA.s:536    .text.DCMI_ITConfig:000000000000001c $d
     /tmp/ccLcSMWA.s:541    .text.DCMI_GetFlagStatus:0000000000000000 $t
     /tmp/ccLcSMWA.s:548    .text.DCMI_GetFlagStatus:0000000000000000 DCMI_GetFlagStatus
     /tmp/ccLcSMWA.s:619    .text.DCMI_GetFlagStatus:0000000000000024 $d
     /tmp/ccLcSMWA.s:624    .text.DCMI_ClearFlag:0000000000000000 $t
     /tmp/ccLcSMWA.s:631    .text.DCMI_ClearFlag:0000000000000000 DCMI_ClearFlag
     /tmp/ccLcSMWA.s:649    .text.DCMI_ClearFlag:0000000000000008 $d
     /tmp/ccLcSMWA.s:654    .text.DCMI_GetITStatus:0000000000000000 $t
     /tmp/ccLcSMWA.s:661    .text.DCMI_GetITStatus:0000000000000000 DCMI_GetITStatus
     /tmp/ccLcSMWA.s:697    .text.DCMI_GetITStatus:0000000000000010 $d
     /tmp/ccLcSMWA.s:702    .text.DCMI_ClearITPendingBit:0000000000000000 $t
     /tmp/ccLcSMWA.s:709    .text.DCMI_ClearITPendingBit:0000000000000000 DCMI_ClearITPendingBit
     /tmp/ccLcSMWA.s:726    .text.DCMI_ClearITPendingBit:0000000000000008 $d

NO UNDEFINED SYMBOLS
